#
# A fatal error has been detected by the Java Runtime Environment:
#
#  SIGSEGV (0xb) at pc=0x00007fff91da20dd, pid=1007, tid=1811
#
# JRE version: Java(TM) SE Runtime Environment (8.0_20-b26) (build 1.8.0_20-b26)
# Java VM: Java HotSpot(TM) 64-Bit Server VM (25.20-b23 mixed mode bsd-amd64 compressed oops)
# Problematic frame:
# C  [libobjc.A.dylib+0x10dd]  objc_msgSend+0x1d
#
# Failed to write core dump. Core dumps have been disabled. To enable core dumping, try "ulimit -c unlimited" before starting Java again
#
# If you would like to submit a bug report, please visit:
#   http://bugreport.sun.com/bugreport/crash.jsp
# The crash happened outside the Java Virtual Machine in native code.
# See problematic frame for where to report the bug.
#

---------------  T H R E A D  ---------------

Current thread (0x00007fefeb043000):  JavaThread "AppKit Thread" daemon [_thread_in_native, id=1811, stack(0x00007fff57d73000,0x00007fff58573000)]

siginfo: si_signo: 11 (SIGSEGV), si_code: 1 (SEGV_MAPERR), si_addr: 0x000007fefe966110

Registers:
RAX=0x00007fefe9641da0, RBX=0x00007fff5856e9c8, RCX=0x0000000000000000, RDX=0x00007fefe95a24e0
RSP=0x00007fff5856e7e8, RBP=0x00007fff5856e7f0, RSI=0x00007fff9bb2c2b4, RDI=0x00007fefe9641da0
R8 =0x00007fff5856e7d0, R9 =0x0000000000000057, R10=0x00007fff9bb2c2b4, R11=0x000007fefe9660f8
R12=0x00007fefe960b4d0, R13=0x00000000000f4305, R14=0x00007fefe942e7e0, R15=0x00007fff5856e928
RIP=0x00007fff91da20dd, EFLAGS=0x0000000000010202, ERR=0x0000000000000004
  TRAPNO=0x000000000000000e

Top of Stack: (sp=0x00007fff5856e7e8)
0x00007fff5856e7e8:   00007fff97093cdc 00007fff5856eb50
0x00007fff5856e7f8:   00007fff96f85244 00007fff5856e87c
0x00007fff5856e808:   00007fff5856e880 00007fff5856e884
0x00007fff5856e818:   00007fff7c635c88 ffffffffffffffff
0x00007fff5856e828:   0000000000000828 00007fff7c635ca0
0x00007fff5856e838:   00007fefe942e7e0 0000000000000000
0x00007fff5856e848:   00007fff5856e920 0000000000000000
0x00007fff5856e858:   00007fefe96463c0 00007fff5856e9a0
0x00007fff5856e868:   0000000000000057 00000000000f4307
0x00007fff5856e878:   00007fefe95a24e0 00007fefe9645ee0
0x00007fff5856e888:   00007fefe960b4d0 0000000000000001
0x00007fff5856e898:   00000000000f4305 00007fefe960b4c0
0x00007fff5856e8a8:   00007fff8dadf7ba 00000001ea9f6f60
0x00007fff5856e8b8:   00007fff7c5320d0 0000000042000000
0x00007fff5856e8c8:   00007fff8dae7e13 00007fff7c6001d0
0x00007fff5856e8d8:   00007fff5856e9a8 0000000000000000
0x00007fff5856e8e8:   00007fff7d1c98c8 0000000000000000
0x00007fff5856e8f8:   0000000000000019 0002be0300000002
0x00007fff5856e908:   00007fefe960b4f4 0000000000000000
0x00007fff5856e918:   0000000000618801 00007fefe9646440
0x00007fff5856e928:   00007fefe942e7e0 0000000000000000
0x00007fff5856e938:   00007fff9bb6434c 00007fff5856e9e0
0x00007fff5856e948:   00007fff8eafb513 00007fff5856e9c4
0x00007fff5856e958:   0000000000618901 00000000ffffffff
0x00007fff5856e968:   00007fff7d1c98c8 0000000000618900
0x00007fff5856e978:   00007fff00000000 00007fff5856ea70
0x00007fff5856e988:   00007fff9aad8edc 00007fff7d1c98e8
0x00007fff5856e998:   00007fff9bb6434c 0000000000000053
0x00007fff5856e9a8:   0000000000000000 00000000000f42fc
0x00007fff5856e9b8:   0000000000000055 0000000000000000
0x00007fff5856e9c8:   00000000000f4305 00007fff5856ea44
0x00007fff5856e9d8:   0000000000619401 00000000ffffffff 

Instructions: (pc=0x00007fff91da20dd)
0x00007fff91da20bd:   00 00 00 48 85 ff 2e 74 7a 40 f6 c7 01 2e 75 7e
0x00007fff91da20cd:   49 bb f8 ff ff ff ff 7f 00 00 4c 23 1f 49 89 f2
0x00007fff91da20dd:   45 23 53 18 49 c1 e2 04 4d 03 53 10 49 3b 32 75
0x00007fff91da20ed:   04 41 ff 62 08 49 83 3a 00 74 6a 4d 3b 53 10 74 

Register to memory mapping:

RAX=0x00007fefe9641da0 is an unknown value
RBX=0x00007fff5856e9c8 is pointing into the stack for thread: 0x00007fefeb043000
RCX=0x0000000000000000 is an unknown value
RDX=0x00007fefe95a24e0 is an unknown value
RSP=0x00007fff5856e7e8 is pointing into the stack for thread: 0x00007fefeb043000
RBP=0x00007fff5856e7f0 is pointing into the stack for thread: 0x00007fefeb043000
RSI=0x00007fff9bb2c2b4: -[NSTitlebarContainerView shouldRoundCorners]+0x5ced6 in /System/Library/Frameworks/AppKit.framework/Versions/C/AppKit at 0x00007fff9b15b000
RDI=0x00007fefe9641da0 is an unknown value
R8 =0x00007fff5856e7d0 is pointing into the stack for thread: 0x00007fefeb043000
R9 =0x0000000000000057 is an unknown value
R10=0x00007fff9bb2c2b4: -[NSTitlebarContainerView shouldRoundCorners]+0x5ced6 in /System/Library/Frameworks/AppKit.framework/Versions/C/AppKit at 0x00007fff9b15b000
R11=0x000007fefe9660f8 is an unknown value
R12=0x00007fefe960b4d0 is an unknown value
R13=0x00000000000f4305 is an unknown value
R14=0x00007fefe942e7e0 is an unknown value
R15=0x00007fff5856e928 is pointing into the stack for thread: 0x00007fefeb043000


Stack: [0x00007fff57d73000,0x00007fff58573000],  sp=0x00007fff5856e7e8,  free space=8173k
Native frames: (J=compiled Java code, j=interpreted, Vv=VM code, C=native code)
C  [libobjc.A.dylib+0x10dd]  objc_msgSend+0x1d
C  [CoreFoundation+0x10244]  _CFXNotificationPost+0xc44
C  [Foundation+0x2c31]  -[NSNotificationCenter postNotificationName:object:userInfo:]+0x42
C  [AppKit+0xdd776]  -[NSSurface _disposeSurface]+0x98
C  [AppKit+0xdd1da]  -[NSSurface setWindow:]+0x42
C  [AppKit+0x3b9ef]  -[NSView _setWindow:]+0xa22
C  [AppKit+0x3cc22]  -[NSView removeFromSuperview]+0x1c5
C  [AppKit+0x9140a]  -[NSView removeFromSuperviewWithoutNeedingDisplay]+0x26
C  [liblwjgl.dylib+0xa205]  +[MacOSXKeyableWindow destroyWindow]+0xb5
C  [Foundation+0x65cdc]  __NSThreadPerformPerform+0x125
C  [CoreFoundation+0x80681]  __CFRUNLOOP_IS_CALLING_OUT_TO_A_SOURCE0_PERFORM_FUNCTION__+0x11
C  [CoreFoundation+0x7280d]  __CFRunLoopDoSources0+0x10d
C  [CoreFoundation+0x71e3f]  __CFRunLoopRun+0x39f
C  [CoreFoundation+0x71858]  CFRunLoopRunSpecific+0x128
C  [HIToolbox+0x2eaef]  RunCurrentEventLoopInMode+0xeb
C  [HIToolbox+0x2e86a]  ReceiveNextEventCommon+0x1af
C  [HIToolbox+0x2e6ab]  _BlockUntilNextEventMatchingListInModeWithFilter+0x47
C  [AppKit+0x23f81]  _DPSNextEvent+0x3c4
C  [AppKit+0x23730]  -[NSApplication nextEventMatchingMask:untilDate:inMode:dequeue:]+0xc2
C  [libosxapp.dylib+0x242a]  -[NSApplicationAWT nextEventMatchingMask:untilDate:inMode:dequeue:]+0x7c
C  [AppKit+0x17593]  -[NSApplication run]+0x252
C  [libosxapp.dylib+0x223e]  +[NSApplicationAWT runAWTLoopWithApp:]+0x9c
C  [libawt_lwawt.dylib+0x4494f]  -[AWTStarter starter:]+0x389
C  [Foundation+0x65cdc]  __NSThreadPerformPerform+0x125
C  [CoreFoundation+0x80681]  __CFRUNLOOP_IS_CALLING_OUT_TO_A_SOURCE0_PERFORM_FUNCTION__+0x11
C  [CoreFoundation+0x7280d]  __CFRunLoopDoSources0+0x10d
C  [CoreFoundation+0x71e3f]  __CFRunLoopRun+0x39f
C  [CoreFoundation+0x71858]  CFRunLoopRunSpecific+0x128
C  [java+0x56cc]  CreateExecutionEnvironment+0x367
C  [java+0x165c]  JLI_Launch+0x7a0
C  [java+0x768a]  main+0x65
C  [java+0xeb4]  start+0x34
C  0x0000000000000005


---------------  P R O C E S S  ---------------

Java Threads: ( => current thread )
  0x00007fefeb050800 JavaThread "AWT-Shutdown" [_thread_blocked, id=29191, stack(0x00000001225cf000,0x00000001226cf000)]
=>0x00007fefeb043000 JavaThread "AppKit Thread" daemon [_thread_in_native, id=1811, stack(0x00007fff57d73000,0x00007fff58573000)]
  0x00007fefea867800 JavaThread "Service Thread" daemon [_thread_blocked, id=18179, stack(0x0000000120cdd000,0x0000000120ddd000)]
  0x00007fefe9827000 JavaThread "C1 CompilerThread2" daemon [_thread_blocked, id=17667, stack(0x0000000120bda000,0x0000000120cda000)]
  0x00007fefea040800 JavaThread "C2 CompilerThread1" daemon [_thread_blocked, id=17155, stack(0x0000000120ad7000,0x0000000120bd7000)]
  0x00007fefea03b000 JavaThread "C2 CompilerThread0" daemon [_thread_blocked, id=16643, stack(0x00000001209d4000,0x0000000120ad4000)]
  0x00007fefea036800 JavaThread "Signal Dispatcher" daemon [_thread_blocked, id=13327, stack(0x00000001208d1000,0x00000001209d1000)]
  0x00007fefea803000 JavaThread "Finalizer" daemon [_thread_blocked, id=11523, stack(0x000000011ef90000,0x000000011f090000)]
  0x00007fefea802800 JavaThread "Reference Handler" daemon [_thread_blocked, id=11011, stack(0x000000011ee8d000,0x000000011ef8d000)]
  0x00007fefe9810800 JavaThread "main" [_thread_in_native, id=4867, stack(0x0000000108f1c000,0x000000010901c000)]

Other Threads:
  0x00007fefea033800 VMThread [stack: 0x000000011ed8a000,0x000000011ee8a000] [id=10499]
  0x00007fefea027800 WatcherThread [stack: 0x0000000120de0000,0x0000000120ee0000] [id=18691]

VM state:not at safepoint (normal execution)

VM Mutex/Monitor currently owned by a thread: None

Heap:
 PSYoungGen      total 38400K, used 10217K [0x0000000795580000, 0x0000000798000000, 0x00000007c0000000)
  eden space 33280K, 30% used [0x0000000795580000,0x0000000795f7a588,0x0000000797600000)
  from space 5120K, 0% used [0x0000000797b00000,0x0000000797b00000,0x0000000798000000)
  to   space 5120K, 0% used [0x0000000797600000,0x0000000797600000,0x0000000797b00000)
 ParOldGen       total 87552K, used 0K [0x0000000740000000, 0x0000000745580000, 0x0000000795580000)
  object space 87552K, 0% used [0x0000000740000000,0x0000000740000000,0x0000000745580000)
 Metaspace       used 6246K, capacity 6365K, committed 6656K, reserved 1056768K
  class space    used 629K, capacity 693K, committed 768K, reserved 1048576K

Card table byte_map: [0x00000001183de000,0x00000001187df000] byte_map_base: 0x00000001149de000

Marking Bits: (ParMarkBitMap*) 0x000000010889c330
 Begin Bits: [0x0000000118e96000, 0x000000011ae96000)
 End Bits:   [0x000000011ae96000, 0x000000011ce96000)

Polling page: 0x00000001077e4000

CodeCache: size=245760Kb used=2225Kb max_used=2236Kb free=243534Kb
 bounds [0x000000010901e000, 0x000000010928e000, 0x000000011801e000]
 total_blobs=911 nmethods=550 adapters=276
 compilation: enabled

Compilation events (10 events):
Event: 5.560 Thread 0x00007fefe9827000  546       3       java.nio.HeapByteBuffer::putInt (20 bytes)
Event: 5.560 Thread 0x00007fefe9827000 nmethod 546 0x000000010924bd90 code [0x000000010924bf20, 0x000000010924c2e8]
Event: 5.560 Thread 0x00007fefe9827000  547       3       java.nio.Bits::putInt (20 bytes)
Event: 5.560 Thread 0x00007fefe9827000 nmethod 547 0x000000010924b950 code [0x000000010924bac0, 0x000000010924bcb8]
Event: 6.141 Thread 0x00007fefe9827000  548       1       framework.Handler::getPlayers (4 bytes)
Event: 6.141 Thread 0x00007fefe9827000 nmethod 548 0x000000010924b690 code [0x000000010924b7e0, 0x000000010924b8d0]
Event: 6.141 Thread 0x00007fefe9827000  549       1       org.lwjgl.util.Rectangle::setLocation (11 bytes)
Event: 6.142 Thread 0x00007fefe9827000 nmethod 549 0x000000010924b3d0 code [0x000000010924b520, 0x000000010924b630]
Event: 6.385 Thread 0x00007fefea040800  550       4       java.nio.DirectByteBuffer::put (18 bytes)
Event: 6.385 Thread 0x00007fefea040800 nmethod 550 0x0000000109249a90 code [0x0000000109249be0, 0x0000000109249c78]

GC Heap History (0 events):
No events

Deoptimization events (0 events):
No events

Internal exceptions (10 events):
Event: 3.062 Thread 0x00007fefe9810800 Exception <a 'java/io/FileNotFoundException'> (0x0000000795e59630) thrown at [/HUDSON3/workspace/8-2-build-macosx-x86_64/jdk8u20/1074/hotspot/src/share/vm/prims/jni.cpp, line 716]
Event: 3.062 Thread 0x00007fefe9810800 Exception <a 'java/security/PrivilegedActionException'> (0x0000000795e5a018) thrown at [/HUDSON3/workspace/8-2-build-macosx-x86_64/jdk8u20/1074/hotspot/src/share/vm/prims/jvm.cpp, line 1275]
Event: 3.062 Thread 0x00007fefe9810800 Exception <a 'java/io/FileNotFoundException'> (0x0000000795e5c3c0) thrown at [/HUDSON3/workspace/8-2-build-macosx-x86_64/jdk8u20/1074/hotspot/src/share/vm/prims/jni.cpp, line 716]
Event: 3.072 Thread 0x00007fefe9810800 Exception <a 'java/io/FileNotFoundException'> (0x0000000795eb08a0) thrown at [/HUDSON3/workspace/8-2-build-macosx-x86_64/jdk8u20/1074/hotspot/src/share/vm/prims/jni.cpp, line 716]
Event: 3.080 Thread 0x00007fefe9810800 Exception <a 'java/io/FileNotFoundException'> (0x0000000795ed4d18) thrown at [/HUDSON3/workspace/8-2-build-macosx-x86_64/jdk8u20/1074/hotspot/src/share/vm/prims/jni.cpp, line 716]
Event: 3.088 Thread 0x00007fefe9810800 Exception <a 'java/io/FileNotFoundException'> (0x0000000795ef9a18) thrown at [/HUDSON3/workspace/8-2-build-macosx-x86_64/jdk8u20/1074/hotspot/src/share/vm/prims/jni.cpp, line 716]
Event: 3.095 Thread 0x00007fefe9810800 Exception <a 'java/io/FileNotFoundException'> (0x0000000795f1e6d0) thrown at [/HUDSON3/workspace/8-2-build-macosx-x86_64/jdk8u20/1074/hotspot/src/share/vm/prims/jni.cpp, line 716]
Event: 3.104 Thread 0x00007fefe9810800 Exception <a 'java/security/PrivilegedActionException'> (0x0000000795f1f630) thrown at [/HUDSON3/workspace/8-2-build-macosx-x86_64/jdk8u20/1074/hotspot/src/share/vm/prims/jvm.cpp, line 1275]
Event: 3.105 Thread 0x00007fefe9810800 Exception <a 'java/security/PrivilegedActionException'> (0x0000000795f233e0) thrown at [/HUDSON3/workspace/8-2-build-macosx-x86_64/jdk8u20/1074/hotspot/src/share/vm/prims/jvm.cpp, line 1275]
Event: 6.384 Thread 0x00007fefe9810800 Exception <a 'java/security/PrivilegedActionException'> (0x0000000795f27248) thrown at [/HUDSON3/workspace/8-2-build-macosx-x86_64/jdk8u20/1074/hotspot/src/share/vm/prims/jvm.cpp, line 1275]

Events (10 events):
Event: 3.062 loading class objects/Door
Event: 3.062 loading class objects/Door done
Event: 3.104 loading class org/lwjgl/opengl/Sync
Event: 3.104 loading class org/lwjgl/opengl/Sync done
Event: 3.105 loading class org/lwjgl/opengl/Sync$RunningAvg
Event: 3.105 loading class org/lwjgl/opengl/Sync$RunningAvg done
Event: 4.103 Executing VM operation: EnableBiasedLocking
Event: 4.103 Executing VM operation: EnableBiasedLocking done
Event: 6.384 loading class org/lwjgl/opengl/CallbackUtil
Event: 6.384 loading class org/lwjgl/opengl/CallbackUtil done


Dynamic libraries:
0x000000000c200000 	/System/Library/Frameworks/Cocoa.framework/Versions/A/Cocoa
0x000000000c200000 	/System/Library/Frameworks/Security.framework/Versions/A/Security
0x000000000c200000 	/System/Library/Frameworks/ApplicationServices.framework/Versions/A/ApplicationServices
0x000000000c200000 	/usr/lib/libz.1.dylib
0x000000000c200000 	/usr/lib/libSystem.B.dylib
0x000000000c200000 	/usr/lib/libobjc.A.dylib
0x000000000c200000 	/System/Library/Frameworks/CoreFoundation.framework/Versions/A/CoreFoundation
0x000000000c200000 	/System/Library/Frameworks/Foundation.framework/Versions/C/Foundation
0x000000000c200000 	/System/Library/Frameworks/AppKit.framework/Versions/C/AppKit
0x000000000c200000 	/System/Library/Frameworks/CoreData.framework/Versions/A/CoreData
0x000000000c200000 	/System/Library/PrivateFrameworks/RemoteViewServices.framework/Versions/A/RemoteViewServices
0x000000000c200000 	/System/Library/PrivateFrameworks/UIFoundation.framework/Versions/A/UIFoundation
0x000000000c200000 	/System/Library/Frameworks/IOSurface.framework/Versions/A/IOSurface
0x000000000c200000 	/System/Library/Frameworks/AudioToolbox.framework/Versions/A/AudioToolbox
0x000000000c200000 	/System/Library/Frameworks/AudioUnit.framework/Versions/A/AudioUnit
0x000000000c200000 	/System/Library/PrivateFrameworks/DataDetectorsCore.framework/Versions/A/DataDetectorsCore
0x000000000c200000 	/System/Library/PrivateFrameworks/DesktopServicesPriv.framework/Versions/A/DesktopServicesPriv
0x000000000c200000 	/System/Library/Frameworks/Carbon.framework/Versions/A/Frameworks/HIToolbox.framework/Versions/A/HIToolbox
0x000000000c200000 	/System/Library/Frameworks/QuartzCore.framework/Versions/A/QuartzCore
0x000000000c200000 	/System/Library/Frameworks/Carbon.framework/Versions/A/Frameworks/SpeechRecognition.framework/Versions/A/SpeechRecognition
0x000000000c200000 	/usr/lib/libauto.dylib
0x000000000c200000 	/usr/lib/libicucore.A.dylib
0x000000000c200000 	/usr/lib/libxml2.2.dylib
0x000000000c200000 	/System/Library/PrivateFrameworks/CoreUI.framework/Versions/A/CoreUI
0x000000000c200000 	/System/Library/Frameworks/CoreAudio.framework/Versions/A/CoreAudio
0x000000000c200000 	/System/Library/Frameworks/DiskArbitration.framework/Versions/A/DiskArbitration
0x000000000c200000 	/usr/lib/liblangid.dylib
0x000000000c200000 	/System/Library/PrivateFrameworks/MultitouchSupport.framework/Versions/A/MultitouchSupport
0x000000000c200000 	/System/Library/Frameworks/IOKit.framework/Versions/A/IOKit
0x000000000c200000 	/usr/lib/libDiagnosticMessagesClient.dylib
0x000000000c200000 	/System/Library/Frameworks/CoreServices.framework/Versions/A/CoreServices
0x000000000c200000 	/System/Library/PrivateFrameworks/PerformanceAnalysis.framework/Versions/A/PerformanceAnalysis
0x000000000c200000 	/System/Library/PrivateFrameworks/GenerationalStorage.framework/Versions/A/GenerationalStorage
0x000000000c200000 	/System/Library/Frameworks/OpenGL.framework/Versions/A/OpenGL
0x000000000c200000 	/System/Library/PrivateFrameworks/Sharing.framework/Versions/A/Sharing
0x000000000c200000 	/System/Library/Frameworks/CoreGraphics.framework/Versions/A/CoreGraphics
0x000000000c200000 	/System/Library/Frameworks/CoreText.framework/Versions/A/CoreText
0x000000000c200000 	/System/Library/Frameworks/ImageIO.framework/Versions/A/ImageIO
0x000000000c200000 	/usr/lib/libextension.dylib
0x000000000c200000 	/System/Library/PrivateFrameworks/Backup.framework/Versions/A/Backup
0x000000000c200000 	/usr/lib/libarchive.2.dylib
0x000000000c200000 	/System/Library/Frameworks/CFNetwork.framework/Versions/A/CFNetwork
0x000000000c200000 	/System/Library/Frameworks/SystemConfiguration.framework/Versions/A/SystemConfiguration
0x000000000c200000 	/usr/lib/libCRFSuite.dylib
0x000000000c200000 	/usr/lib/libc++.1.dylib
0x000000000c200000 	/usr/lib/libc++abi.dylib
0x000000000c200000 	/usr/lib/system/libcache.dylib
0x000000000c200000 	/usr/lib/system/libcommonCrypto.dylib
0x000000000c200000 	/usr/lib/system/libcompiler_rt.dylib
0x000000000c200000 	/usr/lib/system/libcopyfile.dylib
0x000000000c200000 	/usr/lib/system/libcorecrypto.dylib
0x000000000c200000 	/usr/lib/system/libdispatch.dylib
0x000000000c200000 	/usr/lib/system/libdyld.dylib
0x000000000c200000 	/usr/lib/system/libkeymgr.dylib
0x000000000c200000 	/usr/lib/system/liblaunch.dylib
0x000000000c200000 	/usr/lib/system/libmacho.dylib
0x000000000c200000 	/usr/lib/system/libquarantine.dylib
0x000000000c200000 	/usr/lib/system/libremovefile.dylib
0x000000000c200000 	/usr/lib/system/libsystem_asl.dylib
0x000000000c200000 	/usr/lib/system/libsystem_blocks.dylib
0x000000000c200000 	/usr/lib/system/libsystem_c.dylib
0x000000000c200000 	/usr/lib/system/libsystem_configuration.dylib
0x000000000c200000 	/usr/lib/system/libsystem_coreservices.dylib
0x000000000c200000 	/usr/lib/system/libsystem_coretls.dylib
0x000000000c200000 	/usr/lib/system/libsystem_dnssd.dylib
0x000000000c200000 	/usr/lib/system/libsystem_info.dylib
0x000000000c200000 	/usr/lib/system/libsystem_kernel.dylib
0x000000000c200000 	/usr/lib/system/libsystem_m.dylib
0x000000000c200000 	/usr/lib/system/libsystem_malloc.dylib
0x000000000c200000 	/usr/lib/system/libsystem_network.dylib
0x000000000c200000 	/usr/lib/system/libsystem_networkextension.dylib
0x000000000c200000 	/usr/lib/system/libsystem_notify.dylib
0x000000000c200000 	/usr/lib/system/libsystem_platform.dylib
0x000000000c200000 	/usr/lib/system/libsystem_pthread.dylib
0x000000000c200000 	/usr/lib/system/libsystem_sandbox.dylib
0x000000000c200000 	/usr/lib/system/libsystem_secinit.dylib
0x000000000c200000 	/usr/lib/system/libsystem_stats.dylib
0x000000000c200000 	/usr/lib/system/libsystem_trace.dylib
0x000000000c200000 	/usr/lib/system/libunc.dylib
0x000000000c200000 	/usr/lib/system/libunwind.dylib
0x000000000c200000 	/usr/lib/system/libxpc.dylib
0x000000000c200000 	/usr/lib/libbz2.1.0.dylib
0x000000000c200000 	/usr/lib/liblzma.5.dylib
0x000000000c200000 	/usr/lib/libbsm.0.dylib
0x000000000c200000 	/usr/lib/libsqlite3.dylib
0x000000000c200000 	/usr/lib/system/libkxld.dylib
0x000000000c200000 	/usr/lib/libxar.1.dylib
0x000000000c200000 	/usr/lib/libpam.2.dylib
0x000000000c200000 	/usr/lib/libOpenScriptingUtil.dylib
0x000000000c200000 	/System/Library/Frameworks/CoreServices.framework/Versions/A/Frameworks/FSEvents.framework/Versions/A/FSEvents
0x000000000c200000 	/System/Library/Frameworks/CoreServices.framework/Versions/A/Frameworks/CarbonCore.framework/Versions/A/CarbonCore
0x000000000c200000 	/System/Library/Frameworks/CoreServices.framework/Versions/A/Frameworks/Metadata.framework/Versions/A/Metadata
0x000000000c200000 	/System/Library/Frameworks/CoreServices.framework/Versions/A/Frameworks/OSServices.framework/Versions/A/OSServices
0x000000000c200000 	/System/Library/Frameworks/CoreServices.framework/Versions/A/Frameworks/SearchKit.framework/Versions/A/SearchKit
0x000000000c200000 	/System/Library/Frameworks/CoreServices.framework/Versions/A/Frameworks/AE.framework/Versions/A/AE
0x000000000c200000 	/System/Library/Frameworks/CoreServices.framework/Versions/A/Frameworks/LaunchServices.framework/Versions/A/LaunchServices
0x000000000c200000 	/System/Library/Frameworks/CoreServices.framework/Versions/A/Frameworks/DictionaryServices.framework/Versions/A/DictionaryServices
0x000000000c200000 	/System/Library/Frameworks/NetFS.framework/Versions/A/NetFS
0x000000000c200000 	/System/Library/PrivateFrameworks/NetAuth.framework/Versions/A/NetAuth
0x000000000c200000 	/System/Library/PrivateFrameworks/login.framework/Versions/A/Frameworks/loginsupport.framework/Versions/A/loginsupport
0x000000000c200000 	/System/Library/PrivateFrameworks/TCC.framework/Versions/A/TCC
0x000000000c200000 	/usr/lib/libmecabra.dylib
0x000000000c200000 	/System/Library/Frameworks/ApplicationServices.framework/Versions/A/Frameworks/ATS.framework/Versions/A/ATS
0x000000000c200000 	/System/Library/Frameworks/ApplicationServices.framework/Versions/A/Frameworks/ColorSync.framework/Versions/A/ColorSync
0x000000000c200000 	/System/Library/Frameworks/ApplicationServices.framework/Versions/A/Frameworks/HIServices.framework/Versions/A/HIServices
0x000000000c200000 	/System/Library/Frameworks/ApplicationServices.framework/Versions/A/Frameworks/LangAnalysis.framework/Versions/A/LangAnalysis
0x000000000c200000 	/System/Library/Frameworks/ApplicationServices.framework/Versions/A/Frameworks/PrintCore.framework/Versions/A/PrintCore
0x000000000c200000 	/System/Library/Frameworks/ApplicationServices.framework/Versions/A/Frameworks/QD.framework/Versions/A/QD
0x000000000c200000 	/System/Library/Frameworks/ApplicationServices.framework/Versions/A/Frameworks/SpeechSynthesis.framework/Versions/A/SpeechSynthesis
0x000000000c200000 	/System/Library/Frameworks/Accelerate.framework/Versions/A/Accelerate
0x000000000c200000 	/System/Library/Frameworks/Accelerate.framework/Versions/A/Frameworks/vImage.framework/Versions/A/vImage
0x000000000c200000 	/System/Library/Frameworks/Accelerate.framework/Versions/A/Frameworks/vecLib.framework/Versions/A/vecLib
0x000000000c200000 	/System/Library/Frameworks/Accelerate.framework/Versions/A/Frameworks/vecLib.framework/Versions/A/libvDSP.dylib
0x000000000c200000 	/System/Library/Frameworks/Accelerate.framework/Versions/A/Frameworks/vecLib.framework/Versions/A/libvMisc.dylib
0x000000000c200000 	/System/Library/Frameworks/Accelerate.framework/Versions/A/Frameworks/vecLib.framework/Versions/A/libLAPACK.dylib
0x000000000c200000 	/System/Library/Frameworks/Accelerate.framework/Versions/A/Frameworks/vecLib.framework/Versions/A/libBLAS.dylib
0x000000000c200000 	/System/Library/Frameworks/Accelerate.framework/Versions/A/Frameworks/vecLib.framework/Versions/A/libLinearAlgebra.dylib
0x000000000c200000 	/System/Library/Frameworks/ApplicationServices.framework/Versions/A/Frameworks/ATS.framework/Versions/A/Resources/libFontParser.dylib
0x000000000c200000 	/System/Library/Frameworks/ApplicationServices.framework/Versions/A/Frameworks/ATS.framework/Versions/A/Resources/libFontRegistry.dylib
0x000000000c200000 	/System/Library/PrivateFrameworks/AppleVPA.framework/Versions/A/AppleVPA
0x000000000c200000 	/System/Library/PrivateFrameworks/AppleJPEG.framework/Versions/A/AppleJPEG
0x000000000c200000 	/System/Library/Frameworks/ImageIO.framework/Versions/A/Resources/libJPEG.dylib
0x000000000c200000 	/System/Library/Frameworks/ImageIO.framework/Versions/A/Resources/libTIFF.dylib
0x000000000c200000 	/System/Library/Frameworks/ImageIO.framework/Versions/A/Resources/libPng.dylib
0x000000000c200000 	/System/Library/Frameworks/ImageIO.framework/Versions/A/Resources/libGIF.dylib
0x000000000c200000 	/System/Library/Frameworks/ImageIO.framework/Versions/A/Resources/libJP2.dylib
0x000000000c200000 	/System/Library/Frameworks/ImageIO.framework/Versions/A/Resources/libRadiance.dylib
0x000000000c200000 	/System/Library/Frameworks/CoreVideo.framework/Versions/A/CoreVideo
0x000000000c200000 	/System/Library/Frameworks/OpenGL.framework/Versions/A/Libraries/libGLU.dylib
0x000000000c200000 	/System/Library/Frameworks/OpenGL.framework/Versions/A/Libraries/libGFXShared.dylib
0x000000000c200000 	/System/Library/Frameworks/OpenGL.framework/Versions/A/Libraries/libGL.dylib
0x000000000c200000 	/System/Library/Frameworks/OpenGL.framework/Versions/A/Libraries/libGLImage.dylib
0x000000000c200000 	/System/Library/Frameworks/OpenGL.framework/Versions/A/Libraries/libCVMSPluginSupport.dylib
0x000000000c200000 	/System/Library/Frameworks/OpenGL.framework/Versions/A/Libraries/libCoreVMClient.dylib
0x000000000c200000 	/usr/lib/libcups.2.dylib
0x000000000c200000 	/System/Library/Frameworks/Kerberos.framework/Versions/A/Kerberos
0x000000000c200000 	/System/Library/Frameworks/GSS.framework/Versions/A/GSS
0x000000000c200000 	/usr/lib/libresolv.9.dylib
0x000000000c200000 	/usr/lib/libiconv.2.dylib
0x000000000c200000 	/System/Library/PrivateFrameworks/Heimdal.framework/Versions/A/Heimdal
0x000000000c200000 	/usr/lib/libheimdal-asn1.dylib
0x000000000c200000 	/System/Library/Frameworks/OpenDirectory.framework/Versions/A/OpenDirectory
0x000000000c200000 	/System/Library/PrivateFrameworks/CommonAuth.framework/Versions/A/CommonAuth
0x000000000c200000 	/System/Library/Frameworks/OpenDirectory.framework/Versions/A/Frameworks/CFOpenDirectory.framework/Versions/A/CFOpenDirectory
0x000000000c200000 	/System/Library/Frameworks/SecurityFoundation.framework/Versions/A/SecurityFoundation
0x000000000c200000 	/System/Library/PrivateFrameworks/LanguageModeling.framework/Versions/A/LanguageModeling
0x000000000c200000 	/usr/lib/libcmph.dylib
0x000000000c200000 	/System/Library/Frameworks/ServiceManagement.framework/Versions/A/ServiceManagement
0x000000000c200000 	/usr/lib/libxslt.1.dylib
0x000000000c200000 	/System/Library/Frameworks/Carbon.framework/Versions/A/Frameworks/Ink.framework/Versions/A/Ink
0x000000000c200000 	/System/Library/Frameworks/QuartzCore.framework/Versions/A/Frameworks/CoreImage.framework/Versions/A/CoreImage
0x000000000c200000 	/System/Library/PrivateFrameworks/CrashReporterSupport.framework/Versions/A/CrashReporterSupport
0x000000000c200000 	/System/Library/Frameworks/OpenCL.framework/Versions/A/OpenCL
0x000000000c200000 	/System/Library/PrivateFrameworks/FaceCore.framework/Versions/A/FaceCore
0x000000000c200000 	/System/Library/PrivateFrameworks/Ubiquity.framework/Versions/A/Ubiquity
0x000000000c200000 	/System/Library/PrivateFrameworks/IconServices.framework/Versions/A/IconServices
0x000000000c200000 	/System/Library/PrivateFrameworks/ChunkingLibrary.framework/Versions/A/ChunkingLibrary
0x000000000c200000 	/System/Library/PrivateFrameworks/Apple80211.framework/Versions/A/Apple80211
0x000000000c200000 	/System/Library/Frameworks/CoreWLAN.framework/Versions/A/CoreWLAN
0x000000000c200000 	/System/Library/Frameworks/IOBluetooth.framework/Versions/A/IOBluetooth
0x000000000c200000 	/System/Library/PrivateFrameworks/CoreWiFi.framework/Versions/A/CoreWiFi
0x000000000c200000 	/System/Library/Frameworks/CoreBluetooth.framework/Versions/A/CoreBluetooth
0x000000000c200000 	/System/Library/PrivateFrameworks/DebugSymbols.framework/Versions/A/DebugSymbols
0x000000000c200000 	/System/Library/PrivateFrameworks/CoreSymbolication.framework/Versions/A/CoreSymbolication
0x000000000c200000 	/System/Library/PrivateFrameworks/Symbolication.framework/Versions/A/Symbolication
0x000000000c200000 	/System/Library/PrivateFrameworks/SpeechRecognitionCore.framework/Versions/A/SpeechRecognitionCore
0x0000000108000000 	/Library/Java/JavaVirtualMachines/jdk1.8.0_20.jdk/Contents/Home/jre/lib/server/libjvm.dylib
0x000000000c200000 	/usr/lib/libstdc++.6.dylib
0x00000001077a2000 	/Library/Java/JavaVirtualMachines/jdk1.8.0_20.jdk/Contents/Home/jre/lib/libverify.dylib
0x00000001077b0000 	/Library/Java/JavaVirtualMachines/jdk1.8.0_20.jdk/Contents/Home/jre/lib/libjava.dylib
0x00000001077ee000 	/Library/Java/JavaVirtualMachines/jdk1.8.0_20.jdk/Contents/Home/jre/lib/libzip.dylib
0x000000011f092000 	/System/Library/Frameworks/JavaVM.framework/Frameworks/JavaRuntimeSupport.framework/JavaRuntimeSupport
0x000000011f0a8000 	/System/Library/Frameworks/JavaVM.framework/Versions/A/Frameworks/JavaNativeFoundation.framework/Versions/A/JavaNativeFoundation
0x000000011f0bc000 	/System/Library/Frameworks/JavaVM.framework/Versions/A/JavaVM
0x000000000c200000 	/System/Library/Frameworks/Carbon.framework/Versions/A/Carbon
0x000000011f0c8000 	/System/Library/PrivateFrameworks/JavaLaunching.framework/Versions/A/JavaLaunching
0x000000000c200000 	/System/Library/Frameworks/Carbon.framework/Versions/A/Frameworks/CommonPanels.framework/Versions/A/CommonPanels
0x000000000c200000 	/System/Library/Frameworks/Carbon.framework/Versions/A/Frameworks/Help.framework/Versions/A/Help
0x000000000c200000 	/System/Library/Frameworks/Carbon.framework/Versions/A/Frameworks/ImageCapture.framework/Versions/A/ImageCapture
0x000000000c200000 	/System/Library/Frameworks/Carbon.framework/Versions/A/Frameworks/OpenScripting.framework/Versions/A/OpenScripting
0x000000000c200000 	/System/Library/Frameworks/Carbon.framework/Versions/A/Frameworks/Print.framework/Versions/A/Print
0x000000000c200000 	/System/Library/Frameworks/Carbon.framework/Versions/A/Frameworks/SecurityHI.framework/Versions/A/SecurityHI
0x0000000120ef5000 	/Library/Java/JavaVirtualMachines/jdk1.8.0_20.jdk/Contents/Home/jre/lib/libawt.dylib
0x0000000120fa4000 	/Library/Java/JavaVirtualMachines/jdk1.8.0_20.jdk/Contents/Home/jre/lib/./libmlib_image.dylib
0x0000000121070000 	/Library/Java/JavaVirtualMachines/jdk1.8.0_20.jdk/Contents/Home/jre/lib/libawt_lwawt.dylib
0x0000000121123000 	/Library/Java/JavaVirtualMachines/jdk1.8.0_20.jdk/Contents/Home/jre/lib/./libosxapp.dylib
0x000000000c200000 	/System/Library/Frameworks/ExceptionHandling.framework/Versions/A/ExceptionHandling
0x000000000c200000 	/System/Library/PrivateFrameworks/CoreServicesInternal.framework/Versions/A/CoreServicesInternal
0x000000000c200000 	/System/Library/PrivateFrameworks/CloudDocs.framework/Versions/A/CloudDocs
0x000000000c200000 	/System/Library/PrivateFrameworks/CoreDuet.framework/Versions/A/CoreDuet
0x000000000c200000 	/System/Library/Frameworks/CloudKit.framework/Versions/A/CloudKit
0x000000000c200000 	/System/Library/PrivateFrameworks/ProtocolBuffer.framework/Versions/A/ProtocolBuffer
0x000000000c200000 	/System/Library/PrivateFrameworks/CoreDuetDaemonProtocol.framework/Versions/A/CoreDuetDaemonProtocol
0x000000000c200000 	/System/Library/PrivateFrameworks/CoreDuetDebugLogging.framework/Versions/A/CoreDuetDebugLogging
0x000000000c200000 	/System/Library/Frameworks/CoreLocation.framework/Versions/A/CoreLocation
0x000000000c200000 	/System/Library/Frameworks/Accounts.framework/Versions/A/Accounts
0x000000000c200000 	/System/Library/PrivateFrameworks/ApplePushService.framework/Versions/A/ApplePushService
0x000000000c200000 	/System/Library/PrivateFrameworks/GeoServices.framework/Versions/A/GeoServices
0x000000000c200000 	/System/Library/PrivateFrameworks/OAuth.framework/Versions/A/OAuth
0x000000000c200000 	/System/Library/PrivateFrameworks/CoreDaemon.framework/Versions/B/CoreDaemon
0x000000000c200000 	/usr/lib/libcrypto.0.9.8.dylib
0x000000000c200000 	/System/Library/PrivateFrameworks/AppleSRP.framework/Versions/A/AppleSRP
0x000000000c200000 	/System/Library/PrivateFrameworks/TrustEvaluationAgent.framework/Versions/A/TrustEvaluationAgent
0x000000000c200000 	/System/Library/Frameworks/CoreGraphics.framework/Versions/A/Resources/libCGCMS.A.dylib
0x000000000c200000 	/System/Library/Frameworks/CoreGraphics.framework/Versions/A/Resources/libRIP.A.dylib
0x000000000c200000 	/System/Library/Frameworks/CoreGraphics.framework/Versions/A/Resources/libCGXType.A.dylib
0x000000000c200000 	/System/Library/Frameworks/OpenCL.framework/Versions/A/Libraries/libcldcpuengine.dylib
0x000000000c200000 	/System/Library/PrivateFrameworks/DiskImages.framework/Versions/A/DiskImages
0x000000000c200000 	/System/Library/Frameworks/DiscRecording.framework/Versions/A/DiscRecording
0x000000000c200000 	/usr/lib/libcsfde.dylib
0x000000000c200000 	/usr/lib/libcurl.4.dylib
0x000000000c200000 	/System/Library/PrivateFrameworks/MediaKit.framework/Versions/A/MediaKit
0x000000000c200000 	/System/Library/PrivateFrameworks/ProtectedCloudStorage.framework/Versions/A/ProtectedCloudStorage
0x000000000c200000 	/usr/lib/libCoreStorage.dylib
0x000000000c200000 	/System/Library/PrivateFrameworks/EFILogin.framework/Versions/A/EFILogin
0x000000000c200000 	/usr/lib/libutil.dylib
0x000000000c200000 	/System/Library/PrivateFrameworks/FindMyDevice.framework/Versions/A/FindMyDevice
0x000000000c200000 	/System/Library/Frameworks/LDAP.framework/Versions/A/LDAP
0x000000000c200000 	/usr/lib/libsasl2.2.dylib
0x0000000123d81000 	cl_kernels
0x0000000123d83000 	/System/Library/Frameworks/OpenCL.framework/Versions/A/Libraries/ImageFormats/unorm8_bgra.dylib
0x0000000123d72000 	cl_kernels
0x000000000c200000 	/System/Library/PrivateFrameworks/FamilyControls.framework/Versions/A/FamilyControls
0x000000000c200000 	/System/Library/PrivateFrameworks/CommerceKit.framework/Versions/A/Frameworks/CommerceCore.framework/Versions/A/CommerceCore
0x000000000c200000 	/System/Library/PrivateFrameworks/SystemAdministration.framework/Versions/A/SystemAdministration
0x000000000c200000 	/System/Library/PrivateFrameworks/AppContainer.framework/Versions/A/AppContainer
0x000000000c200000 	/System/Library/PrivateFrameworks/SecCodeWrapper.framework/Versions/A/SecCodeWrapper
0x000000000c200000 	/System/Library/Frameworks/DirectoryService.framework/Versions/A/DirectoryService
0x000000000c200000 	/System/Library/PrivateFrameworks/LoginUIKit.framework/Versions/A/Frameworks/LoginUICore.framework/Versions/A/LoginUICore
0x000000000c200000 	/usr/lib/libodfde.dylib
0x000000012551e000 	/Library/Java/JavaVirtualMachines/jdk1.8.0_20.jdk/Contents/Home/jre/lib/libfontmanager.dylib
0x0000000125584000 	/Users/student/Documents/Workspace_AP/ChronoMaymay/natives/macosx/liblwjgl.dylib
0x00000001232b4000 	/Library/Java/JavaVirtualMachines/jdk1.8.0_20.jdk/Contents/Home/jre/lib/libjawt.dylib
0x000000000c200000 	/System/Library/Frameworks/OpenGL.framework/Versions/A/Resources/GLEngine.bundle/GLEngine
0x000000000c200000 	/System/Library/Frameworks/OpenGL.framework/Versions/A/Libraries/libGLProgrammability.dylib
0x0000000000000000 	/System/Library/Extensions/GeForceGLDriver.bundle/Contents/MacOS/GeForceGLDriver
0x000000000c200000 	/System/Library/Extensions/GeForceGLDriver.bundle/Contents/MacOS/libclh.dylib
0x000000000c200000 	/System/Library/PrivateFrameworks/IOAccelerator.framework/Versions/A/IOAccelerator
0x000000000c200000 	/System/Library/PrivateFrameworks/GPUSupport.framework/Versions/A/Libraries/libGPUSupportMercury.dylib
0x000000000c200000 	/System/Library/Frameworks/OpenGL.framework/Versions/A/Resources/GLRendererFloat.bundle/GLRendererFloat

VM Arguments:
jvm_args: -Dfile.encoding=UTF-8 
java_command: framework.Game
java_class_path (initial): /Users/student/Documents/Workspace_AP/ChronoMaymay/bin:/Users/student/Documents/Workspace_AP/ChronoMaymay/jars/lwjgl_util.jar:/Users/student/Documents/Workspace_AP/ChronoMaymay/jars/lwjgl.jar:/Users/student/Documents/Workspace_AP/ChronoMaymay/jars/slick.jar
Launcher Type: SUN_STANDARD

Environment Variables:
PATH=/usr/bin:/bin:/usr/sbin:/sbin
SHELL=/bin/bash

Signal Handlers:
SIGSEGV: [libjvm.dylib+0x578fd7], sa_mask[0]=11111111011111110111111111111111, sa_flags=SA_ONSTACK|SA_RESTART|SA_SIGINFO
SIGBUS: [libjvm.dylib+0x578fd7], sa_mask[0]=11111111011111110111111111111111, sa_flags=SA_RESTART|SA_SIGINFO
SIGFPE: [libjvm.dylib+0x45ab0c], sa_mask[0]=11111111011111110111111111111111, sa_flags=SA_RESTART|SA_SIGINFO
SIGPIPE: [libjvm.dylib+0x45ab0c], sa_mask[0]=11111111011111110111111111111111, sa_flags=SA_RESTART|SA_SIGINFO
SIGXFSZ: [libjvm.dylib+0x45ab0c], sa_mask[0]=11111111011111110111111111111111, sa_flags=SA_RESTART|SA_SIGINFO
SIGILL: [libjvm.dylib+0x45ab0c], sa_mask[0]=11111111011111110111111111111111, sa_flags=SA_RESTART|SA_SIGINFO
SIGUSR1: SIG_DFL, sa_mask[0]=00000000000000000000000000000000, sa_flags=none
SIGUSR2: [libjvm.dylib+0x45a62a], sa_mask[0]=00100000000000000000000000000000, sa_flags=SA_RESTART|SA_SIGINFO
SIGHUP: [libjvm.dylib+0x458bfd], sa_mask[0]=11111111011111110111111111111111, sa_flags=SA_RESTART|SA_SIGINFO
SIGINT: [libjvm.dylib+0x458bfd], sa_mask[0]=11111111011111110111111111111111, sa_flags=SA_RESTART|SA_SIGINFO
SIGTERM: [libjvm.dylib+0x458bfd], sa_mask[0]=11111111011111110111111111111111, sa_flags=SA_RESTART|SA_SIGINFO
SIGQUIT: [libjvm.dylib+0x458bfd], sa_mask[0]=11111111011111110111111111111111, sa_flags=SA_RESTART|SA_SIGINFO


---------------  S Y S T E M  ---------------

OS:Bsduname:Darwin 14.1.0 Darwin Kernel Version 14.1.0: Mon Dec 22 23:10:38 PST 2014; root:xnu-2782.10.72~2/RELEASE_X86_64 x86_64
rlimit: STACK 8192k, CORE 0k, NPROC 709, NOFILE 10240, AS infinity
load average:1.80 1.58 1.45

CPU:total 4 (4 cores per cpu, 1 threads per core) family 6 model 58 stepping 9, cmov, cx8, fxsr, mmx, sse, sse2, sse3, ssse3, sse4.1, sse4.2, popcnt, avx, aes, clmul, erms, tsc, tscinvbit, tscinv

Memory: 4k page, physical 8388608k(3866424k free)

/proc/meminfo:


vm_info: Java HotSpot(TM) 64-Bit Server VM (25.20-b23) for bsd-amd64 JRE (1.8.0_20-b26), built on Jul 30 2014 13:37:47 by "java_re" with gcc 4.2.1 (Based on Apple Inc. build 5658) (LLVM build 2336.9.00)

time: Tue Apr 21 15:19:46 2015
elapsed time: 6 seconds (0d 0h 0m 6s)

