#
# A fatal error has been detected by the Java Runtime Environment:
#
#  SIGSEGV (0xb) at pc=0x00007fff91da20e9, pid=836, tid=1811
#
# JRE version: Java(TM) SE Runtime Environment (8.0_20-b26) (build 1.8.0_20-b26)
# Java VM: Java HotSpot(TM) 64-Bit Server VM (25.20-b23 mixed mode bsd-amd64 compressed oops)
# Problematic frame:
# C  [libobjc.A.dylib+0x10e9]  objc_msgSend+0x29
#
# Failed to write core dump. Core dumps have been disabled. To enable core dumping, try "ulimit -c unlimited" before starting Java again
#
# If you would like to submit a bug report, please visit:
#   http://bugreport.sun.com/bugreport/crash.jsp
# The crash happened outside the Java Virtual Machine in native code.
# See problematic frame for where to report the bug.
#

---------------  T H R E A D  ---------------

Current thread (0x00007fa1c38f8800):  JavaThread "AppKit Thread" daemon [_thread_in_native, id=1811, stack(0x00007fff52cde000,0x00007fff534de000)]

siginfo: si_signo: 11 (SIGSEGV), si_code: 1 (SEGV_MAPERR), si_addr: 0x0000000000000000

Registers:
RAX=0x0000000000000000, RBX=0x00007fa1c262f430, RCX=0x0000000000000000, RDX=0x00007fa1c262f430
RSP=0x00007fff534d7d18, RBP=0x00007fff534d7d40, RSI=0x00007fff9bb2c212, RDI=0x00007fa1c2553b60
R8 =0x0000000000000001, R9 =0x0000000000000001, R10=0x0000000000000000, R11=0x00007fa1c3801000
R12=0x0000000000000094, R13=0x00007fa1c260bc90, R14=0x00007fa1c2553b60, R15=0x00007fff534d8230
RIP=0x00007fff91da20e9, EFLAGS=0x0000000000010246, ERR=0x0000000000000004
  TRAPNO=0x000000000000000e

Top of Stack: (sp=0x00007fff534d7d18)
0x00007fff534d7d18:   000000012a000598 00007fa1c262f430
0x00007fff534d7d28:   000000012a034c60 00007fa1c260bc90
0x00007fff534d7d38:   00007fa1c262f430 00007fff534d8220
0x00007fff534d7d48:   00007fff9b2a93c5 0000000000000000
0x00007fff534d7d58:   0000000000000000 4094000000000000
0x00007fff534d7d68:   4086800000000000 0000000000000000
0x00007fff534d7d78:   0000000000000000 4094000000000000
0x00007fff534d7d88:   4086800000000000 4094000000000000
0x00007fff534d7d98:   4087300000000000 401c000000000000
0x00007fff534d7da8:   4086980000000000 402c000000000000
0x00007fff534d7db8:   4030000000000000 401c000000000000
0x00007fff534d7dc8:   0000000000000000 0000000000000000
0x00007fff534d7dd8:   4030000000000000 00007fff9baf012a
0x00007fff534d7de8:   4008000000000000 00007fa1c2631120
0x00007fff534d7df8:   0000000100000000 0000000000000000
0x00007fff534d7e08:   00007fa1c2617200 00007fff534d7f60
0x00007fff534d7e18:   00007fff9b36f2b6 00007fff534d7f60
0x00007fff534d7e28:   00007fff9b36fda2 402c000000000000
0x00007fff534d7e38:   4030000000000000 401c000000000000
0x00007fff534d7e48:   4086980000000000 402c000000000000
0x00007fff534d7e58:   4030000000000000 0000000000000000
0x00007fff534d7e68:   0000000000000000 4094000000000000
0x00007fff534d7e78:   4087300000000000 401c000000000000
0x00007fff534d7e88:   4086980000000000 000000010c740e00
0x00007fff534d7e98:   00007fa1c273b870 00000000000000b0
0x00007fff534d7ea8:   0000000000000002 00000000000003b8
0x00007fff534d7eb8:   000000010c73c000 00007fff534d7f60
0x00007fff534d7ec8:   00007fff9aadc4ff 00000000000003b8
0x00007fff534d7ed8:   000000010c73c000 00007fff534d7f80
0x00007fff534d7ee8:   00000000000003b9 00007fff534d7fef
0x00007fff534d7ef8:   0000000000000080 00007fa1c27fc080
0x00007fff534d7f08:   00007fa1c273b760 000000000000002a 

Instructions: (pc=0x00007fff91da20e9)
0x00007fff91da20c9:   01 2e 75 7e 49 bb f8 ff ff ff ff 7f 00 00 4c 23
0x00007fff91da20d9:   1f 49 89 f2 45 23 53 18 49 c1 e2 04 4d 03 53 10
0x00007fff91da20e9:   49 3b 32 75 04 41 ff 62 08 49 83 3a 00 74 6a 4d
0x00007fff91da20f9:   3b 53 10 74 0d 49 83 ea 10 49 3b 32 75 eb 41 ff 

Register to memory mapping:

RAX=0x0000000000000000 is an unknown value
RBX=0x00007fa1c262f430 is an unknown value
RCX=0x0000000000000000 is an unknown value
RDX=0x00007fa1c262f430 is an unknown value
RSP=0x00007fff534d7d18 is pointing into the stack for thread: 0x00007fa1c38f8800
RBP=0x00007fff534d7d40 is pointing into the stack for thread: 0x00007fa1c38f8800
RSI=0x00007fff9bb2c212: -[NSTitlebarContainerView shouldRoundCorners]+0x5ce34 in /System/Library/Frameworks/AppKit.framework/Versions/C/AppKit at 0x00007fff9b15b000
RDI=0x00007fa1c2553b60 is an unknown value
R8 =0x0000000000000001 is an unknown value
R9 =0x0000000000000001 is an unknown value
R10=0x0000000000000000 is an unknown value
R11=0x00007fa1c3801000 is a thread
R12=0x0000000000000094 is an unknown value
R13=0x00007fa1c260bc90 is an unknown value
R14=0x00007fa1c2553b60 is an unknown value
R15=0x00007fff534d8230 is pointing into the stack for thread: 0x00007fa1c38f8800


Stack: [0x00007fff52cde000,0x00007fff534de000],  sp=0x00007fff534d7d18,  free space=8167k
Native frames: (J=compiled Java code, j=interpreted, Vv=VM code, C=native code)
C  [libobjc.A.dylib+0x10e9]  objc_msgSend+0x29
C  [AppKit+0x14e3c5]  -[NSView _recursiveDisplayRectIfNeededIgnoringOpacity:isVisibleRect:rectIsVisibleRectForView:topView:]+0x740
C  [AppKit+0x14f420]  -[NSView _recursiveDisplayRectIfNeededIgnoringOpacity:isVisibleRect:rectIsVisibleRectForView:topView:]+0x179b
C  [AppKit+0x14d773]  -[NSThemeFrame _recursiveDisplayRectIfNeededIgnoringOpacity:isVisibleRect:rectIsVisibleRectForView:topView:]+0x14d
C  [AppKit+0x14a2cb]  -[NSView _displayRectIgnoringOpacity:isVisibleRect:rectIsVisibleRectForView:]+0xac9
C  [AppKit+0x128e2d]  -[NSView displayIfNeeded]+0x754
C  [AppKit+0x1461c5]  -[NSWindow displayIfNeeded]+0xe8
C  [AppKit+0x183322]  _handleWindowNeedsDisplayOrLayoutOrUpdateConstraints+0x3a8
C  [Foundation+0x66db3]  __NSFireTimer+0x5f
C  [CoreFoundation+0xb5b64]  __CFRUNLOOP_IS_CALLING_OUT_TO_A_TIMER_CALLBACK_FUNCTION__+0x14
C  [CoreFoundation+0xb57f3]  __CFRunLoopDoTimer+0x423
C  [CoreFoundation+0x128dbd]  __CFRunLoopDoTimers+0x12d
C  [CoreFoundation+0x72288]  __CFRunLoopRun+0x7e8
C  [CoreFoundation+0x71858]  CFRunLoopRunSpecific+0x128
C  [HIToolbox+0x2eaef]  RunCurrentEventLoopInMode+0xeb
C  [HIToolbox+0x2e86a]  ReceiveNextEventCommon+0x1af
C  [HIToolbox+0x2e6ab]  _BlockUntilNextEventMatchingListInModeWithFilter+0x47
C  [AppKit+0x23f81]  _DPSNextEvent+0x3c4
C  [AppKit+0x23730]  -[NSApplication nextEventMatchingMask:untilDate:inMode:dequeue:]+0xc2
C  [libosxapp.dylib+0x242a]  -[NSApplicationAWT nextEventMatchingMask:untilDate:inMode:dequeue:]+0x7c
C  [AppKit+0x17593]  -[NSApplication run]+0x252
C  [libosxapp.dylib+0x223e]  +[NSApplicationAWT runAWTLoopWithApp:]+0x9c
C  [libawt_lwawt.dylib+0x4494f]  -[AWTStarter starter:]+0x389
C  [Foundation+0x65cdc]  __NSThreadPerformPerform+0x125
C  [CoreFoundation+0x80681]  __CFRUNLOOP_IS_CALLING_OUT_TO_A_SOURCE0_PERFORM_FUNCTION__+0x11
C  [CoreFoundation+0x7280d]  __CFRunLoopDoSources0+0x10d
C  [CoreFoundation+0x71e3f]  __CFRunLoopRun+0x39f
C  [CoreFoundation+0x71858]  CFRunLoopRunSpecific+0x128
C  [java+0x56cc]  CreateExecutionEnvironment+0x367
C  [java+0x165c]  JLI_Launch+0x7a0
C  [java+0x768a]  main+0x65
C  [java+0xeb4]  start+0x34
C  0x0000000000000005


---------------  P R O C E S S  ---------------

Java Threads: ( => current thread )
  0x00007fa1c395a800 JavaThread "AWT-Shutdown" [_thread_blocked, id=29199, stack(0x00000001275e1000,0x00000001276e1000)]
=>0x00007fa1c38f8800 JavaThread "AppKit Thread" daemon [_thread_in_native, id=1811, stack(0x00007fff52cde000,0x00007fff534de000)]
  0x00007fa1c3866000 JavaThread "Service Thread" daemon [_thread_blocked, id=18179, stack(0x0000000125d72000,0x0000000125e72000)]
  0x00007fa1c3838000 JavaThread "C1 CompilerThread2" daemon [_thread_blocked, id=17667, stack(0x0000000125c6f000,0x0000000125d6f000)]
  0x00007fa1c3002800 JavaThread "C2 CompilerThread1" daemon [_thread_blocked, id=17155, stack(0x0000000125b6c000,0x0000000125c6c000)]
  0x00007fa1c3839000 JavaThread "C2 CompilerThread0" daemon [_thread_blocked, id=16643, stack(0x0000000125a69000,0x0000000125b69000)]
  0x00007fa1c3837000 JavaThread "Signal Dispatcher" daemon [_thread_blocked, id=13331, stack(0x0000000125966000,0x0000000125a66000)]
  0x00007fa1c380a800 JavaThread "Finalizer" daemon [_thread_blocked, id=11523, stack(0x0000000124025000,0x0000000124125000)]
  0x00007fa1c281b000 JavaThread "Reference Handler" daemon [_thread_blocked, id=11011, stack(0x0000000123f22000,0x0000000124022000)]
  0x00007fa1c3801000 JavaThread "main" [_thread_in_native, id=4867, stack(0x000000010e001000,0x000000010e101000)]

Other Threads:
  0x00007fa1c2816800 VMThread [stack: 0x0000000123e1f000,0x0000000123f1f000] [id=10499]
  0x00007fa1c3867000 WatcherThread [stack: 0x0000000125e75000,0x0000000125f75000] [id=18691]

VM state:not at safepoint (normal execution)

VM Mutex/Monitor currently owned by a thread: None

Heap:
 PSYoungGen      total 38400K, used 10882K [0x0000000795580000, 0x0000000798000000, 0x00000007c0000000)
  eden space 33280K, 32% used [0x0000000795580000,0x0000000796020b68,0x0000000797600000)
  from space 5120K, 0% used [0x0000000797b00000,0x0000000797b00000,0x0000000798000000)
  to   space 5120K, 0% used [0x0000000797600000,0x0000000797600000,0x0000000797b00000)
 ParOldGen       total 87552K, used 0K [0x0000000740000000, 0x0000000745580000, 0x0000000795580000)
  object space 87552K, 0% used [0x0000000740000000,0x0000000740000000,0x0000000745580000)
 Metaspace       used 6281K, capacity 6429K, committed 6656K, reserved 1056768K
  class space    used 634K, capacity 693K, committed 768K, reserved 1048576K

Card table byte_map: [0x000000011d4c3000,0x000000011d8c4000] byte_map_base: 0x0000000119ac3000

Marking Bits: (ParMarkBitMap*) 0x000000010d0bc330
 Begin Bits: [0x000000011df7b000, 0x000000011ff7b000)
 End Bits:   [0x000000011ff7b000, 0x0000000121f7b000)

Polling page: 0x000000010d794000

CodeCache: size=245760Kb used=2194Kb max_used=2205Kb free=243565Kb
 bounds [0x000000010e103000, 0x000000010e373000, 0x000000011d103000]
 total_blobs=900 nmethods=539 adapters=276
 compilation: enabled

Compilation events (10 events):
Event: 2.918 Thread 0x00007fa1c3838000  534       1       org.lwjgl.util.Rectangle::setLocation (11 bytes)
Event: 2.918 Thread 0x00007fa1c3838000 nmethod 534 0x000000010e3275d0 code [0x000000010e327720, 0x000000010e327830]
Event: 2.921 Thread 0x00007fa1c3838000  535       3       java.nio.HeapByteBuffer::_put (8 bytes)
Event: 2.921 Thread 0x00007fa1c3838000 nmethod 535 0x000000010e327890 code [0x000000010e327a00, 0x000000010e327b70]
Event: 3.238 Thread 0x00007fa1c3002800  536       4       java.lang.Math::min (11 bytes)
Event: 3.239 Thread 0x00007fa1c3002800 nmethod 536 0x000000010e2b5950 code [0x000000010e2b5a80, 0x000000010e2b5ab8]
Event: 3.338 Thread 0x00007fa1c3838000  537       1       java.nio.HeapByteBuffer::ix (7 bytes)
Event: 3.338 Thread 0x00007fa1c3838000 nmethod 537 0x000000010e32a5d0 code [0x000000010e32a720, 0x000000010e32a830]
Event: 3.674 Thread 0x00007fa1c3838000  538       3       sun.awt.AWTAutoShutdown::isReadyToShutdown (37 bytes)
Event: 3.674 Thread 0x00007fa1c3838000 nmethod 538 0x000000010e329f90 code [0x000000010e32a120, 0x000000010e32a4d8]

GC Heap History (0 events):
No events

Deoptimization events (0 events):
No events

Internal exceptions (10 events):
Event: 0.522 Thread 0x00007fa1c3801000 Exception <a 'java/io/FileNotFoundException'> (0x0000000795e592b8) thrown at [/HUDSON3/workspace/8-2-build-macosx-x86_64/jdk8u20/1074/hotspot/src/share/vm/prims/jni.cpp, line 716]
Event: 0.522 Thread 0x00007fa1c3801000 Exception <a 'java/security/PrivilegedActionException'> (0x0000000795e59ca0) thrown at [/HUDSON3/workspace/8-2-build-macosx-x86_64/jdk8u20/1074/hotspot/src/share/vm/prims/jvm.cpp, line 1275]
Event: 0.522 Thread 0x00007fa1c3801000 Exception <a 'java/io/FileNotFoundException'> (0x0000000795e5c048) thrown at [/HUDSON3/workspace/8-2-build-macosx-x86_64/jdk8u20/1074/hotspot/src/share/vm/prims/jni.cpp, line 716]
Event: 0.531 Thread 0x00007fa1c3801000 Exception <a 'java/io/FileNotFoundException'> (0x0000000795eb0528) thrown at [/HUDSON3/workspace/8-2-build-macosx-x86_64/jdk8u20/1074/hotspot/src/share/vm/prims/jni.cpp, line 716]
Event: 0.540 Thread 0x00007fa1c3801000 Exception <a 'java/io/FileNotFoundException'> (0x0000000795ed4c08) thrown at [/HUDSON3/workspace/8-2-build-macosx-x86_64/jdk8u20/1074/hotspot/src/share/vm/prims/jni.cpp, line 716]
Event: 0.547 Thread 0x00007fa1c3801000 Exception <a 'java/io/FileNotFoundException'> (0x0000000795ef9968) thrown at [/HUDSON3/workspace/8-2-build-macosx-x86_64/jdk8u20/1074/hotspot/src/share/vm/prims/jni.cpp, line 716]
Event: 0.555 Thread 0x00007fa1c3801000 Exception <a 'java/io/FileNotFoundException'> (0x0000000795f1e620) thrown at [/HUDSON3/workspace/8-2-build-macosx-x86_64/jdk8u20/1074/hotspot/src/share/vm/prims/jni.cpp, line 716]
Event: 0.566 Thread 0x00007fa1c3801000 Exception <a 'java/security/PrivilegedActionException'> (0x0000000795f1f580) thrown at [/HUDSON3/workspace/8-2-build-macosx-x86_64/jdk8u20/1074/hotspot/src/share/vm/prims/jvm.cpp, line 1275]
Event: 0.566 Thread 0x00007fa1c3801000 Exception <a 'java/security/PrivilegedActionException'> (0x0000000795f23330) thrown at [/HUDSON3/workspace/8-2-build-macosx-x86_64/jdk8u20/1074/hotspot/src/share/vm/prims/jvm.cpp, line 1275]
Event: 3.962 Thread 0x00007fa1c3801000 Exception <a 'java/security/PrivilegedActionException'> (0x0000000795f26e18) thrown at [/HUDSON3/workspace/8-2-build-macosx-x86_64/jdk8u20/1074/hotspot/src/share/vm/prims/jvm.cpp, line 1275]

Events (10 events):
Event: 2.108 loading class java/util/IdentityHashMap$IdentityHashMapIterator done
Event: 2.108 loading class java/util/IdentityHashMap$ValueIterator done
Event: 2.108 loading class java/util/HashMap$KeySet
Event: 2.108 loading class java/util/HashMap$KeySet done
Event: 2.108 loading class java/util/HashMap$KeyIterator
Event: 2.108 loading class java/util/HashMap$KeyIterator done
Event: 2.108 Thread 0x00007fa1c395a800 Thread exited: 0x00007fa1c395a800
Event: 2.783 Thread 0x00007fa1c395a800 Thread added: 0x00007fa1c395a800
Event: 3.962 loading class org/lwjgl/opengl/CallbackUtil
Event: 3.962 loading class org/lwjgl/opengl/CallbackUtil done


Dynamic libraries:
0x000000000c200000 	/System/Library/Frameworks/Cocoa.framework/Versions/A/Cocoa
0x000000000c200000 	/System/Library/Frameworks/Security.framework/Versions/A/Security
0x000000000c200000 	/System/Library/Frameworks/ApplicationServices.framework/Versions/A/ApplicationServices
0x000000000c200000 	/usr/lib/libz.1.dylib
0x000000000c200000 	/usr/lib/libSystem.B.dylib
0x000000000c200000 	/usr/lib/libobjc.A.dylib
0x000000000c200000 	/System/Library/Frameworks/CoreFoundation.framework/Versions/A/CoreFoundation
0x000000000c200000 	/System/Library/Frameworks/Foundation.framework/Versions/C/Foundation
0x000000000c200000 	/System/Library/Frameworks/AppKit.framework/Versions/C/AppKit
0x000000000c200000 	/System/Library/Frameworks/CoreData.framework/Versions/A/CoreData
0x000000000c200000 	/System/Library/PrivateFrameworks/RemoteViewServices.framework/Versions/A/RemoteViewServices
0x000000000c200000 	/System/Library/PrivateFrameworks/UIFoundation.framework/Versions/A/UIFoundation
0x000000000c200000 	/System/Library/Frameworks/IOSurface.framework/Versions/A/IOSurface
0x000000000c200000 	/System/Library/Frameworks/AudioToolbox.framework/Versions/A/AudioToolbox
0x000000000c200000 	/System/Library/Frameworks/AudioUnit.framework/Versions/A/AudioUnit
0x000000000c200000 	/System/Library/PrivateFrameworks/DataDetectorsCore.framework/Versions/A/DataDetectorsCore
0x000000000c200000 	/System/Library/PrivateFrameworks/DesktopServicesPriv.framework/Versions/A/DesktopServicesPriv
0x000000000c200000 	/System/Library/Frameworks/Carbon.framework/Versions/A/Frameworks/HIToolbox.framework/Versions/A/HIToolbox
0x000000000c200000 	/System/Library/Frameworks/QuartzCore.framework/Versions/A/QuartzCore
0x000000000c200000 	/System/Library/Frameworks/Carbon.framework/Versions/A/Frameworks/SpeechRecognition.framework/Versions/A/SpeechRecognition
0x000000000c200000 	/usr/lib/libauto.dylib
0x000000000c200000 	/usr/lib/libicucore.A.dylib
0x000000000c200000 	/usr/lib/libxml2.2.dylib
0x000000000c200000 	/System/Library/PrivateFrameworks/CoreUI.framework/Versions/A/CoreUI
0x000000000c200000 	/System/Library/Frameworks/CoreAudio.framework/Versions/A/CoreAudio
0x000000000c200000 	/System/Library/Frameworks/DiskArbitration.framework/Versions/A/DiskArbitration
0x000000000c200000 	/usr/lib/liblangid.dylib
0x000000000c200000 	/System/Library/PrivateFrameworks/MultitouchSupport.framework/Versions/A/MultitouchSupport
0x000000000c200000 	/System/Library/Frameworks/IOKit.framework/Versions/A/IOKit
0x000000000c200000 	/usr/lib/libDiagnosticMessagesClient.dylib
0x000000000c200000 	/System/Library/Frameworks/CoreServices.framework/Versions/A/CoreServices
0x000000000c200000 	/System/Library/PrivateFrameworks/PerformanceAnalysis.framework/Versions/A/PerformanceAnalysis
0x000000000c200000 	/System/Library/PrivateFrameworks/GenerationalStorage.framework/Versions/A/GenerationalStorage
0x000000000c200000 	/System/Library/Frameworks/OpenGL.framework/Versions/A/OpenGL
0x000000000c200000 	/System/Library/PrivateFrameworks/Sharing.framework/Versions/A/Sharing
0x000000000c200000 	/System/Library/Frameworks/CoreGraphics.framework/Versions/A/CoreGraphics
0x000000000c200000 	/System/Library/Frameworks/CoreText.framework/Versions/A/CoreText
0x000000000c200000 	/System/Library/Frameworks/ImageIO.framework/Versions/A/ImageIO
0x000000000c200000 	/usr/lib/libextension.dylib
0x000000000c200000 	/System/Library/PrivateFrameworks/Backup.framework/Versions/A/Backup
0x000000000c200000 	/usr/lib/libarchive.2.dylib
0x000000000c200000 	/System/Library/Frameworks/CFNetwork.framework/Versions/A/CFNetwork
0x000000000c200000 	/System/Library/Frameworks/SystemConfiguration.framework/Versions/A/SystemConfiguration
0x000000000c200000 	/usr/lib/libCRFSuite.dylib
0x000000000c200000 	/usr/lib/libc++.1.dylib
0x000000000c200000 	/usr/lib/libc++abi.dylib
0x000000000c200000 	/usr/lib/system/libcache.dylib
0x000000000c200000 	/usr/lib/system/libcommonCrypto.dylib
0x000000000c200000 	/usr/lib/system/libcompiler_rt.dylib
0x000000000c200000 	/usr/lib/system/libcopyfile.dylib
0x000000000c200000 	/usr/lib/system/libcorecrypto.dylib
0x000000000c200000 	/usr/lib/system/libdispatch.dylib
0x000000000c200000 	/usr/lib/system/libdyld.dylib
0x000000000c200000 	/usr/lib/system/libkeymgr.dylib
0x000000000c200000 	/usr/lib/system/liblaunch.dylib
0x000000000c200000 	/usr/lib/system/libmacho.dylib
0x000000000c200000 	/usr/lib/system/libquarantine.dylib
0x000000000c200000 	/usr/lib/system/libremovefile.dylib
0x000000000c200000 	/usr/lib/system/libsystem_asl.dylib
0x000000000c200000 	/usr/lib/system/libsystem_blocks.dylib
0x000000000c200000 	/usr/lib/system/libsystem_c.dylib
0x000000000c200000 	/usr/lib/system/libsystem_configuration.dylib
0x000000000c200000 	/usr/lib/system/libsystem_coreservices.dylib
0x000000000c200000 	/usr/lib/system/libsystem_coretls.dylib
0x000000000c200000 	/usr/lib/system/libsystem_dnssd.dylib
0x000000000c200000 	/usr/lib/system/libsystem_info.dylib
0x000000000c200000 	/usr/lib/system/libsystem_kernel.dylib
0x000000000c200000 	/usr/lib/system/libsystem_m.dylib
0x000000000c200000 	/usr/lib/system/libsystem_malloc.dylib
0x000000000c200000 	/usr/lib/system/libsystem_network.dylib
0x000000000c200000 	/usr/lib/system/libsystem_networkextension.dylib
0x000000000c200000 	/usr/lib/system/libsystem_notify.dylib
0x000000000c200000 	/usr/lib/system/libsystem_platform.dylib
0x000000000c200000 	/usr/lib/system/libsystem_pthread.dylib
0x000000000c200000 	/usr/lib/system/libsystem_sandbox.dylib
0x000000000c200000 	/usr/lib/system/libsystem_secinit.dylib
0x000000000c200000 	/usr/lib/system/libsystem_stats.dylib
0x000000000c200000 	/usr/lib/system/libsystem_trace.dylib
0x000000000c200000 	/usr/lib/system/libunc.dylib
0x000000000c200000 	/usr/lib/system/libunwind.dylib
0x000000000c200000 	/usr/lib/system/libxpc.dylib
0x000000000c200000 	/usr/lib/libbz2.1.0.dylib
0x000000000c200000 	/usr/lib/liblzma.5.dylib
0x000000000c200000 	/usr/lib/libbsm.0.dylib
0x000000000c200000 	/usr/lib/libsqlite3.dylib
0x000000000c200000 	/usr/lib/system/libkxld.dylib
0x000000000c200000 	/usr/lib/libxar.1.dylib
0x000000000c200000 	/usr/lib/libpam.2.dylib
0x000000000c200000 	/usr/lib/libOpenScriptingUtil.dylib
0x000000000c200000 	/System/Library/Frameworks/CoreServices.framework/Versions/A/Frameworks/FSEvents.framework/Versions/A/FSEvents
0x000000000c200000 	/System/Library/Frameworks/CoreServices.framework/Versions/A/Frameworks/CarbonCore.framework/Versions/A/CarbonCore
0x000000000c200000 	/System/Library/Frameworks/CoreServices.framework/Versions/A/Frameworks/Metadata.framework/Versions/A/Metadata
0x000000000c200000 	/System/Library/Frameworks/CoreServices.framework/Versions/A/Frameworks/OSServices.framework/Versions/A/OSServices
0x000000000c200000 	/System/Library/Frameworks/CoreServices.framework/Versions/A/Frameworks/SearchKit.framework/Versions/A/SearchKit
0x000000000c200000 	/System/Library/Frameworks/CoreServices.framework/Versions/A/Frameworks/AE.framework/Versions/A/AE
0x000000000c200000 	/System/Library/Frameworks/CoreServices.framework/Versions/A/Frameworks/LaunchServices.framework/Versions/A/LaunchServices
0x000000000c200000 	/System/Library/Frameworks/CoreServices.framework/Versions/A/Frameworks/DictionaryServices.framework/Versions/A/DictionaryServices
0x000000000c200000 	/System/Library/Frameworks/NetFS.framework/Versions/A/NetFS
0x000000000c200000 	/System/Library/PrivateFrameworks/NetAuth.framework/Versions/A/NetAuth
0x000000000c200000 	/System/Library/PrivateFrameworks/login.framework/Versions/A/Frameworks/loginsupport.framework/Versions/A/loginsupport
0x000000000c200000 	/System/Library/PrivateFrameworks/TCC.framework/Versions/A/TCC
0x000000000c200000 	/usr/lib/libmecabra.dylib
0x000000000c200000 	/System/Library/Frameworks/ApplicationServices.framework/Versions/A/Frameworks/ATS.framework/Versions/A/ATS
0x000000000c200000 	/System/Library/Frameworks/ApplicationServices.framework/Versions/A/Frameworks/ColorSync.framework/Versions/A/ColorSync
0x000000000c200000 	/System/Library/Frameworks/ApplicationServices.framework/Versions/A/Frameworks/HIServices.framework/Versions/A/HIServices
0x000000000c200000 	/System/Library/Frameworks/ApplicationServices.framework/Versions/A/Frameworks/LangAnalysis.framework/Versions/A/LangAnalysis
0x000000000c200000 	/System/Library/Frameworks/ApplicationServices.framework/Versions/A/Frameworks/PrintCore.framework/Versions/A/PrintCore
0x000000000c200000 	/System/Library/Frameworks/ApplicationServices.framework/Versions/A/Frameworks/QD.framework/Versions/A/QD
0x000000000c200000 	/System/Library/Frameworks/ApplicationServices.framework/Versions/A/Frameworks/SpeechSynthesis.framework/Versions/A/SpeechSynthesis
0x000000000c200000 	/System/Library/Frameworks/Accelerate.framework/Versions/A/Accelerate
0x000000000c200000 	/System/Library/Frameworks/Accelerate.framework/Versions/A/Frameworks/vImage.framework/Versions/A/vImage
0x000000000c200000 	/System/Library/Frameworks/Accelerate.framework/Versions/A/Frameworks/vecLib.framework/Versions/A/vecLib
0x000000000c200000 	/System/Library/Frameworks/Accelerate.framework/Versions/A/Frameworks/vecLib.framework/Versions/A/libvDSP.dylib
0x000000000c200000 	/System/Library/Frameworks/Accelerate.framework/Versions/A/Frameworks/vecLib.framework/Versions/A/libvMisc.dylib
0x000000000c200000 	/System/Library/Frameworks/Accelerate.framework/Versions/A/Frameworks/vecLib.framework/Versions/A/libLAPACK.dylib
0x000000000c200000 	/System/Library/Frameworks/Accelerate.framework/Versions/A/Frameworks/vecLib.framework/Versions/A/libBLAS.dylib
0x000000000c200000 	/System/Library/Frameworks/Accelerate.framework/Versions/A/Frameworks/vecLib.framework/Versions/A/libLinearAlgebra.dylib
0x000000000c200000 	/System/Library/Frameworks/ApplicationServices.framework/Versions/A/Frameworks/ATS.framework/Versions/A/Resources/libFontParser.dylib
0x000000000c200000 	/System/Library/Frameworks/ApplicationServices.framework/Versions/A/Frameworks/ATS.framework/Versions/A/Resources/libFontRegistry.dylib
0x000000000c200000 	/System/Library/PrivateFrameworks/AppleVPA.framework/Versions/A/AppleVPA
0x000000000c200000 	/System/Library/PrivateFrameworks/AppleJPEG.framework/Versions/A/AppleJPEG
0x000000000c200000 	/System/Library/Frameworks/ImageIO.framework/Versions/A/Resources/libJPEG.dylib
0x000000000c200000 	/System/Library/Frameworks/ImageIO.framework/Versions/A/Resources/libTIFF.dylib
0x000000000c200000 	/System/Library/Frameworks/ImageIO.framework/Versions/A/Resources/libPng.dylib
0x000000000c200000 	/System/Library/Frameworks/ImageIO.framework/Versions/A/Resources/libGIF.dylib
0x000000000c200000 	/System/Library/Frameworks/ImageIO.framework/Versions/A/Resources/libJP2.dylib
0x000000000c200000 	/System/Library/Frameworks/ImageIO.framework/Versions/A/Resources/libRadiance.dylib
0x000000000c200000 	/System/Library/Frameworks/CoreVideo.framework/Versions/A/CoreVideo
0x000000000c200000 	/System/Library/Frameworks/OpenGL.framework/Versions/A/Libraries/libGLU.dylib
0x000000000c200000 	/System/Library/Frameworks/OpenGL.framework/Versions/A/Libraries/libGFXShared.dylib
0x000000000c200000 	/System/Library/Frameworks/OpenGL.framework/Versions/A/Libraries/libGL.dylib
0x000000000c200000 	/System/Library/Frameworks/OpenGL.framework/Versions/A/Libraries/libGLImage.dylib
0x000000000c200000 	/System/Library/Frameworks/OpenGL.framework/Versions/A/Libraries/libCVMSPluginSupport.dylib
0x000000000c200000 	/System/Library/Frameworks/OpenGL.framework/Versions/A/Libraries/libCoreVMClient.dylib
0x000000000c200000 	/usr/lib/libcups.2.dylib
0x000000000c200000 	/System/Library/Frameworks/Kerberos.framework/Versions/A/Kerberos
0x000000000c200000 	/System/Library/Frameworks/GSS.framework/Versions/A/GSS
0x000000000c200000 	/usr/lib/libresolv.9.dylib
0x000000000c200000 	/usr/lib/libiconv.2.dylib
0x000000000c200000 	/System/Library/PrivateFrameworks/Heimdal.framework/Versions/A/Heimdal
0x000000000c200000 	/usr/lib/libheimdal-asn1.dylib
0x000000000c200000 	/System/Library/Frameworks/OpenDirectory.framework/Versions/A/OpenDirectory
0x000000000c200000 	/System/Library/PrivateFrameworks/CommonAuth.framework/Versions/A/CommonAuth
0x000000000c200000 	/System/Library/Frameworks/OpenDirectory.framework/Versions/A/Frameworks/CFOpenDirectory.framework/Versions/A/CFOpenDirectory
0x000000000c200000 	/System/Library/Frameworks/SecurityFoundation.framework/Versions/A/SecurityFoundation
0x000000000c200000 	/System/Library/PrivateFrameworks/LanguageModeling.framework/Versions/A/LanguageModeling
0x000000000c200000 	/usr/lib/libcmph.dylib
0x000000000c200000 	/System/Library/Frameworks/ServiceManagement.framework/Versions/A/ServiceManagement
0x000000000c200000 	/usr/lib/libxslt.1.dylib
0x000000000c200000 	/System/Library/Frameworks/Carbon.framework/Versions/A/Frameworks/Ink.framework/Versions/A/Ink
0x000000000c200000 	/System/Library/Frameworks/QuartzCore.framework/Versions/A/Frameworks/CoreImage.framework/Versions/A/CoreImage
0x000000000c200000 	/System/Library/PrivateFrameworks/CrashReporterSupport.framework/Versions/A/CrashReporterSupport
0x000000000c200000 	/System/Library/Frameworks/OpenCL.framework/Versions/A/OpenCL
0x000000000c200000 	/System/Library/PrivateFrameworks/FaceCore.framework/Versions/A/FaceCore
0x000000000c200000 	/System/Library/PrivateFrameworks/Ubiquity.framework/Versions/A/Ubiquity
0x000000000c200000 	/System/Library/PrivateFrameworks/IconServices.framework/Versions/A/IconServices
0x000000000c200000 	/System/Library/PrivateFrameworks/ChunkingLibrary.framework/Versions/A/ChunkingLibrary
0x000000000c200000 	/System/Library/PrivateFrameworks/Apple80211.framework/Versions/A/Apple80211
0x000000000c200000 	/System/Library/Frameworks/CoreWLAN.framework/Versions/A/CoreWLAN
0x000000000c200000 	/System/Library/Frameworks/IOBluetooth.framework/Versions/A/IOBluetooth
0x000000000c200000 	/System/Library/PrivateFrameworks/CoreWiFi.framework/Versions/A/CoreWiFi
0x000000000c200000 	/System/Library/Frameworks/CoreBluetooth.framework/Versions/A/CoreBluetooth
0x000000000c200000 	/System/Library/PrivateFrameworks/DebugSymbols.framework/Versions/A/DebugSymbols
0x000000000c200000 	/System/Library/PrivateFrameworks/CoreSymbolication.framework/Versions/A/CoreSymbolication
0x000000000c200000 	/System/Library/PrivateFrameworks/Symbolication.framework/Versions/A/Symbolication
0x000000000c200000 	/System/Library/PrivateFrameworks/SpeechRecognitionCore.framework/Versions/A/SpeechRecognitionCore
0x000000010c820000 	/Library/Java/JavaVirtualMachines/jdk1.8.0_20.jdk/Contents/Home/jre/lib/server/libjvm.dylib
0x000000000c200000 	/usr/lib/libstdc++.6.dylib
0x000000010d752000 	/Library/Java/JavaVirtualMachines/jdk1.8.0_20.jdk/Contents/Home/jre/lib/libverify.dylib
0x000000010d760000 	/Library/Java/JavaVirtualMachines/jdk1.8.0_20.jdk/Contents/Home/jre/lib/libjava.dylib
0x000000010d79e000 	/Library/Java/JavaVirtualMachines/jdk1.8.0_20.jdk/Contents/Home/jre/lib/libzip.dylib
0x0000000124127000 	/System/Library/Frameworks/JavaVM.framework/Frameworks/JavaRuntimeSupport.framework/JavaRuntimeSupport
0x000000012413d000 	/System/Library/Frameworks/JavaVM.framework/Versions/A/Frameworks/JavaNativeFoundation.framework/Versions/A/JavaNativeFoundation
0x0000000124151000 	/System/Library/Frameworks/JavaVM.framework/Versions/A/JavaVM
0x000000000c200000 	/System/Library/Frameworks/Carbon.framework/Versions/A/Carbon
0x000000012415d000 	/System/Library/PrivateFrameworks/JavaLaunching.framework/Versions/A/JavaLaunching
0x000000000c200000 	/System/Library/Frameworks/Carbon.framework/Versions/A/Frameworks/CommonPanels.framework/Versions/A/CommonPanels
0x000000000c200000 	/System/Library/Frameworks/Carbon.framework/Versions/A/Frameworks/Help.framework/Versions/A/Help
0x000000000c200000 	/System/Library/Frameworks/Carbon.framework/Versions/A/Frameworks/ImageCapture.framework/Versions/A/ImageCapture
0x000000000c200000 	/System/Library/Frameworks/Carbon.framework/Versions/A/Frameworks/OpenScripting.framework/Versions/A/OpenScripting
0x000000000c200000 	/System/Library/Frameworks/Carbon.framework/Versions/A/Frameworks/Print.framework/Versions/A/Print
0x000000000c200000 	/System/Library/Frameworks/Carbon.framework/Versions/A/Frameworks/SecurityHI.framework/Versions/A/SecurityHI
0x0000000125f8a000 	/Library/Java/JavaVirtualMachines/jdk1.8.0_20.jdk/Contents/Home/jre/lib/libawt.dylib
0x0000000126039000 	/Library/Java/JavaVirtualMachines/jdk1.8.0_20.jdk/Contents/Home/jre/lib/./libmlib_image.dylib
0x0000000126105000 	/Library/Java/JavaVirtualMachines/jdk1.8.0_20.jdk/Contents/Home/jre/lib/libawt_lwawt.dylib
0x00000001261b8000 	/Library/Java/JavaVirtualMachines/jdk1.8.0_20.jdk/Contents/Home/jre/lib/./libosxapp.dylib
0x000000000c200000 	/System/Library/Frameworks/ExceptionHandling.framework/Versions/A/ExceptionHandling
0x000000000c200000 	/System/Library/PrivateFrameworks/CoreServicesInternal.framework/Versions/A/CoreServicesInternal
0x000000000c200000 	/System/Library/PrivateFrameworks/CloudDocs.framework/Versions/A/CloudDocs
0x000000000c200000 	/System/Library/PrivateFrameworks/CoreDuet.framework/Versions/A/CoreDuet
0x000000000c200000 	/System/Library/Frameworks/CloudKit.framework/Versions/A/CloudKit
0x000000000c200000 	/System/Library/PrivateFrameworks/ProtocolBuffer.framework/Versions/A/ProtocolBuffer
0x000000000c200000 	/System/Library/PrivateFrameworks/CoreDuetDaemonProtocol.framework/Versions/A/CoreDuetDaemonProtocol
0x000000000c200000 	/System/Library/PrivateFrameworks/CoreDuetDebugLogging.framework/Versions/A/CoreDuetDebugLogging
0x000000000c200000 	/System/Library/Frameworks/CoreLocation.framework/Versions/A/CoreLocation
0x000000000c200000 	/System/Library/Frameworks/Accounts.framework/Versions/A/Accounts
0x000000000c200000 	/System/Library/PrivateFrameworks/ApplePushService.framework/Versions/A/ApplePushService
0x000000000c200000 	/System/Library/PrivateFrameworks/GeoServices.framework/Versions/A/GeoServices
0x000000000c200000 	/System/Library/PrivateFrameworks/OAuth.framework/Versions/A/OAuth
0x000000000c200000 	/System/Library/PrivateFrameworks/CoreDaemon.framework/Versions/B/CoreDaemon
0x000000000c200000 	/usr/lib/libcrypto.0.9.8.dylib
0x000000000c200000 	/System/Library/PrivateFrameworks/AppleSRP.framework/Versions/A/AppleSRP
0x000000000c200000 	/System/Library/PrivateFrameworks/TrustEvaluationAgent.framework/Versions/A/TrustEvaluationAgent
0x000000000c200000 	/System/Library/Frameworks/CoreGraphics.framework/Versions/A/Resources/libCGCMS.A.dylib
0x000000000c200000 	/System/Library/Frameworks/CoreGraphics.framework/Versions/A/Resources/libRIP.A.dylib
0x000000000c200000 	/System/Library/Frameworks/CoreGraphics.framework/Versions/A/Resources/libCGXType.A.dylib
0x000000000c200000 	/System/Library/Frameworks/OpenCL.framework/Versions/A/Libraries/libcldcpuengine.dylib
0x000000000c200000 	/System/Library/PrivateFrameworks/DiskImages.framework/Versions/A/DiskImages
0x000000000c200000 	/System/Library/Frameworks/DiscRecording.framework/Versions/A/DiscRecording
0x000000000c200000 	/usr/lib/libcsfde.dylib
0x000000000c200000 	/usr/lib/libcurl.4.dylib
0x000000000c200000 	/System/Library/PrivateFrameworks/MediaKit.framework/Versions/A/MediaKit
0x000000000c200000 	/System/Library/PrivateFrameworks/ProtectedCloudStorage.framework/Versions/A/ProtectedCloudStorage
0x000000000c200000 	/usr/lib/libCoreStorage.dylib
0x000000000c200000 	/System/Library/PrivateFrameworks/EFILogin.framework/Versions/A/EFILogin
0x000000000c200000 	/usr/lib/libutil.dylib
0x000000000c200000 	/System/Library/PrivateFrameworks/FindMyDevice.framework/Versions/A/FindMyDevice
0x000000000c200000 	/System/Library/Frameworks/LDAP.framework/Versions/A/LDAP
0x000000000c200000 	/usr/lib/libsasl2.2.dylib
0x0000000128d93000 	cl_kernels
0x0000000128d95000 	/System/Library/Frameworks/OpenCL.framework/Versions/A/Libraries/ImageFormats/unorm8_bgra.dylib
0x0000000128d84000 	cl_kernels
0x000000000c200000 	/System/Library/PrivateFrameworks/FamilyControls.framework/Versions/A/FamilyControls
0x000000000c200000 	/System/Library/PrivateFrameworks/CommerceKit.framework/Versions/A/Frameworks/CommerceCore.framework/Versions/A/CommerceCore
0x000000000c200000 	/System/Library/PrivateFrameworks/SystemAdministration.framework/Versions/A/SystemAdministration
0x000000000c200000 	/System/Library/PrivateFrameworks/AppContainer.framework/Versions/A/AppContainer
0x000000000c200000 	/System/Library/PrivateFrameworks/SecCodeWrapper.framework/Versions/A/SecCodeWrapper
0x000000000c200000 	/System/Library/Frameworks/DirectoryService.framework/Versions/A/DirectoryService
0x000000000c200000 	/System/Library/PrivateFrameworks/LoginUIKit.framework/Versions/A/Frameworks/LoginUICore.framework/Versions/A/LoginUICore
0x000000000c200000 	/usr/lib/libodfde.dylib
0x0000000129f90000 	/Library/Java/JavaVirtualMachines/jdk1.8.0_20.jdk/Contents/Home/jre/lib/libfontmanager.dylib
0x0000000129ff6000 	/Users/student/Documents/Workspace_AP/ChronoMaymay/natives/macosx/liblwjgl.dylib
0x00000001282ba000 	/Library/Java/JavaVirtualMachines/jdk1.8.0_20.jdk/Contents/Home/jre/lib/libjawt.dylib
0x000000000c200000 	/System/Library/Frameworks/OpenGL.framework/Versions/A/Resources/GLEngine.bundle/GLEngine
0x000000000c200000 	/System/Library/Frameworks/OpenGL.framework/Versions/A/Libraries/libGLProgrammability.dylib
0x0000000000000000 	/System/Library/Extensions/GeForceGLDriver.bundle/Contents/MacOS/GeForceGLDriver
0x000000000c200000 	/System/Library/Extensions/GeForceGLDriver.bundle/Contents/MacOS/libclh.dylib
0x000000000c200000 	/System/Library/PrivateFrameworks/IOAccelerator.framework/Versions/A/IOAccelerator
0x000000000c200000 	/System/Library/PrivateFrameworks/GPUSupport.framework/Versions/A/Libraries/libGPUSupportMercury.dylib
0x000000000c200000 	/System/Library/Frameworks/OpenGL.framework/Versions/A/Resources/GLRendererFloat.bundle/GLRendererFloat

VM Arguments:
jvm_args: -Dfile.encoding=UTF-8 
java_command: framework.Game
java_class_path (initial): /Users/student/Documents/Workspace_AP/ChronoMaymay/bin:/Users/student/Documents/Workspace_AP/ChronoMaymay/jars/lwjgl_util.jar:/Users/student/Documents/Workspace_AP/ChronoMaymay/jars/lwjgl.jar:/Users/student/Documents/Workspace_AP/ChronoMaymay/jars/slick.jar
Launcher Type: SUN_STANDARD

Environment Variables:
PATH=/usr/bin:/bin:/usr/sbin:/sbin
SHELL=/bin/bash

Signal Handlers:
SIGSEGV: [libjvm.dylib+0x578fd7], sa_mask[0]=11111111011111110111111111111111, sa_flags=SA_ONSTACK|SA_RESTART|SA_SIGINFO
SIGBUS: [libjvm.dylib+0x578fd7], sa_mask[0]=11111111011111110111111111111111, sa_flags=SA_RESTART|SA_SIGINFO
SIGFPE: [libjvm.dylib+0x45ab0c], sa_mask[0]=11111111011111110111111111111111, sa_flags=SA_RESTART|SA_SIGINFO
SIGPIPE: [libjvm.dylib+0x45ab0c], sa_mask[0]=11111111011111110111111111111111, sa_flags=SA_RESTART|SA_SIGINFO
SIGXFSZ: [libjvm.dylib+0x45ab0c], sa_mask[0]=11111111011111110111111111111111, sa_flags=SA_RESTART|SA_SIGINFO
SIGILL: [libjvm.dylib+0x45ab0c], sa_mask[0]=11111111011111110111111111111111, sa_flags=SA_RESTART|SA_SIGINFO
SIGUSR1: SIG_DFL, sa_mask[0]=00000000000000000000000000000000, sa_flags=none
SIGUSR2: [libjvm.dylib+0x45a62a], sa_mask[0]=00100000000000000000000000000000, sa_flags=SA_RESTART|SA_SIGINFO
SIGHUP: [libjvm.dylib+0x458bfd], sa_mask[0]=11111111011111110111111111111111, sa_flags=SA_RESTART|SA_SIGINFO
SIGINT: [libjvm.dylib+0x458bfd], sa_mask[0]=11111111011111110111111111111111, sa_flags=SA_RESTART|SA_SIGINFO
SIGTERM: [libjvm.dylib+0x458bfd], sa_mask[0]=11111111011111110111111111111111, sa_flags=SA_RESTART|SA_SIGINFO
SIGQUIT: [libjvm.dylib+0x458bfd], sa_mask[0]=11111111011111110111111111111111, sa_flags=SA_RESTART|SA_SIGINFO


---------------  S Y S T E M  ---------------

OS:Bsduname:Darwin 14.1.0 Darwin Kernel Version 14.1.0: Mon Dec 22 23:10:38 PST 2014; root:xnu-2782.10.72~2/RELEASE_X86_64 x86_64
rlimit: STACK 8192k, CORE 0k, NPROC 709, NOFILE 10240, AS infinity
load average:1.24 1.27 1.22

CPU:total 4 (4 cores per cpu, 1 threads per core) family 6 model 58 stepping 9, cmov, cx8, fxsr, mmx, sse, sse2, sse3, ssse3, sse4.1, sse4.2, popcnt, avx, aes, clmul, erms, tsc, tscinvbit, tscinv

Memory: 4k page, physical 8388608k(231544k free)

/proc/meminfo:


vm_info: Java HotSpot(TM) 64-Bit Server VM (25.20-b23) for bsd-amd64 JRE (1.8.0_20-b26), built on Jul 30 2014 13:37:47 by "java_re" with gcc 4.2.1 (Based on Apple Inc. build 5658) (LLVM build 2336.9.00)

time: Tue Apr 21 14:29:36 2015
elapsed time: 3 seconds (0d 0h 0m 3s)

