#
# A fatal error has been detected by the Java Runtime Environment:
#
#  SIGSEGV (0xb) at pc=0x00007fff91da20dd, pid=1213, tid=1811
#
# JRE version: Java(TM) SE Runtime Environment (8.0_20-b26) (build 1.8.0_20-b26)
# Java VM: Java HotSpot(TM) 64-Bit Server VM (25.20-b23 mixed mode bsd-amd64 compressed oops)
# Problematic frame:
# C  [libobjc.A.dylib+0x10dd]  objc_msgSend+0x1d
#
# Failed to write core dump. Core dumps have been disabled. To enable core dumping, try "ulimit -c unlimited" before starting Java again
#
# If you would like to submit a bug report, please visit:
#   http://bugreport.sun.com/bugreport/crash.jsp
# The crash happened outside the Java Virtual Machine in native code.
# See problematic frame for where to report the bug.
#

---------------  T H R E A D  ---------------

Current thread (0x00007f99228aa000):  JavaThread "AppKit Thread" daemon [_thread_in_native, id=1811, stack(0x00007fff579f7000,0x00007fff581f7000)]

siginfo: si_signo: 11 (SIGSEGV), si_code: 1 (SEGV_MAPERR), si_addr: 0x0000000000000018

Registers:
RAX=0x00007f9920e62910, RBX=0x00007fff581f29c8, RCX=0x0000000000000000, RDX=0x00007f9920c391f0
RSP=0x00007fff581f27e8, RBP=0x00007fff581f27f0, RSI=0x00007fff9bb2c2b4, RDI=0x00007f9920e62910
R8 =0x00007fff581f27d0, R9 =0x0000000000000055, R10=0x00007fff9bb2c2b4, R11=0x0000000000000000
R12=0x00007f9920d24ef0, R13=0x00000000000f42eb, R14=0x00007f9920d31a80, R15=0x00007fff581f2928
RIP=0x00007fff91da20dd, EFLAGS=0x0000000000010246, ERR=0x0000000000000004
  TRAPNO=0x000000000000000e

Top of Stack: (sp=0x00007fff581f27e8)
0x00007fff581f27e8:   00007fff97093cdc 00007fff581f2b50
0x00007fff581f27f8:   00007fff96f85244 00007fff581f287c
0x00007fff581f2808:   00007fff581f2880 00007fff581f2884
0x00007fff581f2818:   00007fff7c635c88 ffffffffffffffff
0x00007fff581f2828:   00000000000007f8 00007fff7c635ca0
0x00007fff581f2838:   00007f9920d31a80 0000000000000000
0x00007fff581f2848:   00007fff581f2920 0000000000000000
0x00007fff581f2858:   00007f9920d784e0 00007fff581f29a0
0x00007fff581f2868:   0000000000000055 00000000000f42ed
0x00007fff581f2878:   00007f9920c391f0 00007f9920d78010
0x00007fff581f2888:   00007f9920d24ef0 0000000000000001
0x00007fff581f2898:   00000000000f42eb 00007f9920d24ee0
0x00007fff581f28a8:   00007fff8dadf7ba 000000017d182070
0x00007fff581f28b8:   00007fff7c5320d0 0000000042000000
0x00007fff581f28c8:   00007fff8dae7e13 00007fff7c6001d0
0x00007fff581f28d8:   00007fff581f29a8 0000000000000000
0x00007fff581f28e8:   00007fff7d1c98c8 0000000000000000
0x00007fff581f28f8:   0000000000000023 0003450391dc297a
0x00007fff581f2908:   00007f9920d24f14 0000000000000000
0x00007fff581f2918:   00000000003c7901 00007f9920d78560
0x00007fff581f2928:   00007f9920d31a80 0000000000000000
0x00007fff581f2938:   00007fff9bb6434c 00007fff581f29e0
0x00007fff581f2948:   00007fff8eafb513 00007fff581f29c4
0x00007fff581f2958:   00000000003c7a01 00000000ffffffff
0x00007fff581f2968:   00007fff7d1c98c8 00000000003c7a00
0x00007fff581f2978:   00007fff00000000 00007fff581f2a70
0x00007fff581f2988:   00007fff9aad8edc 00007fff7d1c98e8
0x00007fff581f2998:   00007fff9bb6434c 0000000000000051
0x00007fff581f29a8:   0000000000000000 00000000000f42df
0x00007fff581f29b8:   0000000000000053 0000000000000000
0x00007fff581f29c8:   00000000000f42eb 00007fff581f2a44
0x00007fff581f29d8:   00000000003c8501 00000000ffffffff 

Instructions: (pc=0x00007fff91da20dd)
0x00007fff91da20bd:   00 00 00 48 85 ff 2e 74 7a 40 f6 c7 01 2e 75 7e
0x00007fff91da20cd:   49 bb f8 ff ff ff ff 7f 00 00 4c 23 1f 49 89 f2
0x00007fff91da20dd:   45 23 53 18 49 c1 e2 04 4d 03 53 10 49 3b 32 75
0x00007fff91da20ed:   04 41 ff 62 08 49 83 3a 00 74 6a 4d 3b 53 10 74 

Register to memory mapping:

RAX=0x00007f9920e62910 is an unknown value
RBX=0x00007fff581f29c8 is pointing into the stack for thread: 0x00007f99228aa000
RCX=0x0000000000000000 is an unknown value
RDX=0x00007f9920c391f0 is an unknown value
RSP=0x00007fff581f27e8 is pointing into the stack for thread: 0x00007f99228aa000
RBP=0x00007fff581f27f0 is pointing into the stack for thread: 0x00007f99228aa000
RSI=0x00007fff9bb2c2b4: -[NSTitlebarContainerView shouldRoundCorners]+0x5ced6 in /System/Library/Frameworks/AppKit.framework/Versions/C/AppKit at 0x00007fff9b15b000
RDI=0x00007f9920e62910 is an unknown value
R8 =0x00007fff581f27d0 is pointing into the stack for thread: 0x00007f99228aa000
R9 =0x0000000000000055 is an unknown value
R10=0x00007fff9bb2c2b4: -[NSTitlebarContainerView shouldRoundCorners]+0x5ced6 in /System/Library/Frameworks/AppKit.framework/Versions/C/AppKit at 0x00007fff9b15b000
R11=0x0000000000000000 is an unknown value
R12=0x00007f9920d24ef0 is an unknown value
R13=0x00000000000f42eb is an unknown value
R14=0x00007f9920d31a80 is an unknown value
R15=0x00007fff581f2928 is pointing into the stack for thread: 0x00007f99228aa000


Stack: [0x00007fff579f7000,0x00007fff581f7000],  sp=0x00007fff581f27e8,  free space=8173k
Native frames: (J=compiled Java code, j=interpreted, Vv=VM code, C=native code)
C  [libobjc.A.dylib+0x10dd]  objc_msgSend+0x1d
C  [CoreFoundation+0x10244]  _CFXNotificationPost+0xc44
C  [Foundation+0x2c31]  -[NSNotificationCenter postNotificationName:object:userInfo:]+0x42
C  [AppKit+0xdd776]  -[NSSurface _disposeSurface]+0x98
C  [AppKit+0xdd1da]  -[NSSurface setWindow:]+0x42
C  [AppKit+0x3b9ef]  -[NSView _setWindow:]+0xa22
C  [AppKit+0x3cc22]  -[NSView removeFromSuperview]+0x1c5
C  [AppKit+0x9140a]  -[NSView removeFromSuperviewWithoutNeedingDisplay]+0x26
C  [liblwjgl.dylib+0xa205]  +[MacOSXKeyableWindow destroyWindow]+0xb5
C  [Foundation+0x65cdc]  __NSThreadPerformPerform+0x125
C  [CoreFoundation+0x80681]  __CFRUNLOOP_IS_CALLING_OUT_TO_A_SOURCE0_PERFORM_FUNCTION__+0x11
C  [CoreFoundation+0x7280d]  __CFRunLoopDoSources0+0x10d
C  [CoreFoundation+0x71e3f]  __CFRunLoopRun+0x39f
C  [CoreFoundation+0x71858]  CFRunLoopRunSpecific+0x128
C  [HIToolbox+0x2eaef]  RunCurrentEventLoopInMode+0xeb
C  [HIToolbox+0x2e76e]  ReceiveNextEventCommon+0xb3
C  [HIToolbox+0x2e6ab]  _BlockUntilNextEventMatchingListInModeWithFilter+0x47
C  [AppKit+0x23f81]  _DPSNextEvent+0x3c4
C  [AppKit+0x23730]  -[NSApplication nextEventMatchingMask:untilDate:inMode:dequeue:]+0xc2
C  [libosxapp.dylib+0x242a]  -[NSApplicationAWT nextEventMatchingMask:untilDate:inMode:dequeue:]+0x7c
C  [AppKit+0x17593]  -[NSApplication run]+0x252
C  [libosxapp.dylib+0x223e]  +[NSApplicationAWT runAWTLoopWithApp:]+0x9c
C  [libawt_lwawt.dylib+0x4494f]  -[AWTStarter starter:]+0x389
C  [Foundation+0x65cdc]  __NSThreadPerformPerform+0x125
C  [CoreFoundation+0x80681]  __CFRUNLOOP_IS_CALLING_OUT_TO_A_SOURCE0_PERFORM_FUNCTION__+0x11
C  [CoreFoundation+0x7280d]  __CFRunLoopDoSources0+0x10d
C  [CoreFoundation+0x71e3f]  __CFRunLoopRun+0x39f
C  [CoreFoundation+0x71858]  CFRunLoopRunSpecific+0x128
C  [java+0x56cc]  CreateExecutionEnvironment+0x367
C  [java+0x165c]  JLI_Launch+0x7a0
C  [java+0x768a]  main+0x65
C  [java+0xeb4]  start+0x34
C  0x0000000000000005


---------------  P R O C E S S  ---------------

Java Threads: ( => current thread )
  0x00007f99218dd000 JavaThread "AWT-Shutdown" [_thread_blocked, id=28935, stack(0x00000001228c7000,0x00000001229c7000)]
=>0x00007f99228aa000 JavaThread "AppKit Thread" daemon [_thread_in_native, id=1811, stack(0x00007fff579f7000,0x00007fff581f7000)]
  0x00007f9922862800 JavaThread "Service Thread" daemon [_thread_blocked, id=17923, stack(0x0000000120fd4000,0x00000001210d4000)]
  0x00007f9922839000 JavaThread "C1 CompilerThread2" daemon [_thread_blocked, id=17411, stack(0x0000000120ed1000,0x0000000120fd1000)]
  0x00007f9922836800 JavaThread "C2 CompilerThread1" daemon [_thread_blocked, id=16899, stack(0x0000000120dce000,0x0000000120ece000)]
  0x00007f9922005000 JavaThread "C2 CompilerThread0" daemon [_thread_blocked, id=16387, stack(0x0000000120ccb000,0x0000000120dcb000)]
  0x00007f9922001000 JavaThread "Signal Dispatcher" daemon [_thread_blocked, id=12307, stack(0x0000000120bc8000,0x0000000120cc8000)]
  0x00007f9921012800 JavaThread "Finalizer" daemon [_thread_blocked, id=11523, stack(0x000000011f320000,0x000000011f420000)]
  0x00007f9921810000 JavaThread "Reference Handler" daemon [_thread_blocked, id=11011, stack(0x000000011f21d000,0x000000011f31d000)]
  0x00007f9922801800 JavaThread "main" [_thread_in_native, id=4867, stack(0x000000010931c000,0x000000010941c000)]

Other Threads:
  0x00007f992180b000 VMThread [stack: 0x000000011f11a000,0x000000011f21a000] [id=10499]
  0x00007f9922863000 WatcherThread [stack: 0x00000001210d7000,0x00000001211d7000] [id=18435]

VM state:not at safepoint (normal execution)

VM Mutex/Monitor currently owned by a thread: None

Heap:
 PSYoungGen      total 38400K, used 10220K [0x0000000795580000, 0x0000000798000000, 0x00000007c0000000)
  eden space 33280K, 30% used [0x0000000795580000,0x0000000795f7b0c8,0x0000000797600000)
  from space 5120K, 0% used [0x0000000797b00000,0x0000000797b00000,0x0000000798000000)
  to   space 5120K, 0% used [0x0000000797600000,0x0000000797600000,0x0000000797b00000)
 ParOldGen       total 87552K, used 0K [0x0000000740000000, 0x0000000745580000, 0x0000000795580000)
  object space 87552K, 0% used [0x0000000740000000,0x0000000740000000,0x0000000745580000)
 Metaspace       used 6263K, capacity 6365K, committed 6656K, reserved 1056768K
  class space    used 627K, capacity 693K, committed 768K, reserved 1048576K

Card table byte_map: [0x00000001187de000,0x0000000118bdf000] byte_map_base: 0x0000000114dde000

Marking Bits: (ParMarkBitMap*) 0x0000000108c9c330
 Begin Bits: [0x0000000119296000, 0x000000011b296000)
 End Bits:   [0x000000011b296000, 0x000000011d296000)

Polling page: 0x0000000107b60000

CodeCache: size=245760Kb used=2411Kb max_used=2422Kb free=243348Kb
 bounds [0x000000010941e000, 0x000000010968e000, 0x000000011841e000]
 total_blobs=986 nmethods=627 adapters=274
 compilation: enabled

Compilation events (10 events):
Event: 9.553 Thread 0x00007f9922839000  623       3       java.nio.Bits::int3 (6 bytes)
Event: 9.553 Thread 0x00007f9922839000 nmethod 623 0x000000010966dcd0 code [0x000000010966de20, 0x000000010966df50]
Event: 9.553 Thread 0x00007f9922839000  624       3       java.nio.Bits::int2 (6 bytes)
Event: 9.553 Thread 0x00007f9922839000 nmethod 624 0x000000010966d950 code [0x000000010966daa0, 0x000000010966dbd0]
Event: 9.554 Thread 0x00007f9922839000  625       3       java.nio.Bits::int1 (6 bytes)
Event: 9.554 Thread 0x00007f9922839000 nmethod 625 0x0000000109679110 code [0x0000000109679260, 0x0000000109679390]
Event: 9.554 Thread 0x00007f9922839000  626       3       java.nio.Bits::int0 (3 bytes)
Event: 9.554 Thread 0x00007f9922839000 nmethod 626 0x0000000109679410 code [0x0000000109679560, 0x0000000109679690]
Event: 10.409 Thread 0x00007f9922005000  627       4       java.nio.DirectByteBuffer::put (18 bytes)
Event: 10.409 Thread 0x00007f9922005000 nmethod 627 0x000000010967c390 code [0x000000010967c4e0, 0x000000010967c578]

GC Heap History (0 events):
No events

Deoptimization events (0 events):
No events

Internal exceptions (10 events):
Event: 0.560 Thread 0x00007f9922801800 Exception <a 'java/io/FileNotFoundException'> (0x0000000795d74d98) thrown at [/HUDSON3/workspace/8-2-build-macosx-x86_64/jdk8u20/1074/hotspot/src/share/vm/prims/jni.cpp, line 716]
Event: 0.565 Thread 0x00007f9922801800 Exception <a 'java/io/FileNotFoundException'> (0x0000000795dc17e8) thrown at [/HUDSON3/workspace/8-2-build-macosx-x86_64/jdk8u20/1074/hotspot/src/share/vm/prims/jni.cpp, line 716]
Event: 0.569 Thread 0x00007f9922801800 Exception <a 'java/io/FileNotFoundException'> (0x0000000795df3a30) thrown at [/HUDSON3/workspace/8-2-build-macosx-x86_64/jdk8u20/1074/hotspot/src/share/vm/prims/jni.cpp, line 716]
Event: 0.572 Thread 0x00007f9922801800 Exception <a 'java/io/FileNotFoundException'> (0x0000000795e261f0) thrown at [/HUDSON3/workspace/8-2-build-macosx-x86_64/jdk8u20/1074/hotspot/src/share/vm/prims/jni.cpp, line 716]
Event: 0.572 Thread 0x00007f9922801800 Exception <a 'java/security/PrivilegedActionException'> (0x0000000795e26c40) thrown at [/HUDSON3/workspace/8-2-build-macosx-x86_64/jdk8u20/1074/hotspot/src/share/vm/prims/jvm.cpp, line 1275]
Event: 0.573 Thread 0x00007f9922801800 Exception <a 'java/security/PrivilegedActionException'> (0x0000000795e28fe8) thrown at [/HUDSON3/workspace/8-2-build-macosx-x86_64/jdk8u20/1074/hotspot/src/share/vm/prims/jvm.cpp, line 1275]
Event: 0.596 Thread 0x00007f9922801800 Exception <a 'java/security/PrivilegedActionException'> (0x0000000795ee6508) thrown at [/HUDSON3/workspace/8-2-build-macosx-x86_64/jdk8u20/1074/hotspot/src/share/vm/prims/jvm.cpp, line 1275]
Event: 0.600 Thread 0x00007f9922801800 Exception <a 'java/security/PrivilegedActionException'> (0x0000000795ee8bf0) thrown at [/HUDSON3/workspace/8-2-build-macosx-x86_64/jdk8u20/1074/hotspot/src/share/vm/prims/jvm.cpp, line 1275]
Event: 0.601 Thread 0x00007f9922801800 Exception <a 'java/security/PrivilegedActionException'> (0x0000000795eec9a0) thrown at [/HUDSON3/workspace/8-2-build-macosx-x86_64/jdk8u20/1074/hotspot/src/share/vm/prims/jvm.cpp, line 1275]
Event: 10.408 Thread 0x00007f9922801800 Exception <a 'java/security/PrivilegedActionException'> (0x0000000795ef18c0) thrown at [/HUDSON3/workspace/8-2-build-macosx-x86_64/jdk8u20/1074/hotspot/src/share/vm/prims/jvm.cpp, line 1275]

Events (10 events):
Event: 0.600 loading class org/lwjgl/opengl/Sync
Event: 0.600 loading class org/lwjgl/opengl/Sync done
Event: 0.601 loading class org/lwjgl/opengl/Sync$RunningAvg
Event: 0.601 loading class org/lwjgl/opengl/Sync$RunningAvg done
Event: 3.667 Thread 0x00007f9922801800 DEOPT PACKING pc=0x000000010963a233 sp=0x000000010941b6e0
Event: 3.667 Thread 0x00007f9922801800 DEOPT UNPACKING pc=0x0000000109465373 sp=0x000000010941b510 mode 0
Event: 4.106 Executing VM operation: EnableBiasedLocking
Event: 4.106 Executing VM operation: EnableBiasedLocking done
Event: 10.408 loading class org/lwjgl/opengl/CallbackUtil
Event: 10.408 loading class org/lwjgl/opengl/CallbackUtil done


Dynamic libraries:
0x000000000c200000 	/System/Library/Frameworks/Cocoa.framework/Versions/A/Cocoa
0x000000000c200000 	/System/Library/Frameworks/Security.framework/Versions/A/Security
0x000000000c200000 	/System/Library/Frameworks/ApplicationServices.framework/Versions/A/ApplicationServices
0x000000000c200000 	/usr/lib/libz.1.dylib
0x000000000c200000 	/usr/lib/libSystem.B.dylib
0x000000000c200000 	/usr/lib/libobjc.A.dylib
0x000000000c200000 	/System/Library/Frameworks/CoreFoundation.framework/Versions/A/CoreFoundation
0x000000000c200000 	/System/Library/Frameworks/Foundation.framework/Versions/C/Foundation
0x000000000c200000 	/System/Library/Frameworks/AppKit.framework/Versions/C/AppKit
0x000000000c200000 	/System/Library/Frameworks/CoreData.framework/Versions/A/CoreData
0x000000000c200000 	/System/Library/PrivateFrameworks/RemoteViewServices.framework/Versions/A/RemoteViewServices
0x000000000c200000 	/System/Library/PrivateFrameworks/UIFoundation.framework/Versions/A/UIFoundation
0x000000000c200000 	/System/Library/Frameworks/IOSurface.framework/Versions/A/IOSurface
0x000000000c200000 	/System/Library/Frameworks/AudioToolbox.framework/Versions/A/AudioToolbox
0x000000000c200000 	/System/Library/Frameworks/AudioUnit.framework/Versions/A/AudioUnit
0x000000000c200000 	/System/Library/PrivateFrameworks/DataDetectorsCore.framework/Versions/A/DataDetectorsCore
0x000000000c200000 	/System/Library/PrivateFrameworks/DesktopServicesPriv.framework/Versions/A/DesktopServicesPriv
0x000000000c200000 	/System/Library/Frameworks/Carbon.framework/Versions/A/Frameworks/HIToolbox.framework/Versions/A/HIToolbox
0x000000000c200000 	/System/Library/Frameworks/QuartzCore.framework/Versions/A/QuartzCore
0x000000000c200000 	/System/Library/Frameworks/Carbon.framework/Versions/A/Frameworks/SpeechRecognition.framework/Versions/A/SpeechRecognition
0x000000000c200000 	/usr/lib/libauto.dylib
0x000000000c200000 	/usr/lib/libicucore.A.dylib
0x000000000c200000 	/usr/lib/libxml2.2.dylib
0x000000000c200000 	/System/Library/PrivateFrameworks/CoreUI.framework/Versions/A/CoreUI
0x000000000c200000 	/System/Library/Frameworks/CoreAudio.framework/Versions/A/CoreAudio
0x000000000c200000 	/System/Library/Frameworks/DiskArbitration.framework/Versions/A/DiskArbitration
0x000000000c200000 	/usr/lib/liblangid.dylib
0x000000000c200000 	/System/Library/PrivateFrameworks/MultitouchSupport.framework/Versions/A/MultitouchSupport
0x000000000c200000 	/System/Library/Frameworks/IOKit.framework/Versions/A/IOKit
0x000000000c200000 	/usr/lib/libDiagnosticMessagesClient.dylib
0x000000000c200000 	/System/Library/Frameworks/CoreServices.framework/Versions/A/CoreServices
0x000000000c200000 	/System/Library/PrivateFrameworks/PerformanceAnalysis.framework/Versions/A/PerformanceAnalysis
0x000000000c200000 	/System/Library/PrivateFrameworks/GenerationalStorage.framework/Versions/A/GenerationalStorage
0x000000000c200000 	/System/Library/Frameworks/OpenGL.framework/Versions/A/OpenGL
0x000000000c200000 	/System/Library/PrivateFrameworks/Sharing.framework/Versions/A/Sharing
0x000000000c200000 	/System/Library/Frameworks/CoreGraphics.framework/Versions/A/CoreGraphics
0x000000000c200000 	/System/Library/Frameworks/CoreText.framework/Versions/A/CoreText
0x000000000c200000 	/System/Library/Frameworks/ImageIO.framework/Versions/A/ImageIO
0x000000000c200000 	/usr/lib/libextension.dylib
0x000000000c200000 	/System/Library/PrivateFrameworks/Backup.framework/Versions/A/Backup
0x000000000c200000 	/usr/lib/libarchive.2.dylib
0x000000000c200000 	/System/Library/Frameworks/CFNetwork.framework/Versions/A/CFNetwork
0x000000000c200000 	/System/Library/Frameworks/SystemConfiguration.framework/Versions/A/SystemConfiguration
0x000000000c200000 	/usr/lib/libCRFSuite.dylib
0x000000000c200000 	/usr/lib/libc++.1.dylib
0x000000000c200000 	/usr/lib/libc++abi.dylib
0x000000000c200000 	/usr/lib/system/libcache.dylib
0x000000000c200000 	/usr/lib/system/libcommonCrypto.dylib
0x000000000c200000 	/usr/lib/system/libcompiler_rt.dylib
0x000000000c200000 	/usr/lib/system/libcopyfile.dylib
0x000000000c200000 	/usr/lib/system/libcorecrypto.dylib
0x000000000c200000 	/usr/lib/system/libdispatch.dylib
0x000000000c200000 	/usr/lib/system/libdyld.dylib
0x000000000c200000 	/usr/lib/system/libkeymgr.dylib
0x000000000c200000 	/usr/lib/system/liblaunch.dylib
0x000000000c200000 	/usr/lib/system/libmacho.dylib
0x000000000c200000 	/usr/lib/system/libquarantine.dylib
0x000000000c200000 	/usr/lib/system/libremovefile.dylib
0x000000000c200000 	/usr/lib/system/libsystem_asl.dylib
0x000000000c200000 	/usr/lib/system/libsystem_blocks.dylib
0x000000000c200000 	/usr/lib/system/libsystem_c.dylib
0x000000000c200000 	/usr/lib/system/libsystem_configuration.dylib
0x000000000c200000 	/usr/lib/system/libsystem_coreservices.dylib
0x000000000c200000 	/usr/lib/system/libsystem_coretls.dylib
0x000000000c200000 	/usr/lib/system/libsystem_dnssd.dylib
0x000000000c200000 	/usr/lib/system/libsystem_info.dylib
0x000000000c200000 	/usr/lib/system/libsystem_kernel.dylib
0x000000000c200000 	/usr/lib/system/libsystem_m.dylib
0x000000000c200000 	/usr/lib/system/libsystem_malloc.dylib
0x000000000c200000 	/usr/lib/system/libsystem_network.dylib
0x000000000c200000 	/usr/lib/system/libsystem_networkextension.dylib
0x000000000c200000 	/usr/lib/system/libsystem_notify.dylib
0x000000000c200000 	/usr/lib/system/libsystem_platform.dylib
0x000000000c200000 	/usr/lib/system/libsystem_pthread.dylib
0x000000000c200000 	/usr/lib/system/libsystem_sandbox.dylib
0x000000000c200000 	/usr/lib/system/libsystem_secinit.dylib
0x000000000c200000 	/usr/lib/system/libsystem_stats.dylib
0x000000000c200000 	/usr/lib/system/libsystem_trace.dylib
0x000000000c200000 	/usr/lib/system/libunc.dylib
0x000000000c200000 	/usr/lib/system/libunwind.dylib
0x000000000c200000 	/usr/lib/system/libxpc.dylib
0x000000000c200000 	/usr/lib/libbz2.1.0.dylib
0x000000000c200000 	/usr/lib/liblzma.5.dylib
0x000000000c200000 	/usr/lib/libbsm.0.dylib
0x000000000c200000 	/usr/lib/libsqlite3.dylib
0x000000000c200000 	/usr/lib/system/libkxld.dylib
0x000000000c200000 	/usr/lib/libxar.1.dylib
0x000000000c200000 	/usr/lib/libpam.2.dylib
0x000000000c200000 	/usr/lib/libOpenScriptingUtil.dylib
0x000000000c200000 	/System/Library/Frameworks/CoreServices.framework/Versions/A/Frameworks/FSEvents.framework/Versions/A/FSEvents
0x000000000c200000 	/System/Library/Frameworks/CoreServices.framework/Versions/A/Frameworks/CarbonCore.framework/Versions/A/CarbonCore
0x000000000c200000 	/System/Library/Frameworks/CoreServices.framework/Versions/A/Frameworks/Metadata.framework/Versions/A/Metadata
0x000000000c200000 	/System/Library/Frameworks/CoreServices.framework/Versions/A/Frameworks/OSServices.framework/Versions/A/OSServices
0x000000000c200000 	/System/Library/Frameworks/CoreServices.framework/Versions/A/Frameworks/SearchKit.framework/Versions/A/SearchKit
0x000000000c200000 	/System/Library/Frameworks/CoreServices.framework/Versions/A/Frameworks/AE.framework/Versions/A/AE
0x000000000c200000 	/System/Library/Frameworks/CoreServices.framework/Versions/A/Frameworks/LaunchServices.framework/Versions/A/LaunchServices
0x000000000c200000 	/System/Library/Frameworks/CoreServices.framework/Versions/A/Frameworks/DictionaryServices.framework/Versions/A/DictionaryServices
0x000000000c200000 	/System/Library/Frameworks/NetFS.framework/Versions/A/NetFS
0x000000000c200000 	/System/Library/PrivateFrameworks/NetAuth.framework/Versions/A/NetAuth
0x000000000c200000 	/System/Library/PrivateFrameworks/login.framework/Versions/A/Frameworks/loginsupport.framework/Versions/A/loginsupport
0x000000000c200000 	/System/Library/PrivateFrameworks/TCC.framework/Versions/A/TCC
0x000000000c200000 	/usr/lib/libmecabra.dylib
0x000000000c200000 	/System/Library/Frameworks/ApplicationServices.framework/Versions/A/Frameworks/ATS.framework/Versions/A/ATS
0x000000000c200000 	/System/Library/Frameworks/ApplicationServices.framework/Versions/A/Frameworks/ColorSync.framework/Versions/A/ColorSync
0x000000000c200000 	/System/Library/Frameworks/ApplicationServices.framework/Versions/A/Frameworks/HIServices.framework/Versions/A/HIServices
0x000000000c200000 	/System/Library/Frameworks/ApplicationServices.framework/Versions/A/Frameworks/LangAnalysis.framework/Versions/A/LangAnalysis
0x000000000c200000 	/System/Library/Frameworks/ApplicationServices.framework/Versions/A/Frameworks/PrintCore.framework/Versions/A/PrintCore
0x000000000c200000 	/System/Library/Frameworks/ApplicationServices.framework/Versions/A/Frameworks/QD.framework/Versions/A/QD
0x000000000c200000 	/System/Library/Frameworks/ApplicationServices.framework/Versions/A/Frameworks/SpeechSynthesis.framework/Versions/A/SpeechSynthesis
0x000000000c200000 	/System/Library/Frameworks/Accelerate.framework/Versions/A/Accelerate
0x000000000c200000 	/System/Library/Frameworks/Accelerate.framework/Versions/A/Frameworks/vImage.framework/Versions/A/vImage
0x000000000c200000 	/System/Library/Frameworks/Accelerate.framework/Versions/A/Frameworks/vecLib.framework/Versions/A/vecLib
0x000000000c200000 	/System/Library/Frameworks/Accelerate.framework/Versions/A/Frameworks/vecLib.framework/Versions/A/libvDSP.dylib
0x000000000c200000 	/System/Library/Frameworks/Accelerate.framework/Versions/A/Frameworks/vecLib.framework/Versions/A/libvMisc.dylib
0x000000000c200000 	/System/Library/Frameworks/Accelerate.framework/Versions/A/Frameworks/vecLib.framework/Versions/A/libLAPACK.dylib
0x000000000c200000 	/System/Library/Frameworks/Accelerate.framework/Versions/A/Frameworks/vecLib.framework/Versions/A/libBLAS.dylib
0x000000000c200000 	/System/Library/Frameworks/Accelerate.framework/Versions/A/Frameworks/vecLib.framework/Versions/A/libLinearAlgebra.dylib
0x000000000c200000 	/System/Library/Frameworks/ApplicationServices.framework/Versions/A/Frameworks/ATS.framework/Versions/A/Resources/libFontParser.dylib
0x000000000c200000 	/System/Library/Frameworks/ApplicationServices.framework/Versions/A/Frameworks/ATS.framework/Versions/A/Resources/libFontRegistry.dylib
0x000000000c200000 	/System/Library/PrivateFrameworks/AppleVPA.framework/Versions/A/AppleVPA
0x000000000c200000 	/System/Library/PrivateFrameworks/AppleJPEG.framework/Versions/A/AppleJPEG
0x000000000c200000 	/System/Library/Frameworks/ImageIO.framework/Versions/A/Resources/libJPEG.dylib
0x000000000c200000 	/System/Library/Frameworks/ImageIO.framework/Versions/A/Resources/libTIFF.dylib
0x000000000c200000 	/System/Library/Frameworks/ImageIO.framework/Versions/A/Resources/libPng.dylib
0x000000000c200000 	/System/Library/Frameworks/ImageIO.framework/Versions/A/Resources/libGIF.dylib
0x000000000c200000 	/System/Library/Frameworks/ImageIO.framework/Versions/A/Resources/libJP2.dylib
0x000000000c200000 	/System/Library/Frameworks/ImageIO.framework/Versions/A/Resources/libRadiance.dylib
0x000000000c200000 	/System/Library/Frameworks/CoreVideo.framework/Versions/A/CoreVideo
0x000000000c200000 	/System/Library/Frameworks/OpenGL.framework/Versions/A/Libraries/libGLU.dylib
0x000000000c200000 	/System/Library/Frameworks/OpenGL.framework/Versions/A/Libraries/libGFXShared.dylib
0x000000000c200000 	/System/Library/Frameworks/OpenGL.framework/Versions/A/Libraries/libGL.dylib
0x000000000c200000 	/System/Library/Frameworks/OpenGL.framework/Versions/A/Libraries/libGLImage.dylib
0x000000000c200000 	/System/Library/Frameworks/OpenGL.framework/Versions/A/Libraries/libCVMSPluginSupport.dylib
0x000000000c200000 	/System/Library/Frameworks/OpenGL.framework/Versions/A/Libraries/libCoreVMClient.dylib
0x000000000c200000 	/usr/lib/libcups.2.dylib
0x000000000c200000 	/System/Library/Frameworks/Kerberos.framework/Versions/A/Kerberos
0x000000000c200000 	/System/Library/Frameworks/GSS.framework/Versions/A/GSS
0x000000000c200000 	/usr/lib/libresolv.9.dylib
0x000000000c200000 	/usr/lib/libiconv.2.dylib
0x000000000c200000 	/System/Library/PrivateFrameworks/Heimdal.framework/Versions/A/Heimdal
0x000000000c200000 	/usr/lib/libheimdal-asn1.dylib
0x000000000c200000 	/System/Library/Frameworks/OpenDirectory.framework/Versions/A/OpenDirectory
0x000000000c200000 	/System/Library/PrivateFrameworks/CommonAuth.framework/Versions/A/CommonAuth
0x000000000c200000 	/System/Library/Frameworks/OpenDirectory.framework/Versions/A/Frameworks/CFOpenDirectory.framework/Versions/A/CFOpenDirectory
0x000000000c200000 	/System/Library/Frameworks/SecurityFoundation.framework/Versions/A/SecurityFoundation
0x000000000c200000 	/System/Library/PrivateFrameworks/LanguageModeling.framework/Versions/A/LanguageModeling
0x000000000c200000 	/usr/lib/libcmph.dylib
0x000000000c200000 	/System/Library/Frameworks/ServiceManagement.framework/Versions/A/ServiceManagement
0x000000000c200000 	/usr/lib/libxslt.1.dylib
0x000000000c200000 	/System/Library/Frameworks/Carbon.framework/Versions/A/Frameworks/Ink.framework/Versions/A/Ink
0x000000000c200000 	/System/Library/Frameworks/QuartzCore.framework/Versions/A/Frameworks/CoreImage.framework/Versions/A/CoreImage
0x000000000c200000 	/System/Library/PrivateFrameworks/CrashReporterSupport.framework/Versions/A/CrashReporterSupport
0x000000000c200000 	/System/Library/Frameworks/OpenCL.framework/Versions/A/OpenCL
0x000000000c200000 	/System/Library/PrivateFrameworks/FaceCore.framework/Versions/A/FaceCore
0x000000000c200000 	/System/Library/PrivateFrameworks/Ubiquity.framework/Versions/A/Ubiquity
0x000000000c200000 	/System/Library/PrivateFrameworks/IconServices.framework/Versions/A/IconServices
0x000000000c200000 	/System/Library/PrivateFrameworks/ChunkingLibrary.framework/Versions/A/ChunkingLibrary
0x000000000c200000 	/System/Library/PrivateFrameworks/Apple80211.framework/Versions/A/Apple80211
0x000000000c200000 	/System/Library/Frameworks/CoreWLAN.framework/Versions/A/CoreWLAN
0x000000000c200000 	/System/Library/Frameworks/IOBluetooth.framework/Versions/A/IOBluetooth
0x000000000c200000 	/System/Library/PrivateFrameworks/CoreWiFi.framework/Versions/A/CoreWiFi
0x000000000c200000 	/System/Library/Frameworks/CoreBluetooth.framework/Versions/A/CoreBluetooth
0x000000000c200000 	/System/Library/PrivateFrameworks/DebugSymbols.framework/Versions/A/DebugSymbols
0x000000000c200000 	/System/Library/PrivateFrameworks/CoreSymbolication.framework/Versions/A/CoreSymbolication
0x000000000c200000 	/System/Library/PrivateFrameworks/Symbolication.framework/Versions/A/Symbolication
0x000000000c200000 	/System/Library/PrivateFrameworks/SpeechRecognitionCore.framework/Versions/A/SpeechRecognitionCore
0x0000000108400000 	/Library/Java/JavaVirtualMachines/jdk1.8.0_20.jdk/Contents/Home/jre/lib/server/libjvm.dylib
0x000000000c200000 	/usr/lib/libstdc++.6.dylib
0x0000000107b1e000 	/Library/Java/JavaVirtualMachines/jdk1.8.0_20.jdk/Contents/Home/jre/lib/libverify.dylib
0x0000000107b2c000 	/Library/Java/JavaVirtualMachines/jdk1.8.0_20.jdk/Contents/Home/jre/lib/libjava.dylib
0x0000000107b6a000 	/Library/Java/JavaVirtualMachines/jdk1.8.0_20.jdk/Contents/Home/jre/lib/libzip.dylib
0x0000000107be4000 	/System/Library/Frameworks/JavaVM.framework/Frameworks/JavaRuntimeSupport.framework/JavaRuntimeSupport
0x000000011f422000 	/System/Library/Frameworks/JavaVM.framework/Versions/A/Frameworks/JavaNativeFoundation.framework/Versions/A/JavaNativeFoundation
0x000000011f436000 	/System/Library/Frameworks/JavaVM.framework/Versions/A/JavaVM
0x000000000c200000 	/System/Library/Frameworks/Carbon.framework/Versions/A/Carbon
0x000000011f442000 	/System/Library/PrivateFrameworks/JavaLaunching.framework/Versions/A/JavaLaunching
0x000000000c200000 	/System/Library/Frameworks/Carbon.framework/Versions/A/Frameworks/CommonPanels.framework/Versions/A/CommonPanels
0x000000000c200000 	/System/Library/Frameworks/Carbon.framework/Versions/A/Frameworks/Help.framework/Versions/A/Help
0x000000000c200000 	/System/Library/Frameworks/Carbon.framework/Versions/A/Frameworks/ImageCapture.framework/Versions/A/ImageCapture
0x000000000c200000 	/System/Library/Frameworks/Carbon.framework/Versions/A/Frameworks/OpenScripting.framework/Versions/A/OpenScripting
0x000000000c200000 	/System/Library/Frameworks/Carbon.framework/Versions/A/Frameworks/Print.framework/Versions/A/Print
0x000000000c200000 	/System/Library/Frameworks/Carbon.framework/Versions/A/Frameworks/SecurityHI.framework/Versions/A/SecurityHI
0x00000001211ec000 	/Library/Java/JavaVirtualMachines/jdk1.8.0_20.jdk/Contents/Home/jre/lib/libawt.dylib
0x000000012129b000 	/Library/Java/JavaVirtualMachines/jdk1.8.0_20.jdk/Contents/Home/jre/lib/./libmlib_image.dylib
0x0000000121367000 	/Library/Java/JavaVirtualMachines/jdk1.8.0_20.jdk/Contents/Home/jre/lib/libawt_lwawt.dylib
0x000000012141a000 	/Library/Java/JavaVirtualMachines/jdk1.8.0_20.jdk/Contents/Home/jre/lib/./libosxapp.dylib
0x000000000c200000 	/System/Library/Frameworks/ExceptionHandling.framework/Versions/A/ExceptionHandling
0x000000000c200000 	/System/Library/PrivateFrameworks/CoreServicesInternal.framework/Versions/A/CoreServicesInternal
0x000000000c200000 	/System/Library/PrivateFrameworks/CloudDocs.framework/Versions/A/CloudDocs
0x000000000c200000 	/System/Library/PrivateFrameworks/CoreDuet.framework/Versions/A/CoreDuet
0x000000000c200000 	/System/Library/Frameworks/CloudKit.framework/Versions/A/CloudKit
0x000000000c200000 	/System/Library/PrivateFrameworks/ProtocolBuffer.framework/Versions/A/ProtocolBuffer
0x000000000c200000 	/System/Library/PrivateFrameworks/CoreDuetDaemonProtocol.framework/Versions/A/CoreDuetDaemonProtocol
0x000000000c200000 	/System/Library/PrivateFrameworks/CoreDuetDebugLogging.framework/Versions/A/CoreDuetDebugLogging
0x000000000c200000 	/System/Library/Frameworks/CoreLocation.framework/Versions/A/CoreLocation
0x000000000c200000 	/System/Library/Frameworks/Accounts.framework/Versions/A/Accounts
0x000000000c200000 	/System/Library/PrivateFrameworks/ApplePushService.framework/Versions/A/ApplePushService
0x000000000c200000 	/System/Library/PrivateFrameworks/GeoServices.framework/Versions/A/GeoServices
0x000000000c200000 	/System/Library/PrivateFrameworks/OAuth.framework/Versions/A/OAuth
0x000000000c200000 	/System/Library/PrivateFrameworks/CoreDaemon.framework/Versions/B/CoreDaemon
0x000000000c200000 	/usr/lib/libcrypto.0.9.8.dylib
0x000000000c200000 	/System/Library/PrivateFrameworks/AppleSRP.framework/Versions/A/AppleSRP
0x000000000c200000 	/System/Library/PrivateFrameworks/TrustEvaluationAgent.framework/Versions/A/TrustEvaluationAgent
0x000000000c200000 	/System/Library/Frameworks/CoreGraphics.framework/Versions/A/Resources/libCGCMS.A.dylib
0x000000000c200000 	/System/Library/Frameworks/CoreGraphics.framework/Versions/A/Resources/libRIP.A.dylib
0x000000000c200000 	/System/Library/Frameworks/CoreGraphics.framework/Versions/A/Resources/libCGXType.A.dylib
0x000000000c200000 	/System/Library/Frameworks/OpenCL.framework/Versions/A/Libraries/libcldcpuengine.dylib
0x000000000c200000 	/System/Library/PrivateFrameworks/DiskImages.framework/Versions/A/DiskImages
0x000000000c200000 	/System/Library/Frameworks/DiscRecording.framework/Versions/A/DiscRecording
0x000000000c200000 	/usr/lib/libcsfde.dylib
0x000000000c200000 	/usr/lib/libcurl.4.dylib
0x000000000c200000 	/System/Library/PrivateFrameworks/MediaKit.framework/Versions/A/MediaKit
0x000000000c200000 	/System/Library/PrivateFrameworks/ProtectedCloudStorage.framework/Versions/A/ProtectedCloudStorage
0x000000000c200000 	/usr/lib/libCoreStorage.dylib
0x000000000c200000 	/System/Library/PrivateFrameworks/EFILogin.framework/Versions/A/EFILogin
0x000000000c200000 	/usr/lib/libutil.dylib
0x000000000c200000 	/System/Library/PrivateFrameworks/FindMyDevice.framework/Versions/A/FindMyDevice
0x000000000c200000 	/System/Library/Frameworks/LDAP.framework/Versions/A/LDAP
0x000000000c200000 	/usr/lib/libsasl2.2.dylib
0x000000012407a000 	cl_kernels
0x000000012407c000 	/System/Library/Frameworks/OpenCL.framework/Versions/A/Libraries/ImageFormats/unorm8_bgra.dylib
0x000000012406b000 	cl_kernels
0x000000000c200000 	/System/Library/PrivateFrameworks/FamilyControls.framework/Versions/A/FamilyControls
0x000000000c200000 	/System/Library/PrivateFrameworks/CommerceKit.framework/Versions/A/Frameworks/CommerceCore.framework/Versions/A/CommerceCore
0x000000000c200000 	/System/Library/PrivateFrameworks/SystemAdministration.framework/Versions/A/SystemAdministration
0x000000000c200000 	/System/Library/PrivateFrameworks/AppContainer.framework/Versions/A/AppContainer
0x000000000c200000 	/System/Library/PrivateFrameworks/SecCodeWrapper.framework/Versions/A/SecCodeWrapper
0x000000000c200000 	/System/Library/Frameworks/DirectoryService.framework/Versions/A/DirectoryService
0x000000000c200000 	/System/Library/PrivateFrameworks/LoginUIKit.framework/Versions/A/Frameworks/LoginUICore.framework/Versions/A/LoginUICore
0x000000000c200000 	/usr/lib/libodfde.dylib
0x0000000125277000 	/Library/Java/JavaVirtualMachines/jdk1.8.0_20.jdk/Contents/Home/jre/lib/libfontmanager.dylib
0x00000001252dd000 	/Users/student/Documents/Workspace_AP/ChronoMaymay/natives/macosx/liblwjgl.dylib
0x00000001235a0000 	/Library/Java/JavaVirtualMachines/jdk1.8.0_20.jdk/Contents/Home/jre/lib/libjawt.dylib
0x000000000c200000 	/System/Library/Frameworks/OpenGL.framework/Versions/A/Resources/GLEngine.bundle/GLEngine
0x000000000c200000 	/System/Library/Frameworks/OpenGL.framework/Versions/A/Libraries/libGLProgrammability.dylib
0x0000000000000000 	/System/Library/Extensions/GeForceGLDriver.bundle/Contents/MacOS/GeForceGLDriver
0x000000000c200000 	/System/Library/Extensions/GeForceGLDriver.bundle/Contents/MacOS/libclh.dylib
0x000000000c200000 	/System/Library/PrivateFrameworks/IOAccelerator.framework/Versions/A/IOAccelerator
0x000000000c200000 	/System/Library/PrivateFrameworks/GPUSupport.framework/Versions/A/Libraries/libGPUSupportMercury.dylib
0x000000000c200000 	/System/Library/Frameworks/OpenGL.framework/Versions/A/Resources/GLRendererFloat.bundle/GLRendererFloat

VM Arguments:
jvm_args: -Dfile.encoding=UTF-8 
java_command: framework.Game
java_class_path (initial): /Users/student/Documents/Workspace_AP/ChronoMaymay/bin:/Users/student/Documents/Workspace_AP/ChronoMaymay/jars/lwjgl_util.jar:/Users/student/Documents/Workspace_AP/ChronoMaymay/jars/lwjgl.jar:/Users/student/Documents/Workspace_AP/ChronoMaymay/jars/slick.jar
Launcher Type: SUN_STANDARD

Environment Variables:
PATH=/usr/bin:/bin:/usr/sbin:/sbin
SHELL=/bin/bash

Signal Handlers:
SIGSEGV: [libjvm.dylib+0x578fd7], sa_mask[0]=11111111011111110111111111111111, sa_flags=SA_ONSTACK|SA_RESTART|SA_SIGINFO
SIGBUS: [libjvm.dylib+0x578fd7], sa_mask[0]=11111111011111110111111111111111, sa_flags=SA_RESTART|SA_SIGINFO
SIGFPE: [libjvm.dylib+0x45ab0c], sa_mask[0]=11111111011111110111111111111111, sa_flags=SA_RESTART|SA_SIGINFO
SIGPIPE: [libjvm.dylib+0x45ab0c], sa_mask[0]=11111111011111110111111111111111, sa_flags=SA_RESTART|SA_SIGINFO
SIGXFSZ: [libjvm.dylib+0x45ab0c], sa_mask[0]=11111111011111110111111111111111, sa_flags=SA_RESTART|SA_SIGINFO
SIGILL: [libjvm.dylib+0x45ab0c], sa_mask[0]=11111111011111110111111111111111, sa_flags=SA_RESTART|SA_SIGINFO
SIGUSR1: SIG_DFL, sa_mask[0]=00000000000000000000000000000000, sa_flags=none
SIGUSR2: [libjvm.dylib+0x45a62a], sa_mask[0]=00100000000000000000000000000000, sa_flags=SA_RESTART|SA_SIGINFO
SIGHUP: [libjvm.dylib+0x458bfd], sa_mask[0]=11111111011111110111111111111111, sa_flags=SA_RESTART|SA_SIGINFO
SIGINT: [libjvm.dylib+0x458bfd], sa_mask[0]=11111111011111110111111111111111, sa_flags=SA_RESTART|SA_SIGINFO
SIGTERM: [libjvm.dylib+0x458bfd], sa_mask[0]=11111111011111110111111111111111, sa_flags=SA_RESTART|SA_SIGINFO
SIGQUIT: [libjvm.dylib+0x458bfd], sa_mask[0]=11111111011111110111111111111111, sa_flags=SA_RESTART|SA_SIGINFO


---------------  S Y S T E M  ---------------

OS:Bsduname:Darwin 14.1.0 Darwin Kernel Version 14.1.0: Mon Dec 22 23:10:38 PST 2014; root:xnu-2782.10.72~2/RELEASE_X86_64 x86_64
rlimit: STACK 8192k, CORE 0k, NPROC 709, NOFILE 10240, AS infinity
load average:0.88 0.64 0.67

CPU:total 4 (4 cores per cpu, 1 threads per core) family 6 model 58 stepping 9, cmov, cx8, fxsr, mmx, sse, sse2, sse3, ssse3, sse4.1, sse4.2, popcnt, avx, aes, clmul, erms, tsc, tscinvbit, tscinv

Memory: 4k page, physical 8388608k(3168564k free)

/proc/meminfo:


vm_info: Java HotSpot(TM) 64-Bit Server VM (25.20-b23) for bsd-amd64 JRE (1.8.0_20-b26), built on Jul 30 2014 13:37:47 by "java_re" with gcc 4.2.1 (Based on Apple Inc. build 5658) (LLVM build 2336.9.00)

time: Tue Apr 21 16:54:20 2015
elapsed time: 10 seconds (0d 0h 0m 10s)

