#
# A fatal error has been detected by the Java Runtime Environment:
#
#  SIGSEGV (0xb) at pc=0x00007fff91da20dd, pid=1016, tid=1811
#
# JRE version: Java(TM) SE Runtime Environment (8.0_20-b26) (build 1.8.0_20-b26)
# Java VM: Java HotSpot(TM) 64-Bit Server VM (25.20-b23 mixed mode bsd-amd64 compressed oops)
# Problematic frame:
# C  [libobjc.A.dylib+0x10dd]  objc_msgSend+0x1d
#
# Failed to write core dump. Core dumps have been disabled. To enable core dumping, try "ulimit -c unlimited" before starting Java again
#
# If you would like to submit a bug report, please visit:
#   http://bugreport.sun.com/bugreport/crash.jsp
# The crash happened outside the Java Virtual Machine in native code.
# See problematic frame for where to report the bug.
#

---------------  T H R E A D  ---------------

Current thread (0x00007fe6c2068800):  JavaThread "AppKit Thread" daemon [_thread_in_native, id=1811, stack(0x00007fff59384000,0x00007fff59b84000)]

siginfo: si_signo: 11 (SIGSEGV), si_code: 1 (SEGV_MAPERR), si_addr: 0x000007fe6c1f5040

Registers:
RAX=0x00007fe6c1f50280, RBX=0x00007fff59b7f9c8, RCX=0x0000000000000000, RDX=0x00007fe6c1d7c3c0
RSP=0x00007fff59b7f7e8, RBP=0x00007fff59b7f7f0, RSI=0x00007fff9bb2c2b4, RDI=0x00007fe6c1f50280
R8 =0x00007fff59b7f7d0, R9 =0x0000000000000056, R10=0x00007fff9bb2c2b4, R11=0x000007fe6c1f5028
R12=0x00007fe6c1e12a80, R13=0x00000000000f42ec, R14=0x00007fe6c1d12f10, R15=0x00007fff59b7f928
RIP=0x00007fff91da20dd, EFLAGS=0x0000000000010206, ERR=0x0000000000000004
  TRAPNO=0x000000000000000e

Top of Stack: (sp=0x00007fff59b7f7e8)
0x00007fff59b7f7e8:   00007fff97093cdc 00007fff59b7fb50
0x00007fff59b7f7f8:   00007fff96f85244 00007fff59b7f87c
0x00007fff59b7f808:   00007fff59b7f880 00007fff59b7f884
0x00007fff59b7f818:   00007fff7c635c88 ffffffffffffffff
0x00007fff59b7f828:   0000000000000810 00007fff7c635ca0
0x00007fff59b7f838:   00007fe6c1d12f10 0000000000000000
0x00007fff59b7f848:   00007fff59b7f920 0000000000000000
0x00007fff59b7f858:   00007fe6c1e6b330 00007fff59b7f9a0
0x00007fff59b7f868:   0000000000000056 00000000000f42ee
0x00007fff59b7f878:   00007fe6c1d7c3c0 00007fe6c1e6ad60
0x00007fff59b7f888:   00007fe6c1e12a80 0000000000000001
0x00007fff59b7f898:   00000000000f42ec 00007fe6c1e12a70
0x00007fff59b7f8a8:   00007fff8dadf7ba 00000001c38d1370
0x00007fff59b7f8b8:   00007fff7c5320d0 0000000042000000
0x00007fff59b7f8c8:   00007fff8dae7e13 00007fff7c6001d0
0x00007fff59b7f8d8:   00007fff59b7f9a8 0000000000000000
0x00007fff59b7f8e8:   00007fff7d1c98c8 0000000000000000
0x00007fff59b7f8f8:   0000000000000024 00025a0300000001
0x00007fff59b7f908:   00007fe6c1e12aa4 0000000000000000
0x00007fff59b7f918:   0000000000402a01 00007fe6c1e6b3b0
0x00007fff59b7f928:   00007fe6c1d12f10 0000000000000000
0x00007fff59b7f938:   00007fff9bb6434c 00007fff59b7f9e0
0x00007fff59b7f948:   00007fff8eafb513 00007fff59b7f9c4
0x00007fff59b7f958:   0000000000402b01 00000000ffffffff
0x00007fff59b7f968:   00007fff7d1c98c8 0000000000402b00
0x00007fff59b7f978:   00007fff00000000 00007fff59b7fa70
0x00007fff59b7f988:   00007fff9aad8edc 00007fff7d1c98e8
0x00007fff59b7f998:   00007fff9bb6434c 0000000000000051
0x00007fff59b7f9a8:   0000000000000000 00000000000f42df
0x00007fff59b7f9b8:   0000000000000053 0000000000000000
0x00007fff59b7f9c8:   00000000000f42ec 00007fff59b7fa44
0x00007fff59b7f9d8:   0000000000403601 00000000ffffffff 

Instructions: (pc=0x00007fff91da20dd)
0x00007fff91da20bd:   00 00 00 48 85 ff 2e 74 7a 40 f6 c7 01 2e 75 7e
0x00007fff91da20cd:   49 bb f8 ff ff ff ff 7f 00 00 4c 23 1f 49 89 f2
0x00007fff91da20dd:   45 23 53 18 49 c1 e2 04 4d 03 53 10 49 3b 32 75
0x00007fff91da20ed:   04 41 ff 62 08 49 83 3a 00 74 6a 4d 3b 53 10 74 

Register to memory mapping:

RAX=0x00007fe6c1f50280 is an unknown value
RBX=0x00007fff59b7f9c8 is pointing into the stack for thread: 0x00007fe6c2068800
RCX=0x0000000000000000 is an unknown value
RDX=0x00007fe6c1d7c3c0 is an unknown value
RSP=0x00007fff59b7f7e8 is pointing into the stack for thread: 0x00007fe6c2068800
RBP=0x00007fff59b7f7f0 is pointing into the stack for thread: 0x00007fe6c2068800
RSI=0x00007fff9bb2c2b4: -[NSTitlebarContainerView shouldRoundCorners]+0x5ced6 in /System/Library/Frameworks/AppKit.framework/Versions/C/AppKit at 0x00007fff9b15b000
RDI=0x00007fe6c1f50280 is an unknown value
R8 =0x00007fff59b7f7d0 is pointing into the stack for thread: 0x00007fe6c2068800
R9 =0x0000000000000056 is an unknown value
R10=0x00007fff9bb2c2b4: -[NSTitlebarContainerView shouldRoundCorners]+0x5ced6 in /System/Library/Frameworks/AppKit.framework/Versions/C/AppKit at 0x00007fff9b15b000
R11=0x000007fe6c1f5028 is an unknown value
R12=0x00007fe6c1e12a80 is an unknown value
R13=0x00000000000f42ec is an unknown value
R14=0x00007fe6c1d12f10 is an unknown value
R15=0x00007fff59b7f928 is pointing into the stack for thread: 0x00007fe6c2068800


Stack: [0x00007fff59384000,0x00007fff59b84000],  sp=0x00007fff59b7f7e8,  free space=8173k
Native frames: (J=compiled Java code, j=interpreted, Vv=VM code, C=native code)
C  [libobjc.A.dylib+0x10dd]  objc_msgSend+0x1d
C  [CoreFoundation+0x10244]  _CFXNotificationPost+0xc44
C  [Foundation+0x2c31]  -[NSNotificationCenter postNotificationName:object:userInfo:]+0x42
C  [AppKit+0xdd776]  -[NSSurface _disposeSurface]+0x98
C  [AppKit+0xdd1da]  -[NSSurface setWindow:]+0x42
C  [AppKit+0x3b9ef]  -[NSView _setWindow:]+0xa22
C  [AppKit+0x3cc22]  -[NSView removeFromSuperview]+0x1c5
C  [AppKit+0x9140a]  -[NSView removeFromSuperviewWithoutNeedingDisplay]+0x26
C  [liblwjgl.dylib+0xa205]  +[MacOSXKeyableWindow destroyWindow]+0xb5
C  [Foundation+0x65cdc]  __NSThreadPerformPerform+0x125
C  [CoreFoundation+0x80681]  __CFRUNLOOP_IS_CALLING_OUT_TO_A_SOURCE0_PERFORM_FUNCTION__+0x11
C  [CoreFoundation+0x7280d]  __CFRunLoopDoSources0+0x10d
C  [CoreFoundation+0x71e3f]  __CFRunLoopRun+0x39f
C  [CoreFoundation+0x71858]  CFRunLoopRunSpecific+0x128
C  [HIToolbox+0x2eaef]  RunCurrentEventLoopInMode+0xeb
C  [HIToolbox+0x2e86a]  ReceiveNextEventCommon+0x1af
C  [HIToolbox+0x2e6ab]  _BlockUntilNextEventMatchingListInModeWithFilter+0x47
C  [AppKit+0x23f81]  _DPSNextEvent+0x3c4
C  [AppKit+0x23730]  -[NSApplication nextEventMatchingMask:untilDate:inMode:dequeue:]+0xc2
C  [libosxapp.dylib+0x242a]  -[NSApplicationAWT nextEventMatchingMask:untilDate:inMode:dequeue:]+0x7c
C  [AppKit+0x17593]  -[NSApplication run]+0x252
C  [libosxapp.dylib+0x223e]  +[NSApplicationAWT runAWTLoopWithApp:]+0x9c
C  [libawt_lwawt.dylib+0x4494f]  -[AWTStarter starter:]+0x389
C  [Foundation+0x65cdc]  __NSThreadPerformPerform+0x125
C  [CoreFoundation+0x80681]  __CFRUNLOOP_IS_CALLING_OUT_TO_A_SOURCE0_PERFORM_FUNCTION__+0x11
C  [CoreFoundation+0x7280d]  __CFRunLoopDoSources0+0x10d
C  [CoreFoundation+0x71e3f]  __CFRunLoopRun+0x39f
C  [CoreFoundation+0x71858]  CFRunLoopRunSpecific+0x128
C  [java+0x56cc]  CreateExecutionEnvironment+0x367
C  [java+0x165c]  JLI_Launch+0x7a0
C  [java+0x768a]  main+0x65
C  [java+0xeb4]  start+0x34
C  0x0000000000000005


---------------  P R O C E S S  ---------------

Java Threads: ( => current thread )
  0x00007fe6c3816000 JavaThread "AWT-Shutdown" [_thread_blocked, id=28935, stack(0x0000000120fc0000,0x00000001210c0000)]
=>0x00007fe6c2068800 JavaThread "AppKit Thread" daemon [_thread_in_native, id=1811, stack(0x00007fff59384000,0x00007fff59b84000)]
  0x00007fe6c2010800 JavaThread "Service Thread" daemon [_thread_blocked, id=18179, stack(0x000000011f6c9000,0x000000011f7c9000)]
  0x00007fe6c2015000 JavaThread "C1 CompilerThread2" daemon [_thread_blocked, id=17667, stack(0x000000011f5c6000,0x000000011f6c6000)]
  0x00007fe6c3825000 JavaThread "C2 CompilerThread1" daemon [_thread_blocked, id=17155, stack(0x000000011f4c3000,0x000000011f5c3000)]
  0x00007fe6c3823800 JavaThread "C2 CompilerThread0" daemon [_thread_blocked, id=16643, stack(0x000000011f3c0000,0x000000011f4c0000)]
  0x00007fe6c2813000 JavaThread "Signal Dispatcher" daemon [_thread_blocked, id=13335, stack(0x000000011f2bd000,0x000000011f3bd000)]
  0x00007fe6c280e800 JavaThread "Finalizer" daemon [_thread_blocked, id=11523, stack(0x000000011d990000,0x000000011da90000)]
  0x00007fe6c280e000 JavaThread "Reference Handler" daemon [_thread_blocked, id=11011, stack(0x000000011d88d000,0x000000011d98d000)]
  0x00007fe6c3000000 JavaThread "main" [_thread_in_native, id=4867, stack(0x000000010791c000,0x0000000107a1c000)]

Other Threads:
  0x00007fe6c2809000 VMThread [stack: 0x000000011d78a000,0x000000011d88a000] [id=10499]
  0x00007fe6c3825800 WatcherThread [stack: 0x000000011f7cc000,0x000000011f8cc000] [id=18691]

VM state:not at safepoint (normal execution)

VM Mutex/Monitor currently owned by a thread: None

Heap:
 PSYoungGen      total 38400K, used 10217K [0x0000000795580000, 0x0000000798000000, 0x00000007c0000000)
  eden space 33280K, 30% used [0x0000000795580000,0x0000000795f7a758,0x0000000797600000)
  from space 5120K, 0% used [0x0000000797b00000,0x0000000797b00000,0x0000000798000000)
  to   space 5120K, 0% used [0x0000000797600000,0x0000000797600000,0x0000000797b00000)
 ParOldGen       total 87552K, used 0K [0x0000000740000000, 0x0000000745580000, 0x0000000795580000)
  object space 87552K, 0% used [0x0000000740000000,0x0000000740000000,0x0000000745580000)
 Metaspace       used 6263K, capacity 6365K, committed 6656K, reserved 1056768K
  class space    used 629K, capacity 693K, committed 768K, reserved 1048576K

Card table byte_map: [0x0000000116dde000,0x00000001171df000] byte_map_base: 0x00000001133de000

Marking Bits: (ParMarkBitMap*) 0x000000010729c330
 Begin Bits: [0x0000000117896000, 0x0000000119896000)
 End Bits:   [0x0000000119896000, 0x000000011b896000)

Polling page: 0x00000001061d3000

CodeCache: size=245760Kb used=2274Kb max_used=2285Kb free=243485Kb
 bounds [0x0000000107a1e000, 0x0000000107c8e000, 0x0000000116a1e000]
 total_blobs=936 nmethods=575 adapters=276
 compilation: enabled

Compilation events (10 events):
Event: 5.480 Thread 0x00007fe6c2015000  569       3       java.nio.Bits::putInt (20 bytes)
Event: 5.480 Thread 0x00007fe6c2015000 nmethod 569 0x0000000107c55250 code [0x0000000107c553c0, 0x0000000107c555b8]
Event: 5.513 Thread 0x00007fe6c2015000  571       3       sun.awt.AWTAutoShutdown::getInstance (4 bytes)
Event: 5.514 Thread 0x00007fe6c2015000 nmethod 571 0x0000000107c559d0 code [0x0000000107c55b20, 0x0000000107c55c50]
Event: 5.514 Thread 0x00007fe6c2015000  572   !   3       sun.awt.AWTAutoShutdown::setToolkitBusy (124 bytes)
Event: 5.514 Thread 0x00007fe6c2015000 nmethod 572 0x0000000107c55cd0 code [0x0000000107c55ea0, 0x0000000107c56728]
Event: 5.796 Thread 0x00007fe6c3825000  574   !   4       org.lwjgl.opengl.Display::isCreated (17 bytes)
Event: 5.797 Thread 0x00007fe6c3825000 nmethod 574 0x0000000107c59c90 code [0x0000000107c59de0, 0x0000000107c59ff8]
Event: 6.172 Thread 0x00007fe6c3823800  575       4       java.nio.DirectByteBuffer::put (18 bytes)
Event: 6.172 Thread 0x00007fe6c3823800 nmethod 575 0x0000000107c5a090 code [0x0000000107c5a1e0, 0x0000000107c5a278]

GC Heap History (0 events):
No events

Deoptimization events (0 events):
No events

Internal exceptions (10 events):
Event: 0.497 Thread 0x00007fe6c3000000 Exception <a 'java/io/FileNotFoundException'> (0x0000000795e59838) thrown at [/HUDSON3/workspace/8-2-build-macosx-x86_64/jdk8u20/1074/hotspot/src/share/vm/prims/jni.cpp, line 716]
Event: 0.497 Thread 0x00007fe6c3000000 Exception <a 'java/security/PrivilegedActionException'> (0x0000000795e5a220) thrown at [/HUDSON3/workspace/8-2-build-macosx-x86_64/jdk8u20/1074/hotspot/src/share/vm/prims/jvm.cpp, line 1275]
Event: 0.497 Thread 0x00007fe6c3000000 Exception <a 'java/io/FileNotFoundException'> (0x0000000795e5c5c8) thrown at [/HUDSON3/workspace/8-2-build-macosx-x86_64/jdk8u20/1074/hotspot/src/share/vm/prims/jni.cpp, line 716]
Event: 0.506 Thread 0x00007fe6c3000000 Exception <a 'java/io/FileNotFoundException'> (0x0000000795eb0aa8) thrown at [/HUDSON3/workspace/8-2-build-macosx-x86_64/jdk8u20/1074/hotspot/src/share/vm/prims/jni.cpp, line 716]
Event: 0.515 Thread 0x00007fe6c3000000 Exception <a 'java/io/FileNotFoundException'> (0x0000000795ed4ee8) thrown at [/HUDSON3/workspace/8-2-build-macosx-x86_64/jdk8u20/1074/hotspot/src/share/vm/prims/jni.cpp, line 716]
Event: 0.522 Thread 0x00007fe6c3000000 Exception <a 'java/io/FileNotFoundException'> (0x0000000795ef9be8) thrown at [/HUDSON3/workspace/8-2-build-macosx-x86_64/jdk8u20/1074/hotspot/src/share/vm/prims/jni.cpp, line 716]
Event: 0.530 Thread 0x00007fe6c3000000 Exception <a 'java/io/FileNotFoundException'> (0x0000000795f1e8a0) thrown at [/HUDSON3/workspace/8-2-build-macosx-x86_64/jdk8u20/1074/hotspot/src/share/vm/prims/jni.cpp, line 716]
Event: 0.536 Thread 0x00007fe6c3000000 Exception <a 'java/security/PrivilegedActionException'> (0x0000000795f1f800) thrown at [/HUDSON3/workspace/8-2-build-macosx-x86_64/jdk8u20/1074/hotspot/src/share/vm/prims/jvm.cpp, line 1275]
Event: 0.537 Thread 0x00007fe6c3000000 Exception <a 'java/security/PrivilegedActionException'> (0x0000000795f235b0) thrown at [/HUDSON3/workspace/8-2-build-macosx-x86_64/jdk8u20/1074/hotspot/src/share/vm/prims/jvm.cpp, line 1275]
Event: 6.171 Thread 0x00007fe6c3000000 Exception <a 'java/security/PrivilegedActionException'> (0x0000000795f28438) thrown at [/HUDSON3/workspace/8-2-build-macosx-x86_64/jdk8u20/1074/hotspot/src/share/vm/prims/jvm.cpp, line 1275]

Events (10 events):
Event: 0.497 loading class objects/Door
Event: 0.497 loading class objects/Door done
Event: 0.536 loading class org/lwjgl/opengl/Sync
Event: 0.536 loading class org/lwjgl/opengl/Sync done
Event: 0.537 loading class org/lwjgl/opengl/Sync$RunningAvg
Event: 0.537 loading class org/lwjgl/opengl/Sync$RunningAvg done
Event: 4.100 Executing VM operation: EnableBiasedLocking
Event: 4.100 Executing VM operation: EnableBiasedLocking done
Event: 6.171 loading class org/lwjgl/opengl/CallbackUtil
Event: 6.171 loading class org/lwjgl/opengl/CallbackUtil done


Dynamic libraries:
0x000000000c200000 	/System/Library/Frameworks/Cocoa.framework/Versions/A/Cocoa
0x000000000c200000 	/System/Library/Frameworks/Security.framework/Versions/A/Security
0x000000000c200000 	/System/Library/Frameworks/ApplicationServices.framework/Versions/A/ApplicationServices
0x000000000c200000 	/usr/lib/libz.1.dylib
0x000000000c200000 	/usr/lib/libSystem.B.dylib
0x000000000c200000 	/usr/lib/libobjc.A.dylib
0x000000000c200000 	/System/Library/Frameworks/CoreFoundation.framework/Versions/A/CoreFoundation
0x000000000c200000 	/System/Library/Frameworks/Foundation.framework/Versions/C/Foundation
0x000000000c200000 	/System/Library/Frameworks/AppKit.framework/Versions/C/AppKit
0x000000000c200000 	/System/Library/Frameworks/CoreData.framework/Versions/A/CoreData
0x000000000c200000 	/System/Library/PrivateFrameworks/RemoteViewServices.framework/Versions/A/RemoteViewServices
0x000000000c200000 	/System/Library/PrivateFrameworks/UIFoundation.framework/Versions/A/UIFoundation
0x000000000c200000 	/System/Library/Frameworks/IOSurface.framework/Versions/A/IOSurface
0x000000000c200000 	/System/Library/Frameworks/AudioToolbox.framework/Versions/A/AudioToolbox
0x000000000c200000 	/System/Library/Frameworks/AudioUnit.framework/Versions/A/AudioUnit
0x000000000c200000 	/System/Library/PrivateFrameworks/DataDetectorsCore.framework/Versions/A/DataDetectorsCore
0x000000000c200000 	/System/Library/PrivateFrameworks/DesktopServicesPriv.framework/Versions/A/DesktopServicesPriv
0x000000000c200000 	/System/Library/Frameworks/Carbon.framework/Versions/A/Frameworks/HIToolbox.framework/Versions/A/HIToolbox
0x000000000c200000 	/System/Library/Frameworks/QuartzCore.framework/Versions/A/QuartzCore
0x000000000c200000 	/System/Library/Frameworks/Carbon.framework/Versions/A/Frameworks/SpeechRecognition.framework/Versions/A/SpeechRecognition
0x000000000c200000 	/usr/lib/libauto.dylib
0x000000000c200000 	/usr/lib/libicucore.A.dylib
0x000000000c200000 	/usr/lib/libxml2.2.dylib
0x000000000c200000 	/System/Library/PrivateFrameworks/CoreUI.framework/Versions/A/CoreUI
0x000000000c200000 	/System/Library/Frameworks/CoreAudio.framework/Versions/A/CoreAudio
0x000000000c200000 	/System/Library/Frameworks/DiskArbitration.framework/Versions/A/DiskArbitration
0x000000000c200000 	/usr/lib/liblangid.dylib
0x000000000c200000 	/System/Library/PrivateFrameworks/MultitouchSupport.framework/Versions/A/MultitouchSupport
0x000000000c200000 	/System/Library/Frameworks/IOKit.framework/Versions/A/IOKit
0x000000000c200000 	/usr/lib/libDiagnosticMessagesClient.dylib
0x000000000c200000 	/System/Library/Frameworks/CoreServices.framework/Versions/A/CoreServices
0x000000000c200000 	/System/Library/PrivateFrameworks/PerformanceAnalysis.framework/Versions/A/PerformanceAnalysis
0x000000000c200000 	/System/Library/PrivateFrameworks/GenerationalStorage.framework/Versions/A/GenerationalStorage
0x000000000c200000 	/System/Library/Frameworks/OpenGL.framework/Versions/A/OpenGL
0x000000000c200000 	/System/Library/PrivateFrameworks/Sharing.framework/Versions/A/Sharing
0x000000000c200000 	/System/Library/Frameworks/CoreGraphics.framework/Versions/A/CoreGraphics
0x000000000c200000 	/System/Library/Frameworks/CoreText.framework/Versions/A/CoreText
0x000000000c200000 	/System/Library/Frameworks/ImageIO.framework/Versions/A/ImageIO
0x000000000c200000 	/usr/lib/libextension.dylib
0x000000000c200000 	/System/Library/PrivateFrameworks/Backup.framework/Versions/A/Backup
0x000000000c200000 	/usr/lib/libarchive.2.dylib
0x000000000c200000 	/System/Library/Frameworks/CFNetwork.framework/Versions/A/CFNetwork
0x000000000c200000 	/System/Library/Frameworks/SystemConfiguration.framework/Versions/A/SystemConfiguration
0x000000000c200000 	/usr/lib/libCRFSuite.dylib
0x000000000c200000 	/usr/lib/libc++.1.dylib
0x000000000c200000 	/usr/lib/libc++abi.dylib
0x000000000c200000 	/usr/lib/system/libcache.dylib
0x000000000c200000 	/usr/lib/system/libcommonCrypto.dylib
0x000000000c200000 	/usr/lib/system/libcompiler_rt.dylib
0x000000000c200000 	/usr/lib/system/libcopyfile.dylib
0x000000000c200000 	/usr/lib/system/libcorecrypto.dylib
0x000000000c200000 	/usr/lib/system/libdispatch.dylib
0x000000000c200000 	/usr/lib/system/libdyld.dylib
0x000000000c200000 	/usr/lib/system/libkeymgr.dylib
0x000000000c200000 	/usr/lib/system/liblaunch.dylib
0x000000000c200000 	/usr/lib/system/libmacho.dylib
0x000000000c200000 	/usr/lib/system/libquarantine.dylib
0x000000000c200000 	/usr/lib/system/libremovefile.dylib
0x000000000c200000 	/usr/lib/system/libsystem_asl.dylib
0x000000000c200000 	/usr/lib/system/libsystem_blocks.dylib
0x000000000c200000 	/usr/lib/system/libsystem_c.dylib
0x000000000c200000 	/usr/lib/system/libsystem_configuration.dylib
0x000000000c200000 	/usr/lib/system/libsystem_coreservices.dylib
0x000000000c200000 	/usr/lib/system/libsystem_coretls.dylib
0x000000000c200000 	/usr/lib/system/libsystem_dnssd.dylib
0x000000000c200000 	/usr/lib/system/libsystem_info.dylib
0x000000000c200000 	/usr/lib/system/libsystem_kernel.dylib
0x000000000c200000 	/usr/lib/system/libsystem_m.dylib
0x000000000c200000 	/usr/lib/system/libsystem_malloc.dylib
0x000000000c200000 	/usr/lib/system/libsystem_network.dylib
0x000000000c200000 	/usr/lib/system/libsystem_networkextension.dylib
0x000000000c200000 	/usr/lib/system/libsystem_notify.dylib
0x000000000c200000 	/usr/lib/system/libsystem_platform.dylib
0x000000000c200000 	/usr/lib/system/libsystem_pthread.dylib
0x000000000c200000 	/usr/lib/system/libsystem_sandbox.dylib
0x000000000c200000 	/usr/lib/system/libsystem_secinit.dylib
0x000000000c200000 	/usr/lib/system/libsystem_stats.dylib
0x000000000c200000 	/usr/lib/system/libsystem_trace.dylib
0x000000000c200000 	/usr/lib/system/libunc.dylib
0x000000000c200000 	/usr/lib/system/libunwind.dylib
0x000000000c200000 	/usr/lib/system/libxpc.dylib
0x000000000c200000 	/usr/lib/libbz2.1.0.dylib
0x000000000c200000 	/usr/lib/liblzma.5.dylib
0x000000000c200000 	/usr/lib/libbsm.0.dylib
0x000000000c200000 	/usr/lib/libsqlite3.dylib
0x000000000c200000 	/usr/lib/system/libkxld.dylib
0x000000000c200000 	/usr/lib/libxar.1.dylib
0x000000000c200000 	/usr/lib/libpam.2.dylib
0x000000000c200000 	/usr/lib/libOpenScriptingUtil.dylib
0x000000000c200000 	/System/Library/Frameworks/CoreServices.framework/Versions/A/Frameworks/FSEvents.framework/Versions/A/FSEvents
0x000000000c200000 	/System/Library/Frameworks/CoreServices.framework/Versions/A/Frameworks/CarbonCore.framework/Versions/A/CarbonCore
0x000000000c200000 	/System/Library/Frameworks/CoreServices.framework/Versions/A/Frameworks/Metadata.framework/Versions/A/Metadata
0x000000000c200000 	/System/Library/Frameworks/CoreServices.framework/Versions/A/Frameworks/OSServices.framework/Versions/A/OSServices
0x000000000c200000 	/System/Library/Frameworks/CoreServices.framework/Versions/A/Frameworks/SearchKit.framework/Versions/A/SearchKit
0x000000000c200000 	/System/Library/Frameworks/CoreServices.framework/Versions/A/Frameworks/AE.framework/Versions/A/AE
0x000000000c200000 	/System/Library/Frameworks/CoreServices.framework/Versions/A/Frameworks/LaunchServices.framework/Versions/A/LaunchServices
0x000000000c200000 	/System/Library/Frameworks/CoreServices.framework/Versions/A/Frameworks/DictionaryServices.framework/Versions/A/DictionaryServices
0x000000000c200000 	/System/Library/Frameworks/NetFS.framework/Versions/A/NetFS
0x000000000c200000 	/System/Library/PrivateFrameworks/NetAuth.framework/Versions/A/NetAuth
0x000000000c200000 	/System/Library/PrivateFrameworks/login.framework/Versions/A/Frameworks/loginsupport.framework/Versions/A/loginsupport
0x000000000c200000 	/System/Library/PrivateFrameworks/TCC.framework/Versions/A/TCC
0x000000000c200000 	/usr/lib/libmecabra.dylib
0x000000000c200000 	/System/Library/Frameworks/ApplicationServices.framework/Versions/A/Frameworks/ATS.framework/Versions/A/ATS
0x000000000c200000 	/System/Library/Frameworks/ApplicationServices.framework/Versions/A/Frameworks/ColorSync.framework/Versions/A/ColorSync
0x000000000c200000 	/System/Library/Frameworks/ApplicationServices.framework/Versions/A/Frameworks/HIServices.framework/Versions/A/HIServices
0x000000000c200000 	/System/Library/Frameworks/ApplicationServices.framework/Versions/A/Frameworks/LangAnalysis.framework/Versions/A/LangAnalysis
0x000000000c200000 	/System/Library/Frameworks/ApplicationServices.framework/Versions/A/Frameworks/PrintCore.framework/Versions/A/PrintCore
0x000000000c200000 	/System/Library/Frameworks/ApplicationServices.framework/Versions/A/Frameworks/QD.framework/Versions/A/QD
0x000000000c200000 	/System/Library/Frameworks/ApplicationServices.framework/Versions/A/Frameworks/SpeechSynthesis.framework/Versions/A/SpeechSynthesis
0x000000000c200000 	/System/Library/Frameworks/Accelerate.framework/Versions/A/Accelerate
0x000000000c200000 	/System/Library/Frameworks/Accelerate.framework/Versions/A/Frameworks/vImage.framework/Versions/A/vImage
0x000000000c200000 	/System/Library/Frameworks/Accelerate.framework/Versions/A/Frameworks/vecLib.framework/Versions/A/vecLib
0x000000000c200000 	/System/Library/Frameworks/Accelerate.framework/Versions/A/Frameworks/vecLib.framework/Versions/A/libvDSP.dylib
0x000000000c200000 	/System/Library/Frameworks/Accelerate.framework/Versions/A/Frameworks/vecLib.framework/Versions/A/libvMisc.dylib
0x000000000c200000 	/System/Library/Frameworks/Accelerate.framework/Versions/A/Frameworks/vecLib.framework/Versions/A/libLAPACK.dylib
0x000000000c200000 	/System/Library/Frameworks/Accelerate.framework/Versions/A/Frameworks/vecLib.framework/Versions/A/libBLAS.dylib
0x000000000c200000 	/System/Library/Frameworks/Accelerate.framework/Versions/A/Frameworks/vecLib.framework/Versions/A/libLinearAlgebra.dylib
0x000000000c200000 	/System/Library/Frameworks/ApplicationServices.framework/Versions/A/Frameworks/ATS.framework/Versions/A/Resources/libFontParser.dylib
0x000000000c200000 	/System/Library/Frameworks/ApplicationServices.framework/Versions/A/Frameworks/ATS.framework/Versions/A/Resources/libFontRegistry.dylib
0x000000000c200000 	/System/Library/PrivateFrameworks/AppleVPA.framework/Versions/A/AppleVPA
0x000000000c200000 	/System/Library/PrivateFrameworks/AppleJPEG.framework/Versions/A/AppleJPEG
0x000000000c200000 	/System/Library/Frameworks/ImageIO.framework/Versions/A/Resources/libJPEG.dylib
0x000000000c200000 	/System/Library/Frameworks/ImageIO.framework/Versions/A/Resources/libTIFF.dylib
0x000000000c200000 	/System/Library/Frameworks/ImageIO.framework/Versions/A/Resources/libPng.dylib
0x000000000c200000 	/System/Library/Frameworks/ImageIO.framework/Versions/A/Resources/libGIF.dylib
0x000000000c200000 	/System/Library/Frameworks/ImageIO.framework/Versions/A/Resources/libJP2.dylib
0x000000000c200000 	/System/Library/Frameworks/ImageIO.framework/Versions/A/Resources/libRadiance.dylib
0x000000000c200000 	/System/Library/Frameworks/CoreVideo.framework/Versions/A/CoreVideo
0x000000000c200000 	/System/Library/Frameworks/OpenGL.framework/Versions/A/Libraries/libGLU.dylib
0x000000000c200000 	/System/Library/Frameworks/OpenGL.framework/Versions/A/Libraries/libGFXShared.dylib
0x000000000c200000 	/System/Library/Frameworks/OpenGL.framework/Versions/A/Libraries/libGL.dylib
0x000000000c200000 	/System/Library/Frameworks/OpenGL.framework/Versions/A/Libraries/libGLImage.dylib
0x000000000c200000 	/System/Library/Frameworks/OpenGL.framework/Versions/A/Libraries/libCVMSPluginSupport.dylib
0x000000000c200000 	/System/Library/Frameworks/OpenGL.framework/Versions/A/Libraries/libCoreVMClient.dylib
0x000000000c200000 	/usr/lib/libcups.2.dylib
0x000000000c200000 	/System/Library/Frameworks/Kerberos.framework/Versions/A/Kerberos
0x000000000c200000 	/System/Library/Frameworks/GSS.framework/Versions/A/GSS
0x000000000c200000 	/usr/lib/libresolv.9.dylib
0x000000000c200000 	/usr/lib/libiconv.2.dylib
0x000000000c200000 	/System/Library/PrivateFrameworks/Heimdal.framework/Versions/A/Heimdal
0x000000000c200000 	/usr/lib/libheimdal-asn1.dylib
0x000000000c200000 	/System/Library/Frameworks/OpenDirectory.framework/Versions/A/OpenDirectory
0x000000000c200000 	/System/Library/PrivateFrameworks/CommonAuth.framework/Versions/A/CommonAuth
0x000000000c200000 	/System/Library/Frameworks/OpenDirectory.framework/Versions/A/Frameworks/CFOpenDirectory.framework/Versions/A/CFOpenDirectory
0x000000000c200000 	/System/Library/Frameworks/SecurityFoundation.framework/Versions/A/SecurityFoundation
0x000000000c200000 	/System/Library/PrivateFrameworks/LanguageModeling.framework/Versions/A/LanguageModeling
0x000000000c200000 	/usr/lib/libcmph.dylib
0x000000000c200000 	/System/Library/Frameworks/ServiceManagement.framework/Versions/A/ServiceManagement
0x000000000c200000 	/usr/lib/libxslt.1.dylib
0x000000000c200000 	/System/Library/Frameworks/Carbon.framework/Versions/A/Frameworks/Ink.framework/Versions/A/Ink
0x000000000c200000 	/System/Library/Frameworks/QuartzCore.framework/Versions/A/Frameworks/CoreImage.framework/Versions/A/CoreImage
0x000000000c200000 	/System/Library/PrivateFrameworks/CrashReporterSupport.framework/Versions/A/CrashReporterSupport
0x000000000c200000 	/System/Library/Frameworks/OpenCL.framework/Versions/A/OpenCL
0x000000000c200000 	/System/Library/PrivateFrameworks/FaceCore.framework/Versions/A/FaceCore
0x000000000c200000 	/System/Library/PrivateFrameworks/Ubiquity.framework/Versions/A/Ubiquity
0x000000000c200000 	/System/Library/PrivateFrameworks/IconServices.framework/Versions/A/IconServices
0x000000000c200000 	/System/Library/PrivateFrameworks/ChunkingLibrary.framework/Versions/A/ChunkingLibrary
0x000000000c200000 	/System/Library/PrivateFrameworks/Apple80211.framework/Versions/A/Apple80211
0x000000000c200000 	/System/Library/Frameworks/CoreWLAN.framework/Versions/A/CoreWLAN
0x000000000c200000 	/System/Library/Frameworks/IOBluetooth.framework/Versions/A/IOBluetooth
0x000000000c200000 	/System/Library/PrivateFrameworks/CoreWiFi.framework/Versions/A/CoreWiFi
0x000000000c200000 	/System/Library/Frameworks/CoreBluetooth.framework/Versions/A/CoreBluetooth
0x000000000c200000 	/System/Library/PrivateFrameworks/DebugSymbols.framework/Versions/A/DebugSymbols
0x000000000c200000 	/System/Library/PrivateFrameworks/CoreSymbolication.framework/Versions/A/CoreSymbolication
0x000000000c200000 	/System/Library/PrivateFrameworks/Symbolication.framework/Versions/A/Symbolication
0x000000000c200000 	/System/Library/PrivateFrameworks/SpeechRecognitionCore.framework/Versions/A/SpeechRecognitionCore
0x0000000106a00000 	/Library/Java/JavaVirtualMachines/jdk1.8.0_20.jdk/Contents/Home/jre/lib/server/libjvm.dylib
0x000000000c200000 	/usr/lib/libstdc++.6.dylib
0x0000000106191000 	/Library/Java/JavaVirtualMachines/jdk1.8.0_20.jdk/Contents/Home/jre/lib/libverify.dylib
0x000000010619f000 	/Library/Java/JavaVirtualMachines/jdk1.8.0_20.jdk/Contents/Home/jre/lib/libjava.dylib
0x00000001061dd000 	/Library/Java/JavaVirtualMachines/jdk1.8.0_20.jdk/Contents/Home/jre/lib/libzip.dylib
0x00000001061e7000 	/System/Library/Frameworks/JavaVM.framework/Frameworks/JavaRuntimeSupport.framework/JavaRuntimeSupport
0x000000011da92000 	/System/Library/Frameworks/JavaVM.framework/Versions/A/Frameworks/JavaNativeFoundation.framework/Versions/A/JavaNativeFoundation
0x000000011daa6000 	/System/Library/Frameworks/JavaVM.framework/Versions/A/JavaVM
0x000000000c200000 	/System/Library/Frameworks/Carbon.framework/Versions/A/Carbon
0x000000011dab2000 	/System/Library/PrivateFrameworks/JavaLaunching.framework/Versions/A/JavaLaunching
0x000000000c200000 	/System/Library/Frameworks/Carbon.framework/Versions/A/Frameworks/CommonPanels.framework/Versions/A/CommonPanels
0x000000000c200000 	/System/Library/Frameworks/Carbon.framework/Versions/A/Frameworks/Help.framework/Versions/A/Help
0x000000000c200000 	/System/Library/Frameworks/Carbon.framework/Versions/A/Frameworks/ImageCapture.framework/Versions/A/ImageCapture
0x000000000c200000 	/System/Library/Frameworks/Carbon.framework/Versions/A/Frameworks/OpenScripting.framework/Versions/A/OpenScripting
0x000000000c200000 	/System/Library/Frameworks/Carbon.framework/Versions/A/Frameworks/Print.framework/Versions/A/Print
0x000000000c200000 	/System/Library/Frameworks/Carbon.framework/Versions/A/Frameworks/SecurityHI.framework/Versions/A/SecurityHI
0x000000011f8e3000 	/Library/Java/JavaVirtualMachines/jdk1.8.0_20.jdk/Contents/Home/jre/lib/libawt.dylib
0x000000011f992000 	/Library/Java/JavaVirtualMachines/jdk1.8.0_20.jdk/Contents/Home/jre/lib/./libmlib_image.dylib
0x000000011fa5e000 	/Library/Java/JavaVirtualMachines/jdk1.8.0_20.jdk/Contents/Home/jre/lib/libawt_lwawt.dylib
0x000000011fb11000 	/Library/Java/JavaVirtualMachines/jdk1.8.0_20.jdk/Contents/Home/jre/lib/./libosxapp.dylib
0x000000000c200000 	/System/Library/Frameworks/ExceptionHandling.framework/Versions/A/ExceptionHandling
0x000000000c200000 	/System/Library/PrivateFrameworks/CoreServicesInternal.framework/Versions/A/CoreServicesInternal
0x000000000c200000 	/System/Library/PrivateFrameworks/CloudDocs.framework/Versions/A/CloudDocs
0x000000000c200000 	/System/Library/PrivateFrameworks/CoreDuet.framework/Versions/A/CoreDuet
0x000000000c200000 	/System/Library/Frameworks/CloudKit.framework/Versions/A/CloudKit
0x000000000c200000 	/System/Library/PrivateFrameworks/ProtocolBuffer.framework/Versions/A/ProtocolBuffer
0x000000000c200000 	/System/Library/PrivateFrameworks/CoreDuetDaemonProtocol.framework/Versions/A/CoreDuetDaemonProtocol
0x000000000c200000 	/System/Library/PrivateFrameworks/CoreDuetDebugLogging.framework/Versions/A/CoreDuetDebugLogging
0x000000000c200000 	/System/Library/Frameworks/CoreLocation.framework/Versions/A/CoreLocation
0x000000000c200000 	/System/Library/Frameworks/Accounts.framework/Versions/A/Accounts
0x000000000c200000 	/System/Library/PrivateFrameworks/ApplePushService.framework/Versions/A/ApplePushService
0x000000000c200000 	/System/Library/PrivateFrameworks/GeoServices.framework/Versions/A/GeoServices
0x000000000c200000 	/System/Library/PrivateFrameworks/OAuth.framework/Versions/A/OAuth
0x000000000c200000 	/System/Library/PrivateFrameworks/CoreDaemon.framework/Versions/B/CoreDaemon
0x000000000c200000 	/usr/lib/libcrypto.0.9.8.dylib
0x000000000c200000 	/System/Library/PrivateFrameworks/AppleSRP.framework/Versions/A/AppleSRP
0x000000000c200000 	/System/Library/PrivateFrameworks/TrustEvaluationAgent.framework/Versions/A/TrustEvaluationAgent
0x000000000c200000 	/System/Library/Frameworks/CoreGraphics.framework/Versions/A/Resources/libCGCMS.A.dylib
0x000000000c200000 	/System/Library/Frameworks/CoreGraphics.framework/Versions/A/Resources/libRIP.A.dylib
0x000000000c200000 	/System/Library/Frameworks/CoreGraphics.framework/Versions/A/Resources/libCGXType.A.dylib
0x000000000c200000 	/System/Library/Frameworks/OpenCL.framework/Versions/A/Libraries/libcldcpuengine.dylib
0x000000000c200000 	/System/Library/PrivateFrameworks/DiskImages.framework/Versions/A/DiskImages
0x000000000c200000 	/System/Library/Frameworks/DiscRecording.framework/Versions/A/DiscRecording
0x000000000c200000 	/usr/lib/libcsfde.dylib
0x000000000c200000 	/usr/lib/libcurl.4.dylib
0x000000000c200000 	/System/Library/PrivateFrameworks/MediaKit.framework/Versions/A/MediaKit
0x000000000c200000 	/System/Library/PrivateFrameworks/ProtectedCloudStorage.framework/Versions/A/ProtectedCloudStorage
0x000000000c200000 	/usr/lib/libCoreStorage.dylib
0x000000000c200000 	/System/Library/PrivateFrameworks/EFILogin.framework/Versions/A/EFILogin
0x000000000c200000 	/usr/lib/libutil.dylib
0x000000000c200000 	/System/Library/PrivateFrameworks/FindMyDevice.framework/Versions/A/FindMyDevice
0x000000000c200000 	/System/Library/Frameworks/LDAP.framework/Versions/A/LDAP
0x000000000c200000 	/usr/lib/libsasl2.2.dylib
0x0000000122770000 	cl_kernels
0x0000000122772000 	/System/Library/Frameworks/OpenCL.framework/Versions/A/Libraries/ImageFormats/unorm8_bgra.dylib
0x0000000122761000 	cl_kernels
0x000000000c200000 	/System/Library/PrivateFrameworks/FamilyControls.framework/Versions/A/FamilyControls
0x000000000c200000 	/System/Library/PrivateFrameworks/CommerceKit.framework/Versions/A/Frameworks/CommerceCore.framework/Versions/A/CommerceCore
0x000000000c200000 	/System/Library/PrivateFrameworks/SystemAdministration.framework/Versions/A/SystemAdministration
0x000000000c200000 	/System/Library/PrivateFrameworks/AppContainer.framework/Versions/A/AppContainer
0x000000000c200000 	/System/Library/PrivateFrameworks/SecCodeWrapper.framework/Versions/A/SecCodeWrapper
0x000000000c200000 	/System/Library/Frameworks/DirectoryService.framework/Versions/A/DirectoryService
0x000000000c200000 	/System/Library/PrivateFrameworks/LoginUIKit.framework/Versions/A/Frameworks/LoginUICore.framework/Versions/A/LoginUICore
0x000000000c200000 	/usr/lib/libodfde.dylib
0x000000012396d000 	/Library/Java/JavaVirtualMachines/jdk1.8.0_20.jdk/Contents/Home/jre/lib/libfontmanager.dylib
0x00000001239d3000 	/Users/student/Documents/Workspace_AP/ChronoMaymay/natives/macosx/liblwjgl.dylib
0x0000000121c99000 	/Library/Java/JavaVirtualMachines/jdk1.8.0_20.jdk/Contents/Home/jre/lib/libjawt.dylib
0x000000000c200000 	/System/Library/Frameworks/OpenGL.framework/Versions/A/Resources/GLEngine.bundle/GLEngine
0x000000000c200000 	/System/Library/Frameworks/OpenGL.framework/Versions/A/Libraries/libGLProgrammability.dylib
0x0000000000000000 	/System/Library/Extensions/GeForceGLDriver.bundle/Contents/MacOS/GeForceGLDriver
0x000000000c200000 	/System/Library/Extensions/GeForceGLDriver.bundle/Contents/MacOS/libclh.dylib
0x000000000c200000 	/System/Library/PrivateFrameworks/IOAccelerator.framework/Versions/A/IOAccelerator
0x000000000c200000 	/System/Library/PrivateFrameworks/GPUSupport.framework/Versions/A/Libraries/libGPUSupportMercury.dylib
0x000000000c200000 	/System/Library/Frameworks/OpenGL.framework/Versions/A/Resources/GLRendererFloat.bundle/GLRendererFloat

VM Arguments:
jvm_args: -Dfile.encoding=UTF-8 
java_command: framework.Game
java_class_path (initial): /Users/student/Documents/Workspace_AP/ChronoMaymay/bin:/Users/student/Documents/Workspace_AP/ChronoMaymay/jars/lwjgl_util.jar:/Users/student/Documents/Workspace_AP/ChronoMaymay/jars/lwjgl.jar:/Users/student/Documents/Workspace_AP/ChronoMaymay/jars/slick.jar
Launcher Type: SUN_STANDARD

Environment Variables:
PATH=/usr/bin:/bin:/usr/sbin:/sbin
SHELL=/bin/bash

Signal Handlers:
SIGSEGV: [libjvm.dylib+0x578fd7], sa_mask[0]=11111111011111110111111111111111, sa_flags=SA_ONSTACK|SA_RESTART|SA_SIGINFO
SIGBUS: [libjvm.dylib+0x578fd7], sa_mask[0]=11111111011111110111111111111111, sa_flags=SA_RESTART|SA_SIGINFO
SIGFPE: [libjvm.dylib+0x45ab0c], sa_mask[0]=11111111011111110111111111111111, sa_flags=SA_RESTART|SA_SIGINFO
SIGPIPE: [libjvm.dylib+0x45ab0c], sa_mask[0]=11111111011111110111111111111111, sa_flags=SA_RESTART|SA_SIGINFO
SIGXFSZ: [libjvm.dylib+0x45ab0c], sa_mask[0]=11111111011111110111111111111111, sa_flags=SA_RESTART|SA_SIGINFO
SIGILL: [libjvm.dylib+0x45ab0c], sa_mask[0]=11111111011111110111111111111111, sa_flags=SA_RESTART|SA_SIGINFO
SIGUSR1: SIG_DFL, sa_mask[0]=00000000000000000000000000000000, sa_flags=none
SIGUSR2: [libjvm.dylib+0x45a62a], sa_mask[0]=00100000000000000000000000000000, sa_flags=SA_RESTART|SA_SIGINFO
SIGHUP: [libjvm.dylib+0x458bfd], sa_mask[0]=11111111011111110111111111111111, sa_flags=SA_RESTART|SA_SIGINFO
SIGINT: [libjvm.dylib+0x458bfd], sa_mask[0]=11111111011111110111111111111111, sa_flags=SA_RESTART|SA_SIGINFO
SIGTERM: [libjvm.dylib+0x458bfd], sa_mask[0]=11111111011111110111111111111111, sa_flags=SA_RESTART|SA_SIGINFO
SIGQUIT: [libjvm.dylib+0x458bfd], sa_mask[0]=11111111011111110111111111111111, sa_flags=SA_RESTART|SA_SIGINFO


---------------  S Y S T E M  ---------------

OS:Bsduname:Darwin 14.1.0 Darwin Kernel Version 14.1.0: Mon Dec 22 23:10:38 PST 2014; root:xnu-2782.10.72~2/RELEASE_X86_64 x86_64
rlimit: STACK 8192k, CORE 0k, NPROC 709, NOFILE 10240, AS infinity
load average:1.29 1.46 1.42

CPU:total 4 (4 cores per cpu, 1 threads per core) family 6 model 58 stepping 9, cmov, cx8, fxsr, mmx, sse, sse2, sse3, ssse3, sse4.1, sse4.2, popcnt, avx, aes, clmul, erms, tsc, tscinvbit, tscinv

Memory: 4k page, physical 8388608k(3877588k free)

/proc/meminfo:


vm_info: Java HotSpot(TM) 64-Bit Server VM (25.20-b23) for bsd-amd64 JRE (1.8.0_20-b26), built on Jul 30 2014 13:37:47 by "java_re" with gcc 4.2.1 (Based on Apple Inc. build 5658) (LLVM build 2336.9.00)

time: Tue Apr 21 15:22:02 2015
elapsed time: 6 seconds (0d 0h 0m 6s)

