#
# A fatal error has been detected by the Java Runtime Environment:
#
#  SIGSEGV (0xb) at pc=0x00007fff90df00dd, pid=1152, tid=1811
#
# JRE version: Java(TM) SE Runtime Environment (8.0_20-b26) (build 1.8.0_20-b26)
# Java VM: Java HotSpot(TM) 64-Bit Server VM (25.20-b23 mixed mode bsd-amd64 compressed oops)
# Problematic frame:
# C  [libobjc.A.dylib+0x10dd]  objc_msgSend+0x1d
#
# Failed to write core dump. Core dumps have been disabled. To enable core dumping, try "ulimit -c unlimited" before starting Java again
#
# If you would like to submit a bug report, please visit:
#   http://bugreport.sun.com/bugreport/crash.jsp
# The crash happened outside the Java Virtual Machine in native code.
# See problematic frame for where to report the bug.
#

---------------  T H R E A D  ---------------

Current thread (0x00007fe4710a7800):  JavaThread "AppKit Thread" daemon [_thread_in_native, id=1811, stack(0x00007fff5a694000,0x00007fff5ae94000)]

siginfo: si_signo: 11 (SIGSEGV), si_code: 1 (SEGV_MAPERR), si_addr: 0x00000000beb00018

Registers:
RAX=0x00007fe470c8b170, RBX=0x00007fff5ae8f928, RCX=0x0000000000000000, RDX=0x00007fe470e7cff0
RSP=0x00007fff5ae8f748, RBP=0x00007fff5ae8f750, RSI=0x00007fff9ab7a2b4, RDI=0x00007fe470c8b170
R8 =0x00007fff5ae8f730, R9 =0x0000000000000055, R10=0x00007fff9ab7a2b4, R11=0x00000000beb00000
R12=0x00007fe470e08560, R13=0x00000000000f42e8, R14=0x00007fe470c590b0, R15=0x00007fff5ae8f888
RIP=0x00007fff90df00dd, EFLAGS=0x0000000000010206, ERR=0x0000000000000004
  TRAPNO=0x000000000000000e

Top of Stack: (sp=0x00007fff5ae8f748)
0x00007fff5ae8f748:   00007fff960e1cdc 00007fff5ae8fab0
0x00007fff5ae8f758:   00007fff95fd3244 00007fff5ae8f7dc
0x00007fff5ae8f768:   00007fff5ae8f7e0 00007fff5ae8f7e4
0x00007fff5ae8f778:   00007fff7b683c88 ffffffffffffffff
0x00007fff5ae8f788:   00000000000007f8 00007fff7b683ca0
0x00007fff5ae8f798:   00007fe470c590b0 0000000000000000
0x00007fff5ae8f7a8:   00007fff5ae8f880 0000000000000000
0x00007fff5ae8f7b8:   00007fe470c8fa60 00007fff5ae8f900
0x00007fff5ae8f7c8:   0000000000000055 00000000000f42ea
0x00007fff5ae8f7d8:   00007fe470e7cff0 00007fe470c8f490
0x00007fff5ae8f7e8:   00007fe470e08560 0000000000000001
0x00007fff5ae8f7f8:   00000000000f42e8 00007fe470e08550
0x00007fff5ae8f808:   00007fff8cb2d7ba 0000000170c573a0
0x00007fff5ae8f818:   00007fff7b5800d0 0000000042000000
0x00007fff5ae8f828:   00007fff8cb35e13 00007fff7b64e1d0
0x00007fff5ae8f838:   00007fff5ae8f908 0000000000000000
0x00007fff5ae8f848:   00007fff7c2178c8 0000000000000000
0x00007fff5ae8f858:   000000000000001e 0001e70300000001
0x00007fff5ae8f868:   00007fe470e08584 0000000000000000
0x00007fff5ae8f878:   00000000003be501 00007fe470c8fae0
0x00007fff5ae8f888:   00007fe470c590b0 0000000000000000
0x00007fff5ae8f898:   00007fff9abb234c 00007fff5ae8f940
0x00007fff5ae8f8a8:   00007fff8db49513 00007fff5ae8f924
0x00007fff5ae8f8b8:   00000000003be601 00000000ffffffff
0x00007fff5ae8f8c8:   00007fff7c2178c8 00000000003be600
0x00007fff5ae8f8d8:   00007fff00000000 00007fff5ae8f9d0
0x00007fff5ae8f8e8:   00007fff99b26edc 00007fff7c2178e8
0x00007fff5ae8f8f8:   00007fff9abb234c 0000000000000051
0x00007fff5ae8f908:   0000000000000000 00000000000f42df
0x00007fff5ae8f918:   0000000000000053 0000000000000000
0x00007fff5ae8f928:   00000000000f42e8 00007fff5ae8f9a4
0x00007fff5ae8f938:   00000000003bf101 00000000ffffffff 

Instructions: (pc=0x00007fff90df00dd)
0x00007fff90df00bd:   00 00 00 48 85 ff 2e 74 7a 40 f6 c7 01 2e 75 7e
0x00007fff90df00cd:   49 bb f8 ff ff ff ff 7f 00 00 4c 23 1f 49 89 f2
0x00007fff90df00dd:   45 23 53 18 49 c1 e2 04 4d 03 53 10 49 3b 32 75
0x00007fff90df00ed:   04 41 ff 62 08 49 83 3a 00 74 6a 4d 3b 53 10 74 

Register to memory mapping:

RAX=0x00007fe470c8b170 is an unknown value
RBX=0x00007fff5ae8f928 is pointing into the stack for thread: 0x00007fe4710a7800
RCX=0x0000000000000000 is an unknown value
RDX=0x00007fe470e7cff0 is an unknown value
RSP=0x00007fff5ae8f748 is pointing into the stack for thread: 0x00007fe4710a7800
RBP=0x00007fff5ae8f750 is pointing into the stack for thread: 0x00007fe4710a7800
RSI=0x00007fff9ab7a2b4: -[NSTitlebarContainerView shouldRoundCorners]+0x5ced6 in /System/Library/Frameworks/AppKit.framework/Versions/C/AppKit at 0x00007fff9a1a9000
RDI=0x00007fe470c8b170 is an unknown value
R8 =0x00007fff5ae8f730 is pointing into the stack for thread: 0x00007fe4710a7800
R9 =0x0000000000000055 is an unknown value
R10=0x00007fff9ab7a2b4: -[NSTitlebarContainerView shouldRoundCorners]+0x5ced6 in /System/Library/Frameworks/AppKit.framework/Versions/C/AppKit at 0x00007fff9a1a9000
R11=0x00000000beb00000 is an unknown value
R12=0x00007fe470e08560 is an unknown value
R13=0x00000000000f42e8 is an unknown value
R14=0x00007fe470c590b0 is an unknown value
R15=0x00007fff5ae8f888 is pointing into the stack for thread: 0x00007fe4710a7800


Stack: [0x00007fff5a694000,0x00007fff5ae94000],  sp=0x00007fff5ae8f748,  free space=8173k
Native frames: (J=compiled Java code, j=interpreted, Vv=VM code, C=native code)
C  [libobjc.A.dylib+0x10dd]  objc_msgSend+0x1d
C  [CoreFoundation+0x10244]  _CFXNotificationPost+0xc44
C  [Foundation+0x2c31]  -[NSNotificationCenter postNotificationName:object:userInfo:]+0x42
C  [AppKit+0xdd776]  -[NSSurface _disposeSurface]+0x98
C  [AppKit+0xdd1da]  -[NSSurface setWindow:]+0x42
C  [AppKit+0x3b9ef]  -[NSView _setWindow:]+0xa22
C  [AppKit+0x3cc22]  -[NSView removeFromSuperview]+0x1c5
C  [AppKit+0x9140a]  -[NSView removeFromSuperviewWithoutNeedingDisplay]+0x26
C  [liblwjgl.dylib+0xa205]  +[MacOSXKeyableWindow destroyWindow]+0xb5
C  [Foundation+0x65cdc]  __NSThreadPerformPerform+0x125
C  [CoreFoundation+0x80681]  __CFRUNLOOP_IS_CALLING_OUT_TO_A_SOURCE0_PERFORM_FUNCTION__+0x11
C  [CoreFoundation+0x7280d]  __CFRunLoopDoSources0+0x10d
C  [CoreFoundation+0x71e3f]  __CFRunLoopRun+0x39f
C  [CoreFoundation+0x71858]  CFRunLoopRunSpecific+0x128
C  [HIToolbox+0x2eaef]  RunCurrentEventLoopInMode+0xeb
C  [HIToolbox+0x2e86a]  ReceiveNextEventCommon+0x1af
C  [HIToolbox+0x2e6ab]  _BlockUntilNextEventMatchingListInModeWithFilter+0x47
C  [AppKit+0x23f81]  _DPSNextEvent+0x3c4
C  [AppKit+0x23730]  -[NSApplication nextEventMatchingMask:untilDate:inMode:dequeue:]+0xc2
C  [libosxapp.dylib+0x242a]  -[NSApplicationAWT nextEventMatchingMask:untilDate:inMode:dequeue:]+0x7c
C  [AppKit+0x17593]  -[NSApplication run]+0x252
C  [libosxapp.dylib+0x223e]  +[NSApplicationAWT runAWTLoopWithApp:]+0x9c
C  [libawt_lwawt.dylib+0x4494f]  -[AWTStarter starter:]+0x389
C  [Foundation+0x65cdc]  __NSThreadPerformPerform+0x125
C  [CoreFoundation+0x80681]  __CFRUNLOOP_IS_CALLING_OUT_TO_A_SOURCE0_PERFORM_FUNCTION__+0x11
C  [CoreFoundation+0x7280d]  __CFRunLoopDoSources0+0x10d
C  [CoreFoundation+0x71e3f]  __CFRunLoopRun+0x39f
C  [CoreFoundation+0x71858]  CFRunLoopRunSpecific+0x128
C  [java+0x56cc]  CreateExecutionEnvironment+0x367
C  [java+0x165c]  JLI_Launch+0x7a0
C  [java+0x768a]  main+0x65
C  [java+0xeb4]  start+0x34
C  0x0000000000000005


---------------  P R O C E S S  ---------------

Java Threads: ( => current thread )
  0x00007fe472061000 JavaThread "AWT-Shutdown" [_thread_blocked, id=29191, stack(0x000000011fc2a000,0x000000011fd2a000)]
=>0x00007fe4710a7800 JavaThread "AppKit Thread" daemon [_thread_in_native, id=1811, stack(0x00007fff5a694000,0x00007fff5ae94000)]
  0x00007fe47102e000 JavaThread "Service Thread" daemon [_thread_blocked, id=18179, stack(0x000000011e3ba000,0x000000011e4ba000)]
  0x00007fe472003800 JavaThread "C1 CompilerThread2" daemon [_thread_blocked, id=17667, stack(0x000000011e2b7000,0x000000011e3b7000)]
  0x00007fe47181a800 JavaThread "C2 CompilerThread1" daemon [_thread_blocked, id=17155, stack(0x000000011e1b4000,0x000000011e2b4000)]
  0x00007fe471819000 JavaThread "C2 CompilerThread0" daemon [_thread_blocked, id=16643, stack(0x000000011e0b1000,0x000000011e1b1000)]
  0x00007fe47101a800 JavaThread "Signal Dispatcher" daemon [_thread_blocked, id=13335, stack(0x000000011dfae000,0x000000011e0ae000)]
  0x00007fe47284f000 JavaThread "Finalizer" daemon [_thread_blocked, id=11523, stack(0x000000011c66d000,0x000000011c76d000)]
  0x00007fe471806000 JavaThread "Reference Handler" daemon [_thread_blocked, id=11011, stack(0x000000011c56a000,0x000000011c66a000)]
  0x00007fe471010800 JavaThread "main" [_thread_in_native, id=4867, stack(0x0000000104e82000,0x0000000104f82000)]

Other Threads:
  0x00007fe47284e000 VMThread [stack: 0x000000011c467000,0x000000011c567000] [id=10499]
  0x00007fe47101e800 WatcherThread [stack: 0x000000011e4bd000,0x000000011e5bd000] [id=18691]

VM state:not at safepoint (normal execution)

VM Mutex/Monitor currently owned by a thread: None

Heap:
 PSYoungGen      total 38400K, used 10225K [0x0000000795580000, 0x0000000798000000, 0x00000007c0000000)
  eden space 33280K, 30% used [0x0000000795580000,0x0000000795f7c678,0x0000000797600000)
  from space 5120K, 0% used [0x0000000797b00000,0x0000000797b00000,0x0000000798000000)
  to   space 5120K, 0% used [0x0000000797600000,0x0000000797600000,0x0000000797b00000)
 ParOldGen       total 87552K, used 0K [0x0000000740000000, 0x0000000745580000, 0x0000000795580000)
  object space 87552K, 0% used [0x0000000740000000,0x0000000740000000,0x0000000745580000)
 Metaspace       used 6241K, capacity 6365K, committed 6656K, reserved 1056768K
  class space    used 630K, capacity 693K, committed 768K, reserved 1048576K

Card table byte_map: [0x0000000115adb000,0x0000000115edc000] byte_map_base: 0x00000001120db000

Marking Bits: (ParMarkBitMap*) 0x000000010609c330
 Begin Bits: [0x0000000116593000, 0x0000000118593000)
 End Bits:   [0x0000000118593000, 0x000000011a593000)

Polling page: 0x0000000104fc6000

CodeCache: size=245760Kb used=2230Kb max_used=2241Kb free=243529Kb
 bounds [0x000000010671b000, 0x000000010698b000, 0x000000011571b000]
 total_blobs=918 nmethods=559 adapters=274
 compilation: enabled

Compilation events (10 events):
Event: 2.477 Thread 0x00007fe471819000 nmethod 555 0x0000000106947b50 code [0x0000000106947d00, 0x0000000106947ff8]
Event: 2.485 Thread 0x00007fe47181a800 nmethod 554 0x0000000106948490 code [0x00000001069487e0, 0x0000000106949818]
Event: 2.558 Thread 0x00007fe471819000  556       4       objects.Block::render (24 bytes)
Event: 2.558 Thread 0x00007fe471819000 nmethod 556 0x0000000106929150 code [0x00000001069292a0, 0x0000000106929348]
Event: 2.641 Thread 0x00007fe472003800  557  s    3       org.lwjgl.opengl.EventQueue::copyEvents (77 bytes)
Event: 2.642 Thread 0x00007fe472003800 nmethod 557 0x0000000106946bd0 code [0x0000000106946da0, 0x0000000106947878]
Event: 2.642 Thread 0x00007fe472003800  558       3       org.lwjgl.opengl.MacOSXNativeKeyboard::flushDeferredEvent (34 bytes)
Event: 2.642 Thread 0x00007fe472003800 nmethod 558 0x0000000106946750 code [0x00000001069468c0, 0x0000000106946b28]
Event: 2.749 Thread 0x00007fe47181a800  559       4       java.nio.DirectByteBuffer::put (18 bytes)
Event: 2.750 Thread 0x00007fe47181a800 nmethod 559 0x0000000106936c10 code [0x0000000106936d60, 0x0000000106936df8]

GC Heap History (0 events):
No events

Deoptimization events (0 events):
No events

Internal exceptions (10 events):
Event: 0.491 Thread 0x00007fe471010800 Exception <a 'java/io/FileNotFoundException'> (0x0000000795d370b0) thrown at [/HUDSON3/workspace/8-2-build-macosx-x86_64/jdk8u20/1074/hotspot/src/share/vm/prims/jni.cpp, line 716]
Event: 0.496 Thread 0x00007fe471010800 Exception <a 'java/io/FileNotFoundException'> (0x0000000795d820c8) thrown at [/HUDSON3/workspace/8-2-build-macosx-x86_64/jdk8u20/1074/hotspot/src/share/vm/prims/jni.cpp, line 716]
Event: 0.501 Thread 0x00007fe471010800 Exception <a 'java/io/FileNotFoundException'> (0x0000000795dce3b8) thrown at [/HUDSON3/workspace/8-2-build-macosx-x86_64/jdk8u20/1074/hotspot/src/share/vm/prims/jni.cpp, line 716]
Event: 0.504 Thread 0x00007fe471010800 Exception <a 'java/io/FileNotFoundException'> (0x0000000795e006f8) thrown at [/HUDSON3/workspace/8-2-build-macosx-x86_64/jdk8u20/1074/hotspot/src/share/vm/prims/jni.cpp, line 716]
Event: 0.508 Thread 0x00007fe471010800 Exception <a 'java/io/FileNotFoundException'> (0x0000000795e348a8) thrown at [/HUDSON3/workspace/8-2-build-macosx-x86_64/jdk8u20/1074/hotspot/src/share/vm/prims/jni.cpp, line 716]
Event: 0.508 Thread 0x00007fe471010800 Exception <a 'java/security/PrivilegedActionException'> (0x0000000795e352e0) thrown at [/HUDSON3/workspace/8-2-build-macosx-x86_64/jdk8u20/1074/hotspot/src/share/vm/prims/jvm.cpp, line 1275]
Event: 0.531 Thread 0x00007fe471010800 Exception <a 'java/security/PrivilegedActionException'> (0x0000000795efece0) thrown at [/HUDSON3/workspace/8-2-build-macosx-x86_64/jdk8u20/1074/hotspot/src/share/vm/prims/jvm.cpp, line 1275]
Event: 0.537 Thread 0x00007fe471010800 Exception <a 'java/security/PrivilegedActionException'> (0x0000000795f013c8) thrown at [/HUDSON3/workspace/8-2-build-macosx-x86_64/jdk8u20/1074/hotspot/src/share/vm/prims/jvm.cpp, line 1275]
Event: 0.538 Thread 0x00007fe471010800 Exception <a 'java/security/PrivilegedActionException'> (0x0000000795f05178) thrown at [/HUDSON3/workspace/8-2-build-macosx-x86_64/jdk8u20/1074/hotspot/src/share/vm/prims/jvm.cpp, line 1275]
Event: 2.748 Thread 0x00007fe471010800 Exception <a 'java/security/PrivilegedActionException'> (0x0000000795f09a48) thrown at [/HUDSON3/workspace/8-2-build-macosx-x86_64/jdk8u20/1074/hotspot/src/share/vm/prims/jvm.cpp, line 1275]

Events (10 events):
Event: 0.508 loading class objects/Block
Event: 0.508 loading class objects/Block done
Event: 0.531 loading class objects/Part
Event: 0.531 loading class objects/Part done
Event: 0.537 loading class org/lwjgl/opengl/Sync
Event: 0.537 loading class org/lwjgl/opengl/Sync done
Event: 0.538 loading class org/lwjgl/opengl/Sync$RunningAvg
Event: 0.538 loading class org/lwjgl/opengl/Sync$RunningAvg done
Event: 2.748 loading class org/lwjgl/opengl/CallbackUtil
Event: 2.748 loading class org/lwjgl/opengl/CallbackUtil done


Dynamic libraries:
0x000000000b24e000 	/System/Library/Frameworks/Cocoa.framework/Versions/A/Cocoa
0x000000000b24e000 	/System/Library/Frameworks/Security.framework/Versions/A/Security
0x000000000b24e000 	/System/Library/Frameworks/ApplicationServices.framework/Versions/A/ApplicationServices
0x000000000b24e000 	/usr/lib/libz.1.dylib
0x000000000b24e000 	/usr/lib/libSystem.B.dylib
0x000000000b24e000 	/usr/lib/libobjc.A.dylib
0x000000000b24e000 	/System/Library/Frameworks/CoreFoundation.framework/Versions/A/CoreFoundation
0x000000000b24e000 	/System/Library/Frameworks/Foundation.framework/Versions/C/Foundation
0x000000000b24e000 	/System/Library/Frameworks/AppKit.framework/Versions/C/AppKit
0x000000000b24e000 	/System/Library/Frameworks/CoreData.framework/Versions/A/CoreData
0x000000000b24e000 	/System/Library/PrivateFrameworks/RemoteViewServices.framework/Versions/A/RemoteViewServices
0x000000000b24e000 	/System/Library/PrivateFrameworks/UIFoundation.framework/Versions/A/UIFoundation
0x000000000b24e000 	/System/Library/Frameworks/IOSurface.framework/Versions/A/IOSurface
0x000000000b24e000 	/System/Library/Frameworks/AudioToolbox.framework/Versions/A/AudioToolbox
0x000000000b24e000 	/System/Library/Frameworks/AudioUnit.framework/Versions/A/AudioUnit
0x000000000b24e000 	/System/Library/PrivateFrameworks/DataDetectorsCore.framework/Versions/A/DataDetectorsCore
0x000000000b24e000 	/System/Library/PrivateFrameworks/DesktopServicesPriv.framework/Versions/A/DesktopServicesPriv
0x000000000b24e000 	/System/Library/Frameworks/Carbon.framework/Versions/A/Frameworks/HIToolbox.framework/Versions/A/HIToolbox
0x000000000b24e000 	/System/Library/Frameworks/QuartzCore.framework/Versions/A/QuartzCore
0x000000000b24e000 	/System/Library/Frameworks/Carbon.framework/Versions/A/Frameworks/SpeechRecognition.framework/Versions/A/SpeechRecognition
0x000000000b24e000 	/usr/lib/libauto.dylib
0x000000000b24e000 	/usr/lib/libicucore.A.dylib
0x000000000b24e000 	/usr/lib/libxml2.2.dylib
0x000000000b24e000 	/System/Library/PrivateFrameworks/CoreUI.framework/Versions/A/CoreUI
0x000000000b24e000 	/System/Library/Frameworks/CoreAudio.framework/Versions/A/CoreAudio
0x000000000b24e000 	/System/Library/Frameworks/DiskArbitration.framework/Versions/A/DiskArbitration
0x000000000b24e000 	/usr/lib/liblangid.dylib
0x000000000b24e000 	/System/Library/PrivateFrameworks/MultitouchSupport.framework/Versions/A/MultitouchSupport
0x000000000b24e000 	/System/Library/Frameworks/IOKit.framework/Versions/A/IOKit
0x000000000b24e000 	/usr/lib/libDiagnosticMessagesClient.dylib
0x000000000b24e000 	/System/Library/Frameworks/CoreServices.framework/Versions/A/CoreServices
0x000000000b24e000 	/System/Library/PrivateFrameworks/PerformanceAnalysis.framework/Versions/A/PerformanceAnalysis
0x000000000b24e000 	/System/Library/PrivateFrameworks/GenerationalStorage.framework/Versions/A/GenerationalStorage
0x000000000b24e000 	/System/Library/Frameworks/OpenGL.framework/Versions/A/OpenGL
0x000000000b24e000 	/System/Library/PrivateFrameworks/Sharing.framework/Versions/A/Sharing
0x000000000b24e000 	/System/Library/Frameworks/CoreGraphics.framework/Versions/A/CoreGraphics
0x000000000b24e000 	/System/Library/Frameworks/CoreText.framework/Versions/A/CoreText
0x000000000b24e000 	/System/Library/Frameworks/ImageIO.framework/Versions/A/ImageIO
0x000000000b24e000 	/usr/lib/libextension.dylib
0x000000000b24e000 	/System/Library/PrivateFrameworks/Backup.framework/Versions/A/Backup
0x000000000b24e000 	/usr/lib/libarchive.2.dylib
0x000000000b24e000 	/System/Library/Frameworks/CFNetwork.framework/Versions/A/CFNetwork
0x000000000b24e000 	/System/Library/Frameworks/SystemConfiguration.framework/Versions/A/SystemConfiguration
0x000000000b24e000 	/usr/lib/libCRFSuite.dylib
0x000000000b24e000 	/usr/lib/libc++.1.dylib
0x000000000b24e000 	/usr/lib/libc++abi.dylib
0x000000000b24e000 	/usr/lib/system/libcache.dylib
0x000000000b24e000 	/usr/lib/system/libcommonCrypto.dylib
0x000000000b24e000 	/usr/lib/system/libcompiler_rt.dylib
0x000000000b24e000 	/usr/lib/system/libcopyfile.dylib
0x000000000b24e000 	/usr/lib/system/libcorecrypto.dylib
0x000000000b24e000 	/usr/lib/system/libdispatch.dylib
0x000000000b24e000 	/usr/lib/system/libdyld.dylib
0x000000000b24e000 	/usr/lib/system/libkeymgr.dylib
0x000000000b24e000 	/usr/lib/system/liblaunch.dylib
0x000000000b24e000 	/usr/lib/system/libmacho.dylib
0x000000000b24e000 	/usr/lib/system/libquarantine.dylib
0x000000000b24e000 	/usr/lib/system/libremovefile.dylib
0x000000000b24e000 	/usr/lib/system/libsystem_asl.dylib
0x000000000b24e000 	/usr/lib/system/libsystem_blocks.dylib
0x000000000b24e000 	/usr/lib/system/libsystem_c.dylib
0x000000000b24e000 	/usr/lib/system/libsystem_configuration.dylib
0x000000000b24e000 	/usr/lib/system/libsystem_coreservices.dylib
0x000000000b24e000 	/usr/lib/system/libsystem_coretls.dylib
0x000000000b24e000 	/usr/lib/system/libsystem_dnssd.dylib
0x000000000b24e000 	/usr/lib/system/libsystem_info.dylib
0x000000000b24e000 	/usr/lib/system/libsystem_kernel.dylib
0x000000000b24e000 	/usr/lib/system/libsystem_m.dylib
0x000000000b24e000 	/usr/lib/system/libsystem_malloc.dylib
0x000000000b24e000 	/usr/lib/system/libsystem_network.dylib
0x000000000b24e000 	/usr/lib/system/libsystem_networkextension.dylib
0x000000000b24e000 	/usr/lib/system/libsystem_notify.dylib
0x000000000b24e000 	/usr/lib/system/libsystem_platform.dylib
0x000000000b24e000 	/usr/lib/system/libsystem_pthread.dylib
0x000000000b24e000 	/usr/lib/system/libsystem_sandbox.dylib
0x000000000b24e000 	/usr/lib/system/libsystem_secinit.dylib
0x000000000b24e000 	/usr/lib/system/libsystem_stats.dylib
0x000000000b24e000 	/usr/lib/system/libsystem_trace.dylib
0x000000000b24e000 	/usr/lib/system/libunc.dylib
0x000000000b24e000 	/usr/lib/system/libunwind.dylib
0x000000000b24e000 	/usr/lib/system/libxpc.dylib
0x000000000b24e000 	/usr/lib/libbz2.1.0.dylib
0x000000000b24e000 	/usr/lib/liblzma.5.dylib
0x000000000b24e000 	/usr/lib/libbsm.0.dylib
0x000000000b24e000 	/usr/lib/libsqlite3.dylib
0x000000000b24e000 	/usr/lib/system/libkxld.dylib
0x000000000b24e000 	/usr/lib/libxar.1.dylib
0x000000000b24e000 	/usr/lib/libpam.2.dylib
0x000000000b24e000 	/usr/lib/libOpenScriptingUtil.dylib
0x000000000b24e000 	/System/Library/Frameworks/CoreServices.framework/Versions/A/Frameworks/FSEvents.framework/Versions/A/FSEvents
0x000000000b24e000 	/System/Library/Frameworks/CoreServices.framework/Versions/A/Frameworks/CarbonCore.framework/Versions/A/CarbonCore
0x000000000b24e000 	/System/Library/Frameworks/CoreServices.framework/Versions/A/Frameworks/Metadata.framework/Versions/A/Metadata
0x000000000b24e000 	/System/Library/Frameworks/CoreServices.framework/Versions/A/Frameworks/OSServices.framework/Versions/A/OSServices
0x000000000b24e000 	/System/Library/Frameworks/CoreServices.framework/Versions/A/Frameworks/SearchKit.framework/Versions/A/SearchKit
0x000000000b24e000 	/System/Library/Frameworks/CoreServices.framework/Versions/A/Frameworks/AE.framework/Versions/A/AE
0x000000000b24e000 	/System/Library/Frameworks/CoreServices.framework/Versions/A/Frameworks/LaunchServices.framework/Versions/A/LaunchServices
0x000000000b24e000 	/System/Library/Frameworks/CoreServices.framework/Versions/A/Frameworks/DictionaryServices.framework/Versions/A/DictionaryServices
0x000000000b24e000 	/System/Library/Frameworks/NetFS.framework/Versions/A/NetFS
0x000000000b24e000 	/System/Library/PrivateFrameworks/NetAuth.framework/Versions/A/NetAuth
0x000000000b24e000 	/System/Library/PrivateFrameworks/login.framework/Versions/A/Frameworks/loginsupport.framework/Versions/A/loginsupport
0x000000000b24e000 	/System/Library/PrivateFrameworks/TCC.framework/Versions/A/TCC
0x000000000b24e000 	/usr/lib/libmecabra.dylib
0x000000000b24e000 	/System/Library/Frameworks/ApplicationServices.framework/Versions/A/Frameworks/ATS.framework/Versions/A/ATS
0x000000000b24e000 	/System/Library/Frameworks/ApplicationServices.framework/Versions/A/Frameworks/ColorSync.framework/Versions/A/ColorSync
0x000000000b24e000 	/System/Library/Frameworks/ApplicationServices.framework/Versions/A/Frameworks/HIServices.framework/Versions/A/HIServices
0x000000000b24e000 	/System/Library/Frameworks/ApplicationServices.framework/Versions/A/Frameworks/LangAnalysis.framework/Versions/A/LangAnalysis
0x000000000b24e000 	/System/Library/Frameworks/ApplicationServices.framework/Versions/A/Frameworks/PrintCore.framework/Versions/A/PrintCore
0x000000000b24e000 	/System/Library/Frameworks/ApplicationServices.framework/Versions/A/Frameworks/QD.framework/Versions/A/QD
0x000000000b24e000 	/System/Library/Frameworks/ApplicationServices.framework/Versions/A/Frameworks/SpeechSynthesis.framework/Versions/A/SpeechSynthesis
0x000000000b24e000 	/System/Library/Frameworks/Accelerate.framework/Versions/A/Accelerate
0x000000000b24e000 	/System/Library/Frameworks/Accelerate.framework/Versions/A/Frameworks/vImage.framework/Versions/A/vImage
0x000000000b24e000 	/System/Library/Frameworks/Accelerate.framework/Versions/A/Frameworks/vecLib.framework/Versions/A/vecLib
0x000000000b24e000 	/System/Library/Frameworks/Accelerate.framework/Versions/A/Frameworks/vecLib.framework/Versions/A/libvDSP.dylib
0x000000000b24e000 	/System/Library/Frameworks/Accelerate.framework/Versions/A/Frameworks/vecLib.framework/Versions/A/libvMisc.dylib
0x000000000b24e000 	/System/Library/Frameworks/Accelerate.framework/Versions/A/Frameworks/vecLib.framework/Versions/A/libLAPACK.dylib
0x000000000b24e000 	/System/Library/Frameworks/Accelerate.framework/Versions/A/Frameworks/vecLib.framework/Versions/A/libBLAS.dylib
0x000000000b24e000 	/System/Library/Frameworks/Accelerate.framework/Versions/A/Frameworks/vecLib.framework/Versions/A/libLinearAlgebra.dylib
0x000000000b24e000 	/System/Library/Frameworks/ApplicationServices.framework/Versions/A/Frameworks/ATS.framework/Versions/A/Resources/libFontParser.dylib
0x000000000b24e000 	/System/Library/Frameworks/ApplicationServices.framework/Versions/A/Frameworks/ATS.framework/Versions/A/Resources/libFontRegistry.dylib
0x000000000b24e000 	/System/Library/PrivateFrameworks/AppleVPA.framework/Versions/A/AppleVPA
0x000000000b24e000 	/System/Library/PrivateFrameworks/AppleJPEG.framework/Versions/A/AppleJPEG
0x000000000b24e000 	/System/Library/Frameworks/ImageIO.framework/Versions/A/Resources/libJPEG.dylib
0x000000000b24e000 	/System/Library/Frameworks/ImageIO.framework/Versions/A/Resources/libTIFF.dylib
0x000000000b24e000 	/System/Library/Frameworks/ImageIO.framework/Versions/A/Resources/libPng.dylib
0x000000000b24e000 	/System/Library/Frameworks/ImageIO.framework/Versions/A/Resources/libGIF.dylib
0x000000000b24e000 	/System/Library/Frameworks/ImageIO.framework/Versions/A/Resources/libJP2.dylib
0x000000000b24e000 	/System/Library/Frameworks/ImageIO.framework/Versions/A/Resources/libRadiance.dylib
0x000000000b24e000 	/System/Library/Frameworks/CoreVideo.framework/Versions/A/CoreVideo
0x000000000b24e000 	/System/Library/Frameworks/OpenGL.framework/Versions/A/Libraries/libGLU.dylib
0x000000000b24e000 	/System/Library/Frameworks/OpenGL.framework/Versions/A/Libraries/libGFXShared.dylib
0x000000000b24e000 	/System/Library/Frameworks/OpenGL.framework/Versions/A/Libraries/libGL.dylib
0x000000000b24e000 	/System/Library/Frameworks/OpenGL.framework/Versions/A/Libraries/libGLImage.dylib
0x000000000b24e000 	/System/Library/Frameworks/OpenGL.framework/Versions/A/Libraries/libCVMSPluginSupport.dylib
0x000000000b24e000 	/System/Library/Frameworks/OpenGL.framework/Versions/A/Libraries/libCoreVMClient.dylib
0x000000000b24e000 	/usr/lib/libcups.2.dylib
0x000000000b24e000 	/System/Library/Frameworks/Kerberos.framework/Versions/A/Kerberos
0x000000000b24e000 	/System/Library/Frameworks/GSS.framework/Versions/A/GSS
0x000000000b24e000 	/usr/lib/libresolv.9.dylib
0x000000000b24e000 	/usr/lib/libiconv.2.dylib
0x000000000b24e000 	/System/Library/PrivateFrameworks/Heimdal.framework/Versions/A/Heimdal
0x000000000b24e000 	/usr/lib/libheimdal-asn1.dylib
0x000000000b24e000 	/System/Library/Frameworks/OpenDirectory.framework/Versions/A/OpenDirectory
0x000000000b24e000 	/System/Library/PrivateFrameworks/CommonAuth.framework/Versions/A/CommonAuth
0x000000000b24e000 	/System/Library/Frameworks/OpenDirectory.framework/Versions/A/Frameworks/CFOpenDirectory.framework/Versions/A/CFOpenDirectory
0x000000000b24e000 	/System/Library/Frameworks/SecurityFoundation.framework/Versions/A/SecurityFoundation
0x000000000b24e000 	/System/Library/PrivateFrameworks/LanguageModeling.framework/Versions/A/LanguageModeling
0x000000000b24e000 	/usr/lib/libcmph.dylib
0x000000000b24e000 	/System/Library/Frameworks/ServiceManagement.framework/Versions/A/ServiceManagement
0x000000000b24e000 	/usr/lib/libxslt.1.dylib
0x000000000b24e000 	/System/Library/Frameworks/Carbon.framework/Versions/A/Frameworks/Ink.framework/Versions/A/Ink
0x000000000b24e000 	/System/Library/Frameworks/QuartzCore.framework/Versions/A/Frameworks/CoreImage.framework/Versions/A/CoreImage
0x000000000b24e000 	/System/Library/PrivateFrameworks/CrashReporterSupport.framework/Versions/A/CrashReporterSupport
0x000000000b24e000 	/System/Library/Frameworks/OpenCL.framework/Versions/A/OpenCL
0x000000000b24e000 	/System/Library/PrivateFrameworks/FaceCore.framework/Versions/A/FaceCore
0x000000000b24e000 	/System/Library/PrivateFrameworks/Ubiquity.framework/Versions/A/Ubiquity
0x000000000b24e000 	/System/Library/PrivateFrameworks/IconServices.framework/Versions/A/IconServices
0x000000000b24e000 	/System/Library/PrivateFrameworks/ChunkingLibrary.framework/Versions/A/ChunkingLibrary
0x000000000b24e000 	/System/Library/PrivateFrameworks/Apple80211.framework/Versions/A/Apple80211
0x000000000b24e000 	/System/Library/Frameworks/CoreWLAN.framework/Versions/A/CoreWLAN
0x000000000b24e000 	/System/Library/Frameworks/IOBluetooth.framework/Versions/A/IOBluetooth
0x000000000b24e000 	/System/Library/PrivateFrameworks/CoreWiFi.framework/Versions/A/CoreWiFi
0x000000000b24e000 	/System/Library/Frameworks/CoreBluetooth.framework/Versions/A/CoreBluetooth
0x000000000b24e000 	/System/Library/PrivateFrameworks/DebugSymbols.framework/Versions/A/DebugSymbols
0x000000000b24e000 	/System/Library/PrivateFrameworks/CoreSymbolication.framework/Versions/A/CoreSymbolication
0x000000000b24e000 	/System/Library/PrivateFrameworks/Symbolication.framework/Versions/A/Symbolication
0x000000000b24e000 	/System/Library/PrivateFrameworks/SpeechRecognitionCore.framework/Versions/A/SpeechRecognitionCore
0x0000000105800000 	/Library/Java/JavaVirtualMachines/jdk1.8.0_20.jdk/Contents/Home/jre/lib/server/libjvm.dylib
0x000000000b24e000 	/usr/lib/libstdc++.6.dylib
0x0000000104f84000 	/Library/Java/JavaVirtualMachines/jdk1.8.0_20.jdk/Contents/Home/jre/lib/libverify.dylib
0x0000000104f92000 	/Library/Java/JavaVirtualMachines/jdk1.8.0_20.jdk/Contents/Home/jre/lib/libjava.dylib
0x0000000104fd0000 	/Library/Java/JavaVirtualMachines/jdk1.8.0_20.jdk/Contents/Home/jre/lib/libzip.dylib
0x000000011c76f000 	/System/Library/Frameworks/JavaVM.framework/Frameworks/JavaRuntimeSupport.framework/JavaRuntimeSupport
0x000000011c785000 	/System/Library/Frameworks/JavaVM.framework/Versions/A/Frameworks/JavaNativeFoundation.framework/Versions/A/JavaNativeFoundation
0x000000011c799000 	/System/Library/Frameworks/JavaVM.framework/Versions/A/JavaVM
0x000000000b24e000 	/System/Library/Frameworks/Carbon.framework/Versions/A/Carbon
0x000000011c7a5000 	/System/Library/PrivateFrameworks/JavaLaunching.framework/Versions/A/JavaLaunching
0x000000000b24e000 	/System/Library/Frameworks/Carbon.framework/Versions/A/Frameworks/CommonPanels.framework/Versions/A/CommonPanels
0x000000000b24e000 	/System/Library/Frameworks/Carbon.framework/Versions/A/Frameworks/Help.framework/Versions/A/Help
0x000000000b24e000 	/System/Library/Frameworks/Carbon.framework/Versions/A/Frameworks/ImageCapture.framework/Versions/A/ImageCapture
0x000000000b24e000 	/System/Library/Frameworks/Carbon.framework/Versions/A/Frameworks/OpenScripting.framework/Versions/A/OpenScripting
0x000000000b24e000 	/System/Library/Frameworks/Carbon.framework/Versions/A/Frameworks/Print.framework/Versions/A/Print
0x000000000b24e000 	/System/Library/Frameworks/Carbon.framework/Versions/A/Frameworks/SecurityHI.framework/Versions/A/SecurityHI
0x000000011e5d2000 	/Library/Java/JavaVirtualMachines/jdk1.8.0_20.jdk/Contents/Home/jre/lib/libawt.dylib
0x000000011e681000 	/Library/Java/JavaVirtualMachines/jdk1.8.0_20.jdk/Contents/Home/jre/lib/./libmlib_image.dylib
0x000000011e74d000 	/Library/Java/JavaVirtualMachines/jdk1.8.0_20.jdk/Contents/Home/jre/lib/libawt_lwawt.dylib
0x000000011e800000 	/Library/Java/JavaVirtualMachines/jdk1.8.0_20.jdk/Contents/Home/jre/lib/./libosxapp.dylib
0x000000000b24e000 	/System/Library/Frameworks/ExceptionHandling.framework/Versions/A/ExceptionHandling
0x000000000b24e000 	/System/Library/PrivateFrameworks/CoreServicesInternal.framework/Versions/A/CoreServicesInternal
0x000000000b24e000 	/System/Library/PrivateFrameworks/CloudDocs.framework/Versions/A/CloudDocs
0x000000000b24e000 	/System/Library/PrivateFrameworks/CoreDuet.framework/Versions/A/CoreDuet
0x000000000b24e000 	/System/Library/Frameworks/CloudKit.framework/Versions/A/CloudKit
0x000000000b24e000 	/System/Library/PrivateFrameworks/ProtocolBuffer.framework/Versions/A/ProtocolBuffer
0x000000000b24e000 	/System/Library/PrivateFrameworks/CoreDuetDaemonProtocol.framework/Versions/A/CoreDuetDaemonProtocol
0x000000000b24e000 	/System/Library/PrivateFrameworks/CoreDuetDebugLogging.framework/Versions/A/CoreDuetDebugLogging
0x000000000b24e000 	/System/Library/Frameworks/CoreLocation.framework/Versions/A/CoreLocation
0x000000000b24e000 	/System/Library/Frameworks/Accounts.framework/Versions/A/Accounts
0x000000000b24e000 	/System/Library/PrivateFrameworks/ApplePushService.framework/Versions/A/ApplePushService
0x000000000b24e000 	/System/Library/PrivateFrameworks/GeoServices.framework/Versions/A/GeoServices
0x000000000b24e000 	/System/Library/PrivateFrameworks/OAuth.framework/Versions/A/OAuth
0x000000000b24e000 	/System/Library/PrivateFrameworks/CoreDaemon.framework/Versions/B/CoreDaemon
0x000000000b24e000 	/usr/lib/libcrypto.0.9.8.dylib
0x000000000b24e000 	/System/Library/PrivateFrameworks/AppleSRP.framework/Versions/A/AppleSRP
0x000000000b24e000 	/System/Library/PrivateFrameworks/TrustEvaluationAgent.framework/Versions/A/TrustEvaluationAgent
0x000000000b24e000 	/System/Library/Frameworks/CoreGraphics.framework/Versions/A/Resources/libCGCMS.A.dylib
0x000000000b24e000 	/System/Library/Frameworks/CoreGraphics.framework/Versions/A/Resources/libRIP.A.dylib
0x000000000b24e000 	/System/Library/Frameworks/CoreGraphics.framework/Versions/A/Resources/libCGXType.A.dylib
0x000000000b24e000 	/System/Library/Frameworks/OpenCL.framework/Versions/A/Libraries/libcldcpuengine.dylib
0x000000000b24e000 	/System/Library/PrivateFrameworks/DiskImages.framework/Versions/A/DiskImages
0x000000000b24e000 	/System/Library/Frameworks/DiscRecording.framework/Versions/A/DiscRecording
0x000000000b24e000 	/usr/lib/libcsfde.dylib
0x000000000b24e000 	/usr/lib/libcurl.4.dylib
0x000000000b24e000 	/System/Library/PrivateFrameworks/MediaKit.framework/Versions/A/MediaKit
0x000000000b24e000 	/System/Library/PrivateFrameworks/ProtectedCloudStorage.framework/Versions/A/ProtectedCloudStorage
0x000000000b24e000 	/usr/lib/libCoreStorage.dylib
0x000000000b24e000 	/System/Library/PrivateFrameworks/EFILogin.framework/Versions/A/EFILogin
0x000000000b24e000 	/usr/lib/libutil.dylib
0x000000000b24e000 	/System/Library/PrivateFrameworks/FindMyDevice.framework/Versions/A/FindMyDevice
0x000000000b24e000 	/System/Library/Frameworks/LDAP.framework/Versions/A/LDAP
0x000000000b24e000 	/usr/lib/libsasl2.2.dylib
0x00000001213dd000 	cl_kernels
0x00000001213df000 	/System/Library/Frameworks/OpenCL.framework/Versions/A/Libraries/ImageFormats/unorm8_bgra.dylib
0x00000001213ce000 	cl_kernels
0x000000000b24e000 	/System/Library/PrivateFrameworks/FamilyControls.framework/Versions/A/FamilyControls
0x000000000b24e000 	/System/Library/PrivateFrameworks/CommerceKit.framework/Versions/A/Frameworks/CommerceCore.framework/Versions/A/CommerceCore
0x000000000b24e000 	/System/Library/PrivateFrameworks/SystemAdministration.framework/Versions/A/SystemAdministration
0x000000000b24e000 	/System/Library/PrivateFrameworks/AppContainer.framework/Versions/A/AppContainer
0x000000000b24e000 	/System/Library/PrivateFrameworks/SecCodeWrapper.framework/Versions/A/SecCodeWrapper
0x000000000b24e000 	/System/Library/Frameworks/DirectoryService.framework/Versions/A/DirectoryService
0x000000000b24e000 	/System/Library/PrivateFrameworks/LoginUIKit.framework/Versions/A/Frameworks/LoginUICore.framework/Versions/A/LoginUICore
0x000000000b24e000 	/usr/lib/libodfde.dylib
0x00000001225da000 	/Library/Java/JavaVirtualMachines/jdk1.8.0_20.jdk/Contents/Home/jre/lib/libfontmanager.dylib
0x0000000122640000 	/Users/student/Documents/Workspace_AP/ChronoMaymay/natives/macosx/liblwjgl.dylib
0x0000000120903000 	/Library/Java/JavaVirtualMachines/jdk1.8.0_20.jdk/Contents/Home/jre/lib/libjawt.dylib
0x000000000b24e000 	/System/Library/Frameworks/OpenGL.framework/Versions/A/Resources/GLEngine.bundle/GLEngine
0x000000000b24e000 	/System/Library/Frameworks/OpenGL.framework/Versions/A/Libraries/libGLProgrammability.dylib
0x0000000000000000 	/System/Library/Extensions/GeForceGLDriver.bundle/Contents/MacOS/GeForceGLDriver
0x000000000b24e000 	/System/Library/Extensions/GeForceGLDriver.bundle/Contents/MacOS/libclh.dylib
0x000000000b24e000 	/System/Library/PrivateFrameworks/IOAccelerator.framework/Versions/A/IOAccelerator
0x000000000b24e000 	/System/Library/PrivateFrameworks/GPUSupport.framework/Versions/A/Libraries/libGPUSupportMercury.dylib
0x000000000b24e000 	/System/Library/Frameworks/OpenGL.framework/Versions/A/Resources/GLRendererFloat.bundle/GLRendererFloat

VM Arguments:
jvm_args: -Dfile.encoding=UTF-8 
java_command: framework.Game
java_class_path (initial): /Users/student/Documents/Workspace_AP/ChronoMaymay/bin:/Users/student/Documents/Workspace_AP/ChronoMaymay/jars/lwjgl_util.jar:/Users/student/Documents/Workspace_AP/ChronoMaymay/jars/lwjgl.jar:/Users/student/Documents/Workspace_AP/ChronoMaymay/jars/slick.jar
Launcher Type: SUN_STANDARD

Environment Variables:
PATH=/usr/bin:/bin:/usr/sbin:/sbin
SHELL=/bin/bash

Signal Handlers:
SIGSEGV: [libjvm.dylib+0x578fd7], sa_mask[0]=11111111011111110111111111111111, sa_flags=SA_ONSTACK|SA_RESTART|SA_SIGINFO
SIGBUS: [libjvm.dylib+0x578fd7], sa_mask[0]=11111111011111110111111111111111, sa_flags=SA_RESTART|SA_SIGINFO
SIGFPE: [libjvm.dylib+0x45ab0c], sa_mask[0]=11111111011111110111111111111111, sa_flags=SA_RESTART|SA_SIGINFO
SIGPIPE: [libjvm.dylib+0x45ab0c], sa_mask[0]=11111111011111110111111111111111, sa_flags=SA_RESTART|SA_SIGINFO
SIGXFSZ: [libjvm.dylib+0x45ab0c], sa_mask[0]=11111111011111110111111111111111, sa_flags=SA_RESTART|SA_SIGINFO
SIGILL: [libjvm.dylib+0x45ab0c], sa_mask[0]=11111111011111110111111111111111, sa_flags=SA_RESTART|SA_SIGINFO
SIGUSR1: SIG_DFL, sa_mask[0]=00000000000000000000000000000000, sa_flags=none
SIGUSR2: [libjvm.dylib+0x45a62a], sa_mask[0]=00100000000000000000000000000000, sa_flags=SA_RESTART|SA_SIGINFO
SIGHUP: [libjvm.dylib+0x458bfd], sa_mask[0]=11111111011111110111111111111111, sa_flags=SA_RESTART|SA_SIGINFO
SIGINT: [libjvm.dylib+0x458bfd], sa_mask[0]=11111111011111110111111111111111, sa_flags=SA_RESTART|SA_SIGINFO
SIGTERM: [libjvm.dylib+0x458bfd], sa_mask[0]=11111111011111110111111111111111, sa_flags=SA_RESTART|SA_SIGINFO
SIGQUIT: [libjvm.dylib+0x458bfd], sa_mask[0]=11111111011111110111111111111111, sa_flags=SA_RESTART|SA_SIGINFO


---------------  S Y S T E M  ---------------

OS:Bsduname:Darwin 14.1.0 Darwin Kernel Version 14.1.0: Mon Dec 22 23:10:38 PST 2014; root:xnu-2782.10.72~2/RELEASE_X86_64 x86_64
rlimit: STACK 8192k, CORE 0k, NPROC 709, NOFILE 10240, AS infinity
load average:1.62 1.43 1.30

CPU:total 4 (4 cores per cpu, 1 threads per core) family 6 model 58 stepping 9, cmov, cx8, fxsr, mmx, sse, sse2, sse3, ssse3, sse4.1, sse4.2, popcnt, avx, aes, clmul, erms, tsc, tscinvbit, tscinv

Memory: 4k page, physical 8388608k(4112996k free)

/proc/meminfo:


vm_info: Java HotSpot(TM) 64-Bit Server VM (25.20-b23) for bsd-amd64 JRE (1.8.0_20-b26), built on Jul 30 2014 13:37:47 by "java_re" with gcc 4.2.1 (Based on Apple Inc. build 5658) (LLVM build 2336.9.00)

time: Wed Apr 22 15:12:33 2015
elapsed time: 2 seconds (0d 0h 0m 2s)

