#
# A fatal error has been detected by the Java Runtime Environment:
#
#  SIGSEGV (0xb) at pc=0x00007fff91da20dd, pid=808, tid=1811
#
# JRE version: Java(TM) SE Runtime Environment (8.0_20-b26) (build 1.8.0_20-b26)
# Java VM: Java HotSpot(TM) 64-Bit Server VM (25.20-b23 mixed mode bsd-amd64 compressed oops)
# Problematic frame:
# C  [libobjc.A.dylib+0x10dd]  objc_msgSend+0x1d
#
# Failed to write core dump. Core dumps have been disabled. To enable core dumping, try "ulimit -c unlimited" before starting Java again
#
# If you would like to submit a bug report, please visit:
#   http://bugreport.sun.com/bugreport/crash.jsp
# The crash happened outside the Java Virtual Machine in native code.
# See problematic frame for where to report the bug.
#

---------------  T H R E A D  ---------------

Current thread (0x00007fddf40cf800):  JavaThread "AppKit Thread" daemon [_thread_in_native, id=1811, stack(0x00007fff5c33b000,0x00007fff5cb3b000)]

siginfo: si_signo: 11 (SIGSEGV), si_code: 1 (SEGV_MAPERR), si_addr: 0x0000000000000018

Registers:
RAX=0x0000000000000000, RBX=0x00007fddf3f47b00, RCX=0x0000000000000000, RDX=0x00007fddf3f47b00
RSP=0x00007fff5cb34d18, RBP=0x00007fff5cb34d40, RSI=0x00007fff9bb2c212, RDI=0x00007fddf3f394a0
R8 =0x0000000000000001, R9 =0x0000000000000001, R10=0x00007fff9bb2c212, R11=0x0000000000000000
R12=0x0000000000000094, R13=0x00007fddf3d684f0, R14=0x00007fddf3f394a0, R15=0x00007fff5cb35230
RIP=0x00007fff91da20dd, EFLAGS=0x0000000000010246, ERR=0x0000000000000004
  TRAPNO=0x000000000000000e

Top of Stack: (sp=0x00007fff5cb34d18)
0x00007fff5cb34d18:   0000000120a26598 00007fddf3f47b00
0x00007fff5cb34d28:   0000000120a5ac60 00007fddf3d684f0
0x00007fff5cb34d38:   00007fddf3f47b00 00007fff5cb35220
0x00007fff5cb34d48:   00007fff9b2a93c5 0000000000000000
0x00007fff5cb34d58:   0000000000000000 4094000000000000
0x00007fff5cb34d68:   4086800000000000 0000000000000000
0x00007fff5cb34d78:   0000000000000000 4094000000000000
0x00007fff5cb34d88:   4086800000000000 4094000000000000
0x00007fff5cb34d98:   4087300000000000 401c000000000000
0x00007fff5cb34da8:   4086980000000000 402c000000000000
0x00007fff5cb34db8:   4030000000000000 401c000000000000
0x00007fff5cb34dc8:   0000000000000000 0000000000000000
0x00007fff5cb34dd8:   4030000000000000 00007fff9baf012a
0x00007fff5cb34de8:   4008000000000000 00007fddf3d71fb0
0x00007fff5cb34df8:   0000000100000000 0000000000000000
0x00007fff5cb34e08:   00007fddf3c415b0 00007fff5cb34f60
0x00007fff5cb34e18:   00007fff9b36f2b6 00007fff5cb34f60
0x00007fff5cb34e28:   00007fff9b36fda2 402c000000000000
0x00007fff5cb34e38:   4030000000000000 401c000000000000
0x00007fff5cb34e48:   4086980000000000 402c000000000000
0x00007fff5cb34e58:   4030000000000000 0000000000000000
0x00007fff5cb34e68:   0000000000000000 4094000000000000
0x00007fff5cb34e78:   4087300000000000 401c000000000000
0x00007fff5cb34e88:   4086980000000000 00000001030e4800
0x00007fff5cb34e98:   00007fddf3fc3eb0 00000000000000b0
0x00007fff5cb34ea8:   0000000000000003 0000000000000c3e
0x00007fff5cb34eb8:   00000001030df000 00007fff5cb34f60
0x00007fff5cb34ec8:   00007fff9aadc4ff 0000000000000c3e
0x00007fff5cb34ed8:   00000001030df000 00007fff5cb34f80
0x00007fff5cb34ee8:   0000000000000c3f 00007fff5cb34fef
0x00007fff5cb34ef8:   0000000000000800 00007fddf3ffc080
0x00007fff5cb34f08:   00007fddf3fc3dc0 0000000000000028 

Instructions: (pc=0x00007fff91da20dd)
0x00007fff91da20bd:   00 00 00 48 85 ff 2e 74 7a 40 f6 c7 01 2e 75 7e
0x00007fff91da20cd:   49 bb f8 ff ff ff ff 7f 00 00 4c 23 1f 49 89 f2
0x00007fff91da20dd:   45 23 53 18 49 c1 e2 04 4d 03 53 10 49 3b 32 75
0x00007fff91da20ed:   04 41 ff 62 08 49 83 3a 00 74 6a 4d 3b 53 10 74 

Register to memory mapping:

RAX=0x0000000000000000 is an unknown value
RBX=0x00007fddf3f47b00 is an unknown value
RCX=0x0000000000000000 is an unknown value
RDX=0x00007fddf3f47b00 is an unknown value
RSP=0x00007fff5cb34d18 is pointing into the stack for thread: 0x00007fddf40cf800
RBP=0x00007fff5cb34d40 is pointing into the stack for thread: 0x00007fddf40cf800
RSI=0x00007fff9bb2c212: -[NSTitlebarContainerView shouldRoundCorners]+0x5ce34 in /System/Library/Frameworks/AppKit.framework/Versions/C/AppKit at 0x00007fff9b15b000
RDI=0x00007fddf3f394a0 is an unknown value
R8 =0x0000000000000001 is an unknown value
R9 =0x0000000000000001 is an unknown value
R10=0x00007fff9bb2c212: -[NSTitlebarContainerView shouldRoundCorners]+0x5ce34 in /System/Library/Frameworks/AppKit.framework/Versions/C/AppKit at 0x00007fff9b15b000
R11=0x0000000000000000 is an unknown value
R12=0x0000000000000094 is an unknown value
R13=0x00007fddf3d684f0 is an unknown value
R14=0x00007fddf3f394a0 is an unknown value
R15=0x00007fff5cb35230 is pointing into the stack for thread: 0x00007fddf40cf800


Stack: [0x00007fff5c33b000,0x00007fff5cb3b000],  sp=0x00007fff5cb34d18,  free space=8167k
Native frames: (J=compiled Java code, j=interpreted, Vv=VM code, C=native code)
C  [libobjc.A.dylib+0x10dd]  objc_msgSend+0x1d
C  [AppKit+0x14e3c5]  -[NSView _recursiveDisplayRectIfNeededIgnoringOpacity:isVisibleRect:rectIsVisibleRectForView:topView:]+0x740
C  [AppKit+0x14f420]  -[NSView _recursiveDisplayRectIfNeededIgnoringOpacity:isVisibleRect:rectIsVisibleRectForView:topView:]+0x179b
C  [AppKit+0x14d773]  -[NSThemeFrame _recursiveDisplayRectIfNeededIgnoringOpacity:isVisibleRect:rectIsVisibleRectForView:topView:]+0x14d
C  [AppKit+0x14a2cb]  -[NSView _displayRectIgnoringOpacity:isVisibleRect:rectIsVisibleRectForView:]+0xac9
C  [AppKit+0x128e2d]  -[NSView displayIfNeeded]+0x754
C  [AppKit+0x1461c5]  -[NSWindow displayIfNeeded]+0xe8
C  [AppKit+0x183322]  _handleWindowNeedsDisplayOrLayoutOrUpdateConstraints+0x3a8
C  [Foundation+0x66db3]  __NSFireTimer+0x5f
C  [CoreFoundation+0xb5b64]  __CFRUNLOOP_IS_CALLING_OUT_TO_A_TIMER_CALLBACK_FUNCTION__+0x14
C  [CoreFoundation+0xb57f3]  __CFRunLoopDoTimer+0x423
C  [CoreFoundation+0x128dbd]  __CFRunLoopDoTimers+0x12d
C  [CoreFoundation+0x72288]  __CFRunLoopRun+0x7e8
C  [CoreFoundation+0x71858]  CFRunLoopRunSpecific+0x128
C  [HIToolbox+0x2eaef]  RunCurrentEventLoopInMode+0xeb
C  [HIToolbox+0x2e86a]  ReceiveNextEventCommon+0x1af
C  [HIToolbox+0x2e6ab]  _BlockUntilNextEventMatchingListInModeWithFilter+0x47
C  [AppKit+0x23f81]  _DPSNextEvent+0x3c4
C  [AppKit+0x23730]  -[NSApplication nextEventMatchingMask:untilDate:inMode:dequeue:]+0xc2
C  [libosxapp.dylib+0x242a]  -[NSApplicationAWT nextEventMatchingMask:untilDate:inMode:dequeue:]+0x7c
C  [AppKit+0x17593]  -[NSApplication run]+0x252
C  [libosxapp.dylib+0x223e]  +[NSApplicationAWT runAWTLoopWithApp:]+0x9c
C  [libawt_lwawt.dylib+0x4494f]  -[AWTStarter starter:]+0x389
C  [Foundation+0x65cdc]  __NSThreadPerformPerform+0x125
C  [CoreFoundation+0x80681]  __CFRUNLOOP_IS_CALLING_OUT_TO_A_SOURCE0_PERFORM_FUNCTION__+0x11
C  [CoreFoundation+0x7280d]  __CFRunLoopDoSources0+0x10d
C  [CoreFoundation+0x71e3f]  __CFRunLoopRun+0x39f
C  [CoreFoundation+0x71858]  CFRunLoopRunSpecific+0x128
C  [java+0x56cc]