#
# A fatal error has been detected by the Java Runtime Environment:
#
#  SIGSEGV (0xb) at pc=0x00007fff934550dd, pid=1389, tid=1811
#
# JRE version: Java(TM) SE Runtime Environment (8.0_20-b26) (build 1.8.0_20-b26)
# Java VM: Java HotSpot(TM) 64-Bit Server VM (25.20-b23 mixed mode bsd-amd64 compressed oops)
# Problematic frame:
# C  [libobjc.A.dylib+0x10dd]  objc_msgSend+0x1d
#
# Failed to write core dump. Core dumps have been disabled. To enable core dumping, try "ulimit -c unlimited" before starting Java again
#
# If you would like to submit a bug report, please visit:
#   http://bugreport.sun.com/bugreport/crash.jsp
# The crash happened outside the Java Virtual Machine in native code.
# See problematic frame for where to report the bug.
#

---------------  T H R E A D  ---------------

Current thread (0x00007f88798ae000):  JavaThread "AppKit Thread" daemon [_thread_in_native, id=1811, stack(0x00007fff55c89000,0x00007fff56489000)]

siginfo: si_signo: 11 (SIGSEGV), si_code: 1 (SEGV_MAPERR), si_addr: 0x0000000000000018

Registers:
RAX=0x0000000000000000, RBX=0x00007f8878c67330, RCX=0x0000000000000000, RDX=0x00007f8878c67330
RSP=0x00007fff56482de8, RBP=0x00007fff56482e10, RSI=0x00007fff911a3381, RDI=0x00007f8878f38040
R8 =0x0000000000000001, R9 =0x0000000000000001, R10=0x00007fff911a3381, R11=0x0000000000000000
R12=0x0000000000000094, R13=0x00007f8878f5ce60, R14=0x00007f8878f38040, R15=0x00007fff56483300
RIP=0x00007fff934550dd, EFLAGS=0x0000000000010246, ERR=0x0000000000000004
  TRAPNO=0x000000000000000e

Top of Stack: (sp=0x00007fff56482de8)
0x00007fff56482de8:   000000012730b598 00007f8878c67330
0x00007fff56482df8:   000000012733fc60 00007f8878f5ce60
0x00007fff56482e08:   00007f8878c67330 00007fff564832f0
0x00007fff56482e18:   00007fff90884055 0000000000000000
0x00007fff56482e28:   0000000000000000 4094000000000000
0x00007fff56482e38:   4086800000000000 0000000000000000
0x00007fff56482e48:   0000000000000000 4094000000000000
0x00007fff56482e58:   4086800000000000 4094000000000000
0x00007fff56482e68:   4087300000000000 401c000000000000
0x00007fff56482e78:   4086980000000000 402c000000000000
0x00007fff56482e88:   4030000000000000 401c000000000000
0x00007fff56482e98:   0000000000000000 0000000000000000
0x00007fff56482ea8:   4030000000000000 00007fff91166139
0x00007fff56482eb8:   4008000000000000 00007f8878d411a0
0x00007fff56482ec8:   0000000100000000 0000000000000000
0x00007fff56482ed8:   00007f8878f40530 00007fff56483030
0x00007fff56482ee8:   00007fff90888c46 00007fff56483030
0x00007fff56482ef8:   00007fff9088af92 402c000000000000
0x00007fff56482f08:   4030000000000000 401c000000000000
0x00007fff56482f18:   4086980000000000 402c000000000000
0x00007fff56482f28:   4030000000000000 0000000000000000
0x00007fff56482f38:   0000000000000000 4094000000000000
0x00007fff56482f48:   4087300000000000 401c000000000000
0x00007fff56482f58:   4086980000000000 0000000109794a00
0x00007fff56482f68:   00007f8878e7ee10 00000000000000b0
0x00007fff56482f78:   0000000000000000 00000000000007ee
0x00007fff56482f88:   0000000109791000 00007fff56483030
0x00007fff56482f98:   00007fff9a9eb4ff 00000000000007ee
0x00007fff56482fa8:   0000000109791000 00007fff56483050
0x00007fff56482fb8:   00000000000007ef 00007fff564830bf
0x00007fff56482fc8:   0000000000000002 00007f8878efc080
0x00007fff56482fd8:   00007f8878e7ed20 0000000000000028 

Instructions: (pc=0x00007fff934550dd)
0x00007fff934550bd:   00 00 00 48 85 ff 2e 74 7a 40 f6 c7 01 2e 75 7e
0x00007fff934550cd:   49 bb f8 ff ff ff ff 7f 00 00 4c 23 1f 49 89 f2
0x00007fff934550dd:   45 23 53 18 49 c1 e2 04 4d 03 53 10 49 3b 32 75
0x00007fff934550ed:   04 41 ff 62 08 49 83 3a 00 74 6a 4d 3b 53 10 74 

Register to memory mapping:

RAX=0x0000000000000000 is an unknown value
RBX=0x00007f8878c67330 is an unknown value
RCX=0x0000000000000000 is an unknown value
RDX=0x00007f8878c67330 is an unknown value
RSP=0x00007fff56482de8 is pointing into the stack for thread: 0x00007f88798ae000
RBP=0x00007fff56482e10 is pointing into the stack for thread: 0x00007f88798ae000
RSI=0x00007fff911a3381: -[NSTitlebarContainerView transparent]+0x5e265 in /System/Library/Frameworks/AppKit.framework/Versions/C/AppKit at 0x00007fff907a2000
RDI=0x00007f8878f38040 is an unknown value
R8 =0x0000000000000001 is an unknown value
R9 =0x0000000000000001 is an unknown value
R10=0x00007fff911a3381: -[NSTitlebarContainerView transparent]+0x5e265 in /System/Library/Frameworks/AppKit.framework/Versions/C/AppKit at 0x00007fff907a2000
R11=0x0000000000000000 is an unknown value
R12=0x0000000000000094 is an unknown value
R13=0x00007f8878f5ce60 is an unknown value
R14=0x00007f8878f38040 is an unknown value
R15=0x00007fff56483300 is pointing into the stack for thread: 0x00007f88798ae000


Stack: [0x00007fff55c89000,0x00007fff56489000],  sp=0x00007fff56482de8,  free space=8167k
Native frames: (J=compiled Java code, j=interpreted, Vv=VM code, C=native code)
C  [libobjc.A.dylib+0x10dd]  objc_msgSend+0x1d
C  [AppKit+0xe2055]  -[NSView _recursiveDisplayRectIfNeededIgnoringOpacity:isVisibleRect:rectIsVisibleRectForView:topView:]+0x740
C  [AppKit+0xe30b0]  -[NSView _recursiveDisplayRectIfNeededIgnoringOpacity:isVisibleRect:rectIsVisibleRectForView:topView:]+0x179b
C  [AppKit+0xe1403]  -[NSThemeFrame _recursiveDisplayRectIfNeededIgnoringOpacity:isVisibleRect:rectIsVisibleRectForView:topView:]+0x14d
C  [AppKit+0xdd79b]  -[NSView _displayRectIgnoringOpacity:isVisibleRect:rectIsVisibleRectForView:]+0xac9
C  [AppKit+0x952be]  -[NSView displayIfNeeded]+0x754
C  [AppKit+0x94b19]  -[NSWindow displayIfNeeded]+0xec
C  [AppKit+0x94782]  _handleWindowNeedsDisplayOrLayoutOrUpdateConstraints+0x3a8
C  [Foundation+0x4b953]  __NSFireTimer+0x5f
C  [CoreFoundation+0xb72e4]  __CFRUNLOOP_IS_CALLING_OUT_TO_A_TIMER_CALLBACK_FUNCTION__+0x14
C  [CoreFoundation+0xb6f73]  __CFRunLoopDoTimer+0x423
C  [CoreFoundation+0x12a53d]  __CFRunLoopDoTimers+0x12d
C  [CoreFoundation+0x72608]  __CFRunLoopRun+0x7e8
C  [CoreFoundation+0x71bd8]  CFRunLoopRunSpecific+0x128
C  [HIToolbox+0x3256f]  RunCurrentEventLoopInMode+0xeb
C  [HIToolbox+0x322ea]  ReceiveNextEventCommon+0x1af
C  [HIToolbox+0x3212b]  _BlockUntilNextEventMatchingListInModeWithFilter+0x47
C  [AppKit+0x919bb]  _DPSNextEvent+0x3d2
C  [AppKit+0x90f68]  -[NSApplication nextEventMatchingMask:untilDate:inMode:dequeue:]+0x15a
C  [libosxapp.dylib+0x242a]  -[NSApplicationAWT nextEventMatchingMask:untilDate:inMode:dequeue:]+0x7c
C  [AppKit+0x86bf3]  -[NSApplication run]+0x252
C  [libosxapp.dylib+0x223e]  +[NSApplicationAWT runAWTLoopWithApp:]+0x9c
